# JRE version: Java(TM) SE Runtime Environment (8.0_131-b11) (build 1.8.0_131-b11)
# Java VM: Java HotSpot(TM) 64-Bit Server VM (25.131-b11 mixed mode bsd-amd64 compressed oops)
Heap:
 PSYoungGen      total 61440K, used 31979K [0x0000000795580000, 0x000000079a080000, 0x00000007c0000000)
  eden space 50176K, 63% used [0x0000000795580000,0x000000079749ad98,0x0000000798680000)
  from space 11264K, 1% used [0x0000000799580000,0x00000007995a0000,0x000000079a080000)
  to   space 13312K, 0% used [0x0000000798680000,0x0000000798680000,0x0000000799380000)
 ParOldGen       total 87552K, used 18974K [0x0000000740000000, 0x0000000745580000, 0x0000000795580000)
  object space 87552K, 21% used [0x0000000740000000,0x0000000741287af8,0x0000000745580000)
 Metaspace       used 19582K, capacity 19875K, committed 19968K, reserved 1067008K
  class space    used 1932K, capacity 2022K, committed 2048K, reserved 1048576K
GC Heap History (10 events):
Event: 85.650 GC heap before
{Heap before GC invocations=10 (full 0):
 PSYoungGen      total 58368K, used 57888K [0x0000000795580000, 0x000000079ab00000, 0x00000007c0000000)
  eden space 57856K, 100% used [0x0000000795580000,0x0000000798e00000,0x0000000798e00000)
  from space 512K, 6% used [0x0000000798f80000,0x0000000798f88000,0x0000000799000000)
  to   space 14848K, 0% used [0x0000000799c80000,0x0000000799c80000,0x000000079ab00000)
 ParOldGen       total 87552K, used 18806K [0x0000000740000000, 0x0000000745580000, 0x0000000795580000)
  object space 87552K, 21% used [0x0000000740000000,0x000000074125daf8,0x0000000745580000)
 Metaspace       used 19504K, capacity 19811K, committed 19968K, reserved 1067008K
  class space    used 1924K, capacity 2022K, committed 2048K, reserved 1048576K
Event: 85.652 GC heap after
Heap after GC invocations=10 (full 0):
 PSYoungGen      total 69632K, used 96K [0x0000000795580000, 0x000000079a980000, 0x00000007c0000000)
  eden space 56320K, 0% used [0x0000000795580000,0x0000000795580000,0x0000000798c80000)
  from space 13312K, 0% used [0x0000000799c80000,0x0000000799c98000,0x000000079a980000)
  to   space 14848K, 0% used [0x0000000798c80000,0x0000000798c80000,0x0000000799b00000)
 ParOldGen       total 87552K, used 18830K [0x0000000740000000, 0x0000000745580000, 0x0000000795580000)
  object space 87552K, 21% used [0x0000000740000000,0x0000000741263af8,0x0000000745580000)
 Metaspace       used 19504K, capacity 19811K, committed 19968K, reserved 1067008K
  class space    used 1924K, capacity 2022K, committed 2048K, reserved 1048576K
}
Event: 96.818 GC heap before
{Heap before GC invocations=11 (full 0):
 PSYoungGen      total 69632K, used 56416K [0x0000000795580000, 0x000000079a980000, 0x00000007c0000000)
  eden space 56320K, 100% used [0x0000000795580000,0x0000000798c80000,0x0000000798c80000)
  from space 13312K, 0% used [0x0000000799c80000,0x0000000799c98000,0x000000079a980000)
  to   space 14848K, 0% used [0x0000000798c80000,0x0000000798c80000,0x0000000799b00000)
 ParOldGen       total 87552K, used 18830K [0x0000000740000000, 0x0000000745580000, 0x0000000795580000)
  object space 87552K, 21% used [0x0000000740000000,0x0000000741263af8,0x0000000745580000)
 Metaspace       used 19504K, capacity 19811K, committed 19968K, reserved 1067008K
  class space    used 1924K, capacity 2022K, committed 2048K, reserved 1048576K
Event: 96.819 GC heap after
Heap after GC invocations=11 (full 0):
 PSYoungGen      total 55296K, used 64K [0x0000000795580000, 0x000000079a800000, 0x00000007c0000000)
  eden space 54784K, 0% used [0x0000000795580000,0x0000000795580000,0x0000000798b00000)
  from space 512K, 12% used [0x0000000798c80000,0x0000000798c90000,0x0000000798d00000)
  to   space 14848K, 0% used [0x0000000799980000,0x0000000799980000,0x000000079a800000)
 ParOldGen       total 87552K, used 18846K [0x0000000740000000, 0x0000000745580000, 0x0000000795580000)
  object space 87552K, 21% used [0x0000000740000000,0x0000000741267af8,0x0000000745580000)
 Metaspace       used 19504K, capacity 19811K, committed 19968K, reserved 1067008K
  class space    used 1924K, capacity 2022K, committed 2048K, reserved 1048576K
}
Event: 108.000 GC heap before
{Heap before GC invocations=12 (full 0):
 PSYoungGen      total 55296K, used 54848K [0x0000000795580000, 0x000000079a800000, 0x00000007c0000000)
  eden space 54784K, 100% used [0x0000000795580000,0x0000000798b00000,0x0000000798b00000)
  from space 512K, 12% used [0x0000000798c80000,0x0000000798c90000,0x0000000798d00000)
  to   space 14848K, 0% used [0x0000000799980000,0x0000000799980000,0x000000079a800000)
 ParOldGen       total 87552K, used 18846K [0x0000000740000000, 0x0000000745580000, 0x0000000795580000)
  object space 87552K, 21% used [0x0000000740000000,0x0000000741267af8,0x0000000745580000)
 Metaspace       used 19539K, capacity 19875K, committed 19968K, reserved 1067008K
  class space    used 1925K, capacity 2022K, committed 2048K, reserved 1048576K
Event: 108.001 GC heap after
Heap after GC invocations=12 (full 0):
 PSYoungGen      total 65536K, used 128K [0x0000000795580000, 0x000000079a580000, 0x00000007c0000000)
  eden space 53248K, 0% used [0x0000000795580000,0x0000000795580000,0x0000000798980000)
  from space 12288K, 1% used [0x0000000799980000,0x00000007999a0000,0x000000079a580000)
  to   space 14336K, 0% used [0x0000000798980000,0x0000000798980000,0x0000000799780000)
 ParOldGen       total 87552K, used 18886K [0x0000000740000000, 0x0000000745580000, 0x0000000795580000)
  object space 87552K, 21% used [0x0000000740000000,0x0000000741271af8,0x0000000745580000)
 Metaspace       used 19539K, capacity 19875K, committed 19968K, reserved 1067008K
  class space    used 1925K, capacity 2022K, committed 2048K, reserved 1048576K
}
Event: 118.717 GC heap before
{Heap before GC invocations=13 (full 0):
 PSYoungGen      total 65536K, used 53376K [0x0000000795580000, 0x000000079a580000, 0x00000007c0000000)
  eden space 53248K, 100% used [0x0000000795580000,0x0000000798980000,0x0000000798980000)
  from space 12288K, 1% used [0x0000000799980000,0x00000007999a0000,0x000000079a580000)
  to   space 14336K, 0% used [0x0000000798980000,0x0000000798980000,0x0000000799780000)
 ParOldGen       total 87552K, used 18886K [0x0000000740000000, 0x0000000745580000, 0x0000000795580000)
  object space 87552K, 21% used [0x0000000740000000,0x0000000741271af8,0x0000000745580000)
 Metaspace       used 19553K, capacity 19875K, committed 19968K, reserved 1067008K
  class space    used 1925K, capacity 2022K, committed 2048K, reserved 1048576K
Event: 118.719 GC heap after
Heap after GC invocations=13 (full 0):
 PSYoungGen      total 52224K, used 96K [0x0000000795580000, 0x000000079a300000, 0x00000007c0000000)
  eden space 51712K, 0% used [0x0000000795580000,0x0000000795580000,0x0000000798800000)
  from space 512K, 18% used [0x0000000798980000,0x0000000798998000,0x0000000798a00000)
  to   space 13824K, 0% used [0x0000000799580000,0x0000000799580000,0x000000079a300000)
 ParOldGen       total 87552K, used 18918K [0x0000000740000000, 0x0000000745580000, 0x0000000795580000)
  object space 87552K, 21% used [0x0000000740000000,0x0000000741279af8,0x0000000745580000)
 Metaspace       used 19553K, capacity 19875K, committed 19968K, reserved 1067008K
  class space    used 1925K, capacity 2022K, committed 2048K, reserved 1048576K
}
Event: 129.167 GC heap before
{Heap before GC invocations=14 (full 0):
 PSYoungGen      total 52224K, used 51808K [0x0000000795580000, 0x000000079a300000, 0x00000007c0000000)
  eden space 51712K, 100% used [0x0000000795580000,0x0000000798800000,0x0000000798800000)
  from space 512K, 18% used [0x0000000798980000,0x0000000798998000,0x0000000798a00000)
  to   space 13824K, 0% used [0x0000000799580000,0x0000000799580000,0x000000079a300000)
 ParOldGen       total 87552K, used 18918K [0x0000000740000000, 0x0000000745580000, 0x0000000795580000)
  object space 87552K, 21% used [0x0000000740000000,0x0000000741279af8,0x0000000745580000)
 Metaspace       used 19553K, capacity 19875K, committed 19968K, reserved 1067008K
  class space    used 1925K, capacity 2022K, committed 2048K, reserved 1048576K
Event: 129.168 GC heap after
Heap after GC invocations=14 (full 0):
 PSYoungGen      total 61440K, used 128K [0x0000000795580000, 0x000000079a080000, 0x00000007c0000000)
  eden space 50176K, 0% used [0x0000000795580000,0x0000000795580000,0x0000000798680000)
  from space 11264K, 1% used [0x0000000799580000,0x00000007995a0000,0x000000079a080000)
  to   space 13312K, 0% used [0x0000000798680000,0x0000000798680000,0x0000000799380000)
 ParOldGen       total 87552K, used 18974K [0x0000000740000000, 0x0000000745580000, 0x0000000795580000)
  object space 87552K, 21% used [0x0000000740000000,0x0000000741287af8,0x0000000745580000)
 Metaspace       used 19553K, capacity 19875K, committed 19968K, reserved 1067008K
  class space    used 1925K, capacity 2022K, committed 2048K, reserved 1048576K
}

