# JRE version: Java(TM) SE Runtime Environment (8.0_131-b11) (build 1.8.0_131-b11)
# Java VM: Java HotSpot(TM) 64-Bit Server VM (25.131-b11 mixed mode bsd-amd64 compressed oops)
Heap:
 PSYoungGen      total 151552K, used 63219K [0x000000076ab00000, 0x0000000775080000, 0x00000007c0000000)
  eden space 136704K, 38% used [0x000000076ab00000,0x000000076de6a820,0x0000000773080000)
  from space 14848K, 71% used [0x0000000774200000,0x0000000774c526e0,0x0000000775080000)
  to   space 16384K, 0% used [0x0000000773080000,0x0000000773080000,0x0000000774080000)
 ParOldGen       total 116736K, used 18130K [0x00000006c0000000, 0x00000006c7200000, 0x000000076ab00000)
  object space 116736K, 15% used [0x00000006c0000000,0x00000006c11b49c0,0x00000006c7200000)
 Metaspace       used 27808K, capacity 28173K, committed 28544K, reserved 1075200K
  class space    used 2222K, capacity 2342K, committed 2432K, reserved 1048576K
GC Heap History (10 events):
Event: 2.861 GC heap before
{Heap before GC invocations=3 (full 1):
 PSYoungGen      total 76288K, used 10749K [0x000000076ab00000, 0x0000000774000000, 0x00000007c0000000)
  eden space 65536K, 0% used [0x000000076ab00000,0x000000076ab00000,0x000000076eb00000)
  from space 10752K, 99% used [0x000000076f580000,0x000000076ffff4d0,0x0000000770000000)
  to   space 10752K, 0% used [0x000000076eb00000,0x000000076eb00000,0x000000076f580000)
 ParOldGen       total 175104K, used 6931K [0x00000006c0000000, 0x00000006cab00000, 0x000000076ab00000)
  object space 175104K, 3% used [0x00000006c0000000,0x00000006c06c4f68,0x00000006cab00000)
 Metaspace       used 20922K, capacity 21236K, committed 21296K, reserved 1069056K
  class space    used 2040K, capacity 2148K, committed 2176K, reserved 1048576K
Event: 2.907 GC heap after
Heap after GC invocations=3 (full 1):
 PSYoungGen      total 76288K, used 0K [0x000000076ab00000, 0x0000000774000000, 0x00000007c0000000)
  eden space 65536K, 0% used [0x000000076ab00000,0x000000076ab00000,0x000000076eb00000)
  from space 10752K, 0% used [0x000000076f580000,0x000000076f580000,0x0000000770000000)
  to   space 10752K, 0% used [0x000000076eb00000,0x000000076eb00000,0x000000076f580000)
 ParOldGen       total 116736K, used 17586K [0x00000006c0000000, 0x00000006c7200000, 0x000000076ab00000)
  object space 116736K, 15% used [0x00000006c0000000,0x00000006c112c9a0,0x00000006c7200000)
 Metaspace       used 20922K, capacity 21236K, committed 21296K, reserved 1069056K
  class space    used 2040K, capacity 2148K, committed 2176K, reserved 1048576K
}
Event: 5.799 GC heap before
{Heap before GC invocations=4 (full 1):
 PSYoungGen      total 76288K, used 65536K [0x000000076ab00000, 0x0000000774000000, 0x00000007c0000000)
  eden space 65536K, 100% used [0x000000076ab00000,0x000000076eb00000,0x000000076eb00000)
  from space 10752K, 0% used [0x000000076f580000,0x000000076f580000,0x0000000770000000)
  to   space 10752K, 0% used [0x000000076eb00000,0x000000076eb00000,0x000000076f580000)
 ParOldGen       total 116736K, used 17586K [0x00000006c0000000, 0x00000006c7200000, 0x000000076ab00000)
  object space 116736K, 15% used [0x00000006c0000000,0x00000006c112c9a0,0x00000006c7200000)
 Metaspace       used 27233K, capacity 27565K, committed 27776K, reserved 1075200K
  class space    used 2201K, capacity 2310K, committed 2432K, reserved 1048576K
Event: 5.808 GC heap after
Heap after GC invocations=4 (full 1):
 PSYoungGen      total 76288K, used 10271K [0x000000076ab00000, 0x0000000772300000, 0x00000007c0000000)
  eden space 65536K, 0% used [0x000000076ab00000,0x000000076ab00000,0x000000076eb00000)
  from space 10752K, 95% used [0x000000076eb00000,0x000000076f507c58,0x000000076f580000)
  to   space 10752K, 0% used [0x0000000771880000,0x0000000771880000,0x0000000772300000)
 ParOldGen       total 116736K, used 17594K [0x00000006c0000000, 0x00000006c7200000, 0x000000076ab00000)
  object space 116736K, 15% used [0x00000006c0000000,0x00000006c112e9a0,0x00000006c7200000)
 Metaspace       used 27233K, capacity 27565K, committed 27776K, reserved 1075200K
  class space    used 2201K, capacity 2310K, committed 2432K, reserved 1048576K
}
Event: 15.143 GC heap before
{Heap before GC invocations=5 (full 1):
 PSYoungGen      total 76288K, used 75807K [0x000000076ab00000, 0x0000000772300000, 0x00000007c0000000)
  eden space 65536K, 100% used [0x000000076ab00000,0x000000076eb00000,0x000000076eb00000)
  from space 10752K, 95% used [0x000000076eb00000,0x000000076f507c58,0x000000076f580000)
  to   space 10752K, 0% used [0x0000000771880000,0x0000000771880000,0x0000000772300000)
 ParOldGen       total 116736K, used 17594K [0x00000006c0000000, 0x00000006c7200000, 0x000000076ab00000)
  object space 116736K, 15% used [0x00000006c0000000,0x00000006c112e9a0,0x00000006c7200000)
 Metaspace       used 27652K, capacity 28013K, committed 28288K, reserved 1075200K
  class space    used 2201K, capacity 2310K, committed 2432K, reserved 1048576K
Event: 15.155 GC heap after
Heap after GC invocations=5 (full 1):
 PSYoungGen      total 108032K, used 10569K [0x000000076ab00000, 0x0000000772300000, 0x00000007c0000000)
  eden space 97280K, 0% used [0x000000076ab00000,0x000000076ab00000,0x0000000770a00000)
  from space 10752K, 98% used [0x0000000771880000,0x00000007722d26e0,0x0000000772300000)
  to   space 10752K, 0% used [0x0000000770e00000,0x0000000770e00000,0x0000000771880000)
 ParOldGen       total 116736K, used 18114K [0x00000006c0000000, 0x00000006c7200000, 0x000000076ab00000)
  object space 116736K, 15% used [0x00000006c0000000,0x00000006c11b09c0,0x00000006c7200000)
 Metaspace       used 27652K, capacity 28013K, committed 28288K, reserved 1075200K
  class space    used 2201K, capacity 2310K, committed 2432K, reserved 1048576K
}
Event: 33.292 GC heap before
{Heap before GC invocations=6 (full 1):
 PSYoungGen      total 108032K, used 107849K [0x000000076ab00000, 0x0000000772300000, 0x00000007c0000000)
  eden space 97280K, 100% used [0x000000076ab00000,0x0000000770a00000,0x0000000770a00000)
  from space 10752K, 98% used [0x0000000771880000,0x00000007722d26e0,0x0000000772300000)
  to   space 10752K, 0% used [0x0000000770e00000,0x0000000770e00000,0x0000000771880000)
 ParOldGen       total 116736K, used 18114K [0x00000006c0000000, 0x00000006c7200000, 0x000000076ab00000)
  object space 116736K, 15% used [0x00000006c0000000,0x00000006c11b09c0,0x00000006c7200000)
 Metaspace       used 27654K, capacity 28013K, committed 28288K, reserved 1075200K
  class space    used 2201K, capacity 2310K, committed 2432K, reserved 1048576K
Event: 33.300 GC heap after
Heap after GC invocations=6 (full 1):
 PSYoungGen      total 112128K, used 10523K [0x000000076ab00000, 0x0000000775280000, 0x00000007c0000000)
  eden space 101376K, 0% used [0x000000076ab00000,0x000000076ab00000,0x0000000770e00000)
  from space 10752K, 97% used [0x0000000770e00000,0x0000000771846cb8,0x0000000771880000)
  to   space 16896K, 0% used [0x0000000774200000,0x0000000774200000,0x0000000775280000)
 ParOldGen       total 116736K, used 18122K [0x00000006c0000000, 0x00000006c7200000, 0x000000076ab00000)
  object space 116736K, 15% used [0x00000006c0000000,0x00000006c11b29c0,0x00000006c7200000)
 Metaspace       used 27654K, capacity 28013K, committed 28288K, reserved 1075200K
  class space    used 2201K, capacity 2310K, committed 2432K, reserved 1048576K
}
Event: 52.060 GC heap before
{Heap before GC invocations=7 (full 1):
 PSYoungGen      total 112128K, used 111899K [0x000000076ab00000, 0x0000000775280000, 0x00000007c0000000)
  eden space 101376K, 100% used [0x000000076ab00000,0x0000000770e00000,0x0000000770e00000)
  from space 10752K, 97% used [0x0000000770e00000,0x0000000771846cb8,0x0000000771880000)
  to   space 16896K, 0% used [0x0000000774200000,0x0000000774200000,0x0000000775280000)
 ParOldGen       total 116736K, used 18122K [0x00000006c0000000, 0x00000006c7200000, 0x000000076ab00000)
  object space 116736K, 15% used [0x00000006c0000000,0x00000006c11b29c0,0x00000006c7200000)
 Metaspace       used 27666K, capacity 28013K, committed 28288K, reserved 1075200K
  class space    used 2201K, capacity 2310K, committed 2432K, reserved 1048576K
Event: 52.070 GC heap after
Heap after GC invocations=7 (full 1):
 PSYoungGen      total 151552K, used 10569K [0x000000076ab00000, 0x0000000775080000, 0x00000007c0000000)
  eden space 136704K, 0% used [0x000000076ab00000,0x000000076ab00000,0x0000000773080000)
  from space 14848K, 71% used [0x0000000774200000,0x0000000774c526e0,0x0000000775080000)
  to   space 16384K, 0% used [0x0000000773080000,0x0000000773080000,0x0000000774080000)
 ParOldGen       total 116736K, used 18130K [0x00000006c0000000, 0x00000006c7200000, 0x000000076ab00000)
  object space 116736K, 15% used [0x00000006c0000000,0x00000006c11b49c0,0x00000006c7200000)
 Metaspace       used 27666K, capacity 28013K, committed 28288K, reserved 1075200K
  class space    used 2201K, capacity 2310K, committed 2432K, reserved 1048576K
}

