# JRE version: Java(TM) SE Runtime Environment (8.0_131-b11) (build 1.8.0_131-b11)
# Java VM: Java HotSpot(TM) 64-Bit Server VM (25.131-b11 mixed mode bsd-amd64 compressed oops)
Heap:
 PSYoungGen      total 128512K, used 110341K [0x000000076ab00000, 0x0000000775d00000, 0x00000007c0000000)
  eden space 118784K, 84% used [0x000000076ab00000,0x0000000770d41610,0x0000000771f00000)
  from space 9728K, 99% used [0x0000000774900000,0x000000077527ff98,0x0000000775280000)
  to   space 10752K, 0% used [0x0000000775280000,0x0000000775280000,0x0000000775d00000)
 ParOldGen       total 115200K, used 18998K [0x00000006c0000000, 0x00000006c7080000, 0x000000076ab00000)
  object space 115200K, 16% used [0x00000006c0000000,0x00000006c128d840,0x00000006c7080000)
 Metaspace       used 27759K, capacity 28109K, committed 28288K, reserved 1075200K
  class space    used 2209K, capacity 2342K, committed 2432K, reserved 1048576K
GC Heap History (10 events):
Event: 129.434 GC heap before
{Heap before GC invocations=10 (full 1):
 PSYoungGen      total 147968K, used 147500K [0x000000076ab00000, 0x0000000777a00000, 0x00000007c0000000)
  eden space 136704K, 100% used [0x000000076ab00000,0x0000000773080000,0x0000000773080000)
  from space 11264K, 95% used [0x0000000776f00000,0x000000077798b138,0x0000000777a00000)
  to   space 15872K, 0% used [0x0000000775b00000,0x0000000775b00000,0x0000000776a80000)
 ParOldGen       total 115200K, used 17943K [0x00000006c0000000, 0x00000006c7080000, 0x000000076ab00000)
  object space 115200K, 15% used [0x00000006c0000000,0x00000006c1185d08,0x00000006c7080000)
 Metaspace       used 27695K, capacity 28013K, committed 28288K, reserved 1075200K
  class space    used 2201K, capacity 2310K, committed 2432K, reserved 1048576K
Event: 129.444 GC heap after
Heap after GC invocations=10 (full 1):
 PSYoungGen      total 143872K, used 10778K [0x000000076ab00000, 0x0000000776f80000, 0x00000007c0000000)
  eden space 132608K, 0% used [0x000000076ab00000,0x000000076ab00000,0x0000000772c80000)
  from space 11264K, 95% used [0x0000000775b00000,0x0000000776586b60,0x0000000776600000)
  to   space 9728K, 0% used [0x0000000776600000,0x0000000776600000,0x0000000776f80000)
 ParOldGen       total 115200K, used 17943K [0x00000006c0000000, 0x00000006c7080000, 0x000000076ab00000)
  object space 115200K, 15% used [0x00000006c0000000,0x00000006c1185d08,0x00000006c7080000)
 Metaspace       used 27695K, capacity 28013K, committed 28288K, reserved 1075200K
  class space    used 2201K, capacity 2310K, committed 2432K, reserved 1048576K
}
Event: 154.407 GC heap before
{Heap before GC invocations=11 (full 1):
 PSYoungGen      total 143872K, used 143386K [0x000000076ab00000, 0x0000000776f80000, 0x00000007c0000000)
  eden space 132608K, 100% used [0x000000076ab00000,0x0000000772c80000,0x0000000772c80000)
  from space 11264K, 95% used [0x0000000775b00000,0x0000000776586b60,0x0000000776600000)
  to   space 9728K, 0% used [0x0000000776600000,0x0000000776600000,0x0000000776f80000)
 ParOldGen       total 115200K, used 17943K [0x00000006c0000000, 0x00000006c7080000, 0x000000076ab00000)
  object space 115200K, 15% used [0x00000006c0000000,0x00000006c1185d08,0x00000006c7080000)
 Metaspace       used 27695K, capacity 28013K, committed 28288K, reserved 1075200K
  class space    used 2201K, capacity 2310K, committed 2432K, reserved 1048576K
Event: 154.416 GC heap after
Heap after GC invocations=11 (full 1):
 PSYoungGen      total 138752K, used 9713K [0x000000076ab00000, 0x0000000776f80000, 0x00000007c0000000)
  eden space 129024K, 0% used [0x000000076ab00000,0x000000076ab00000,0x0000000772900000)
  from space 9728K, 99% used [0x0000000776600000,0x0000000776f7c570,0x0000000776f80000)
  to   space 14848K, 0% used [0x0000000775280000,0x0000000775280000,0x0000000776100000)
 ParOldGen       total 115200K, used 18998K [0x00000006c0000000, 0x00000006c7080000, 0x000000076ab00000)
  object space 115200K, 16% used [0x00000006c0000000,0x00000006c128d840,0x00000006c7080000)
 Metaspace       used 27695K, capacity 28013K, committed 28288K, reserved 1075200K
  class space    used 2201K, capacity 2310K, committed 2432K, reserved 1048576K
}
Event: 178.481 GC heap before
{Heap before GC invocations=12 (full 1):
 PSYoungGen      total 138752K, used 138737K [0x000000076ab00000, 0x0000000776f80000, 0x00000007c0000000)
  eden space 129024K, 100% used [0x000000076ab00000,0x0000000772900000,0x0000000772900000)
  from space 9728K, 99% used [0x0000000776600000,0x0000000776f7c570,0x0000000776f80000)
  to   space 14848K, 0% used [0x0000000775280000,0x0000000775280000,0x0000000776100000)
 ParOldGen       total 115200K, used 18998K [0x00000006c0000000, 0x00000006c7080000, 0x000000076ab00000)
  object space 115200K, 16% used [0x00000006c0000000,0x00000006c128d840,0x00000006c7080000)
 Metaspace       used 27695K, capacity 28013K, committed 28288K, reserved 1075200K
  class space    used 2201K, capacity 2310K, committed 2432K, reserved 1048576K
Event: 178.490 GC heap after
Heap after GC invocations=12 (full 1):
 PSYoungGen      total 135680K, used 9745K [0x000000076ab00000, 0x0000000776680000, 0x00000007c0000000)
  eden space 125440K, 0% used [0x000000076ab00000,0x000000076ab00000,0x0000000772580000)
  from space 10240K, 95% used [0x0000000775280000,0x0000000775c04570,0x0000000775c80000)
  to   space 10240K, 0% used [0x0000000775c80000,0x0000000775c80000,0x0000000776680000)
 ParOldGen       total 115200K, used 18998K [0x00000006c0000000, 0x00000006c7080000, 0x000000076ab00000)
  object space 115200K, 16% used [0x00000006c0000000,0x00000006c128d840,0x00000006c7080000)
 Metaspace       used 27695K, capacity 28013K, committed 28288K, reserved 1075200K
  class space    used 2201K, capacity 2310K, committed 2432K, reserved 1048576K
}
Event: 202.002 GC heap before
{Heap before GC invocations=13 (full 1):
 PSYoungGen      total 135680K, used 135185K [0x000000076ab00000, 0x0000000776680000, 0x00000007c0000000)
  eden space 125440K, 100% used [0x000000076ab00000,0x0000000772580000,0x0000000772580000)
  from space 10240K, 95% used [0x0000000775280000,0x0000000775c04570,0x0000000775c80000)
  to   space 10240K, 0% used [0x0000000775c80000,0x0000000775c80000,0x0000000776680000)
 ParOldGen       total 115200K, used 18998K [0x00000006c0000000, 0x00000006c7080000, 0x000000076ab00000)
  object space 115200K, 16% used [0x00000006c0000000,0x00000006c128d840,0x00000006c7080000)
 Metaspace       used 27695K, capacity 28013K, committed 28288K, reserved 1075200K
  class space    used 2201K, capacity 2310K, committed 2432K, reserved 1048576K
Event: 202.008 GC heap after
Heap after GC invocations=13 (full 1):
 PSYoungGen      total 131584K, used 9727K [0x000000076ab00000, 0x0000000776600000, 0x00000007c0000000)
  eden space 121856K, 0% used [0x000000076ab00000,0x000000076ab00000,0x0000000772200000)
  from space 9728K, 99% used [0x0000000775c80000,0x00000007765fff98,0x0000000776600000)
  to   space 14848K, 0% used [0x0000000774900000,0x0000000774900000,0x0000000775780000)
 ParOldGen       total 115200K, used 18998K [0x00000006c0000000, 0x00000006c7080000, 0x000000076ab00000)
  object space 115200K, 16% used [0x00000006c0000000,0x00000006c128d840,0x00000006c7080000)
 Metaspace       used 27695K, capacity 28013K, committed 28288K, reserved 1075200K
  class space    used 2201K, capacity 2310K, committed 2432K, reserved 1048576K
}
Event: 224.857 GC heap before
{Heap before GC invocations=14 (full 1):
 PSYoungGen      total 131584K, used 131583K [0x000000076ab00000, 0x0000000776600000, 0x00000007c0000000)
  eden space 121856K, 100% used [0x000000076ab00000,0x0000000772200000,0x0000000772200000)
  from space 9728K, 99% used [0x0000000775c80000,0x00000007765fff98,0x0000000776600000)
  to   space 14848K, 0% used [0x0000000774900000,0x0000000774900000,0x0000000775780000)
 ParOldGen       total 115200K, used 18998K [0x00000006c0000000, 0x00000006c7080000, 0x000000076ab00000)
  object space 115200K, 16% used [0x00000006c0000000,0x00000006c128d840,0x00000006c7080000)
 Metaspace       used 27695K, capacity 28013K, committed 28288K, reserved 1075200K
  class space    used 2201K, capacity 2310K, committed 2432K, reserved 1048576K
Event: 224.875 GC heap after
Heap after GC invocations=14 (full 1):
 PSYoungGen      total 128512K, used 9727K [0x000000076ab00000, 0x0000000775d00000, 0x00000007c0000000)
  eden space 118784K, 0% used [0x000000076ab00000,0x000000076ab00000,0x0000000771f00000)
  from space 9728K, 99% used [0x0000000774900000,0x000000077527ff98,0x0000000775280000)
  to   space 10752K, 0% used [0x0000000775280000,0x0000000775280000,0x0000000775d00000)
 ParOldGen       total 115200K, used 18998K [0x00000006c0000000, 0x00000006c7080000, 0x000000076ab00000)
  object space 115200K, 16% used [0x00000006c0000000,0x00000006c128d840,0x00000006c7080000)
 Metaspace       used 27695K, capacity 28013K, committed 28288K, reserved 1075200K
  class space    used 2201K, capacity 2310K, committed 2432K, reserved 1048576K
}

