# JRE version: Java(TM) SE Runtime Environment (8.0_131-b11) (build 1.8.0_131-b11)
# Java VM: Java HotSpot(TM) 64-Bit Server VM (25.131-b11 mixed mode bsd-amd64 compressed oops)
Heap:
 PSYoungGen      total 61952K, used 20083K [0x0000000795580000, 0x000000079a080000, 0x00000007c0000000)
  eden space 56832K, 26% used [0x0000000795580000,0x000000079641d888,0x0000000798d00000)
  from space 5120K, 99% used [0x0000000799b80000,0x000000079a07f5f8,0x000000079a080000)
  to   space 5120K, 0% used [0x0000000799680000,0x0000000799680000,0x0000000799b80000)
 ParOldGen       total 71168K, used 18968K [0x0000000740000000, 0x0000000744580000, 0x0000000795580000)
  object space 71168K, 26% used [0x0000000740000000,0x00000007412861c0,0x0000000744580000)
 Metaspace       used 27230K, capacity 27601K, committed 27776K, reserved 1075200K
  class space    used 2212K, capacity 2342K, committed 2432K, reserved 1048576K
GC Heap History (10 events):
Event: 3.455 GC heap before
{Heap before GC invocations=1 (full 0):
 PSYoungGen      total 38400K, used 33280K [0x0000000795580000, 0x0000000798000000, 0x00000007c0000000)
  eden space 33280K, 100% used [0x0000000795580000,0x0000000797600000,0x0000000797600000)
  from space 5120K, 0% used [0x0000000797b00000,0x0000000797b00000,0x0000000798000000)
  to   space 5120K, 0% used [0x0000000797600000,0x0000000797600000,0x0000000797b00000)
 ParOldGen       total 87552K, used 0K [0x0000000740000000, 0x0000000745580000, 0x0000000795580000)
  object space 87552K, 0% used [0x0000000740000000,0x0000000740000000,0x0000000745580000)
 Metaspace       used 15935K, capacity 16267K, committed 16384K, reserved 1064960K
  class space    used 1641K, capacity 1760K, committed 1792K, reserved 1048576K
Event: 3.467 GC heap after
Heap after GC invocations=1 (full 0):
 PSYoungGen      total 38400K, used 5066K [0x0000000795580000, 0x0000000798000000, 0x00000007c0000000)
  eden space 33280K, 0% used [0x0000000795580000,0x0000000795580000,0x0000000797600000)
  from space 5120K, 98% used [0x0000000797600000,0x0000000797af2970,0x0000000797b00000)
  to   space 5120K, 0% used [0x0000000797b00000,0x0000000797b00000,0x0000000798000000)
 ParOldGen       total 87552K, used 8K [0x0000000740000000, 0x0000000745580000, 0x0000000795580000)
  object space 87552K, 0% used [0x0000000740000000,0x0000000740002000,0x0000000745580000)
 Metaspace       used 15935K, capacity 16267K, committed 16384K, reserved 1064960K
  class space    used 1641K, capacity 1760K, committed 1792K, reserved 1048576K
}
Event: 5.397 GC heap before
{Heap before GC invocations=2 (full 0):
 PSYoungGen      total 38400K, used 36151K [0x0000000795580000, 0x0000000798000000, 0x00000007c0000000)
  eden space 33280K, 93% used [0x0000000795580000,0x00000007973db4a0,0x0000000797600000)
  from space 5120K, 98% used [0x0000000797600000,0x0000000797af2970,0x0000000797b00000)
  to   space 5120K, 0% used [0x0000000797b00000,0x0000000797b00000,0x0000000798000000)
 ParOldGen       total 87552K, used 8K [0x0000000740000000, 0x0000000745580000, 0x0000000795580000)
  object space 87552K, 0% used [0x0000000740000000,0x0000000740002000,0x0000000745580000)
 Metaspace       used 19206K, capacity 19555K, committed 19840K, reserved 1067008K
  class space    used 1978K, capacity 2084K, committed 2176K, reserved 1048576K
Event: 5.414 GC heap after
Heap after GC invocations=2 (full 0):
 PSYoungGen      total 38400K, used 5116K [0x0000000795580000, 0x0000000798000000, 0x00000007c0000000)
  eden space 33280K, 0% used [0x0000000795580000,0x0000000795580000,0x0000000797600000)
  from space 5120K, 99% used [0x0000000797b00000,0x0000000797fff3f0,0x0000000798000000)
  to   space 5120K, 0% used [0x0000000797600000,0x0000000797600000,0x0000000797b00000)
 ParOldGen       total 87552K, used 4285K [0x0000000740000000, 0x0000000745580000, 0x0000000795580000)
  object space 87552K, 4% used [0x0000000740000000,0x000000074042f6d8,0x0000000745580000)
 Metaspace       used 19206K, capacity 19555K, committed 19840K, reserved 1067008K
  class space    used 1978K, capacity 2084K, committed 2176K, reserved 1048576K
}
Event: 5.608 GC heap before
{Heap before GC invocations=3 (full 0):
 PSYoungGen      total 38400K, used 27210K [0x0000000795580000, 0x0000000798000000, 0x00000007c0000000)
  eden space 33280K, 66% used [0x0000000795580000,0x0000000796b137f8,0x0000000797600000)
  from space 5120K, 99% used [0x0000000797b00000,0x0000000797fff3f0,0x0000000798000000)
  to   space 5120K, 0% used [0x0000000797600000,0x0000000797600000,0x0000000797b00000)
 ParOldGen       total 87552K, used 4285K [0x0000000740000000, 0x0000000745580000, 0x0000000795580000)
  object space 87552K, 4% used [0x0000000740000000,0x000000074042f6d8,0x0000000745580000)
 Metaspace       used 20939K, capacity 21240K, committed 21296K, reserved 1069056K
  class space    used 2045K, capacity 2148K, committed 2176K, reserved 1048576K
Event: 5.619 GC heap after
Heap after GC invocations=3 (full 0):
 PSYoungGen      total 38400K, used 5117K [0x0000000795580000, 0x000000079a080000, 0x00000007c0000000)
  eden space 33280K, 0% used [0x0000000795580000,0x0000000795580000,0x0000000797600000)
  from space 5120K, 99% used [0x0000000797600000,0x0000000797aff4a0,0x0000000797b00000)
  to   space 5120K, 0% used [0x0000000799b80000,0x0000000799b80000,0x000000079a080000)
 ParOldGen       total 87552K, used 13496K [0x0000000740000000, 0x0000000745580000, 0x0000000795580000)
  object space 87552K, 15% used [0x0000000740000000,0x0000000740d2e0e8,0x0000000745580000)
 Metaspace       used 20939K, capacity 21240K, committed 21296K, reserved 1069056K
  class space    used 2045K, capacity 2148K, committed 2176K, reserved 1048576K
}
Event: 5.619 GC heap before
{Heap before GC invocations=4 (full 1):
 PSYoungGen      total 38400K, used 5117K [0x0000000795580000, 0x000000079a080000, 0x00000007c0000000)
  eden space 33280K, 0% used [0x0000000795580000,0x0000000795580000,0x0000000797600000)
  from space 5120K, 99% used [0x0000000797600000,0x0000000797aff4a0,0x0000000797b00000)
  to   space 5120K, 0% used [0x0000000799b80000,0x0000000799b80000,0x000000079a080000)
 ParOldGen       total 87552K, used 13496K [0x0000000740000000, 0x0000000745580000, 0x0000000795580000)
  object space 87552K, 15% used [0x0000000740000000,0x0000000740d2e0e8,0x0000000745580000)
 Metaspace       used 20939K, capacity 21240K, committed 21296K, reserved 1069056K
  class space    used 2045K, capacity 2148K, committed 2176K, reserved 1048576K
Event: 5.656 GC heap after
Heap after GC invocations=4 (full 1):
 PSYoungGen      total 38400K, used 0K [0x0000000795580000, 0x000000079a080000, 0x00000007c0000000)
  eden space 33280K, 0% used [0x0000000795580000,0x0000000795580000,0x0000000797600000)
  from space 5120K, 0% used [0x0000000797600000,0x0000000797600000,0x0000000797b00000)
  to   space 5120K, 0% used [0x0000000799b80000,0x0000000799b80000,0x000000079a080000)
 ParOldGen       total 71168K, used 17596K [0x0000000740000000, 0x0000000744580000, 0x0000000795580000)
  object space 71168K, 24% used [0x0000000740000000,0x000000074112f208,0x0000000744580000)
 Metaspace       used 20939K, capacity 21240K, committed 21296K, reserved 1069056K
  class space    used 2045K, capacity 2148K, committed 2176K, reserved 1048576K
}
Event: 7.460 GC heap before
{Heap before GC invocations=5 (full 1):
 PSYoungGen      total 38400K, used 33280K [0x0000000795580000, 0x000000079a080000, 0x00000007c0000000)
  eden space 33280K, 100% used [0x0000000795580000,0x0000000797600000,0x0000000797600000)
  from space 5120K, 0% used [0x0000000797600000,0x0000000797600000,0x0000000797b00000)
  to   space 5120K, 0% used [0x0000000799b80000,0x0000000799b80000,0x000000079a080000)
 ParOldGen       total 71168K, used 17596K [0x0000000740000000, 0x0000000744580000, 0x0000000795580000)
  object space 71168K, 24% used [0x0000000740000000,0x000000074112f208,0x0000000744580000)
 Metaspace       used 25977K, capacity 26280K, committed 26624K, reserved 1073152K
  class space    used 2119K, capacity 2214K, committed 2304K, reserved 1048576K
Event: 7.466 GC heap after
Heap after GC invocations=5 (full 1):
 PSYoungGen      total 61952K, used 5117K [0x0000000795580000, 0x000000079a080000, 0x00000007c0000000)
  eden space 56832K, 0% used [0x0000000795580000,0x0000000795580000,0x0000000798d00000)
  from space 5120K, 99% used [0x0000000799b80000,0x000000079a07f5f8,0x000000079a080000)
  to   space 5120K, 0% used [0x0000000799680000,0x0000000799680000,0x0000000799b80000)
 ParOldGen       total 71168K, used 18968K [0x0000000740000000, 0x0000000744580000, 0x0000000795580000)
  object space 71168K, 26% used [0x0000000740000000,0x00000007412861c0,0x0000000744580000)
 Metaspace       used 25977K, capacity 26280K, committed 26624K, reserved 1073152K
  class space    used 2119K, capacity 2214K, committed 2304K, reserved 1048576K
}

