# JRE version: Java(TM) SE Runtime Environment (8.0_131-b11) (build 1.8.0_131-b11)
# Java VM: Java HotSpot(TM) 64-Bit Server VM (25.131-b11 mixed mode bsd-amd64 compressed oops)
Heap:
 PSYoungGen      total 99840K, used 56649K [0x0000000795580000, 0x000000079d200000, 0x00000007c0000000)
  eden space 84480K, 58% used [0x0000000795580000,0x0000000798573028,0x000000079a800000)
  from space 15360K, 49% used [0x000000079b600000,0x000000079bd5f6a0,0x000000079c500000)
  to   space 14336K, 0% used [0x000000079a800000,0x000000079a800000,0x000000079b600000)
 ParOldGen       total 73216K, used 21758K [0x0000000740000000, 0x0000000744780000, 0x0000000795580000)
  object space 73216K, 29% used [0x0000000740000000,0x000000074153fb58,0x0000000744780000)
 Metaspace       used 27977K, capacity 28305K, committed 28544K, reserved 1075200K
  class space    used 2234K, capacity 2342K, committed 2432K, reserved 1048576K
GC Heap History (10 events):
Event: 4.897 GC heap before
{Heap before GC invocations=3 (full 0):
 PSYoungGen      total 38400K, used 25241K [0x0000000795580000, 0x0000000798000000, 0x00000007c0000000)
  eden space 33280K, 60% used [0x0000000795580000,0x000000079692e070,0x0000000797600000)
  from space 5120K, 99% used [0x0000000797b00000,0x0000000797ff8760,0x0000000798000000)
  to   space 5120K, 0% used [0x0000000797600000,0x0000000797600000,0x0000000797b00000)
 ParOldGen       total 87552K, used 4260K [0x0000000740000000, 0x0000000745580000, 0x0000000795580000)
  object space 87552K, 4% used [0x0000000740000000,0x0000000740429140,0x0000000745580000)
 Metaspace       used 20923K, capacity 21240K, committed 21296K, reserved 1069056K
  class space    used 2045K, capacity 2148K, committed 2176K, reserved 1048576K
Event: 4.913 GC heap after
Heap after GC invocations=3 (full 0):
 PSYoungGen      total 38400K, used 5112K [0x0000000795580000, 0x000000079a080000, 0x00000007c0000000)
  eden space 33280K, 0% used [0x0000000795580000,0x0000000795580000,0x0000000797600000)
  from space 5120K, 99% used [0x0000000797600000,0x0000000797afe110,0x0000000797b00000)
  to   space 5120K, 0% used [0x0000000799b80000,0x0000000799b80000,0x000000079a080000)
 ParOldGen       total 87552K, used 12983K [0x0000000740000000, 0x0000000745580000, 0x0000000795580000)
  object space 87552K, 14% used [0x0000000740000000,0x0000000740cade38,0x0000000745580000)
 Metaspace       used 20923K, capacity 21240K, committed 21296K, reserved 1069056K
  class space    used 2045K, capacity 2148K, committed 2176K, reserved 1048576K
}
Event: 4.913 GC heap before
{Heap before GC invocations=4 (full 1):
 PSYoungGen      total 38400K, used 5112K [0x0000000795580000, 0x000000079a080000, 0x00000007c0000000)
  eden space 33280K, 0% used [0x0000000795580000,0x0000000795580000,0x0000000797600000)
  from space 5120K, 99% used [0x0000000797600000,0x0000000797afe110,0x0000000797b00000)
  to   space 5120K, 0% used [0x0000000799b80000,0x0000000799b80000,0x000000079a080000)
 ParOldGen       total 87552K, used 12983K [0x0000000740000000, 0x0000000745580000, 0x0000000795580000)
  object space 87552K, 14% used [0x0000000740000000,0x0000000740cade38,0x0000000745580000)
 Metaspace       used 20923K, capacity 21240K, committed 21296K, reserved 1069056K
  class space    used 2045K, capacity 2148K, committed 2176K, reserved 1048576K
Event: 4.976 GC heap after
Heap after GC invocations=4 (full 1):
 PSYoungGen      total 38400K, used 0K [0x0000000795580000, 0x000000079a080000, 0x00000007c0000000)
  eden space 33280K, 0% used [0x0000000795580000,0x0000000795580000,0x0000000797600000)
  from space 5120K, 0% used [0x0000000797600000,0x0000000797600000,0x0000000797b00000)
  to   space 5120K, 0% used [0x0000000799b80000,0x0000000799b80000,0x000000079a080000)
 ParOldGen       total 73216K, used 17100K [0x0000000740000000, 0x0000000744780000, 0x0000000795580000)
  object space 73216K, 23% used [0x0000000740000000,0x00000007410b3360,0x0000000744780000)
 Metaspace       used 20923K, capacity 21240K, committed 21296K, reserved 1069056K
  class space    used 2045K, capacity 2148K, committed 2176K, reserved 1048576K
}
Event: 6.438 GC heap before
{Heap before GC invocations=5 (full 1):
 PSYoungGen      total 38400K, used 33276K [0x0000000795580000, 0x000000079a080000, 0x00000007c0000000)
  eden space 33280K, 99% used [0x0000000795580000,0x00000007975ff3c8,0x0000000797600000)
  from space 5120K, 0% used [0x0000000797600000,0x0000000797600000,0x0000000797b00000)
  to   space 5120K, 0% used [0x0000000799b80000,0x0000000799b80000,0x000000079a080000)
 ParOldGen       total 73216K, used 17100K [0x0000000740000000, 0x0000000744780000, 0x0000000795580000)
  object space 73216K, 23% used [0x0000000740000000,0x00000007410b3360,0x0000000744780000)
 Metaspace       used 25735K, capacity 26088K, committed 26368K, reserved 1073152K
  class space    used 2104K, capacity 2214K, committed 2304K, reserved 1048576K
Event: 6.443 GC heap after
Heap after GC invocations=5 (full 1):
 PSYoungGen      total 58880K, used 5103K [0x0000000795580000, 0x000000079a080000, 0x00000007c0000000)
  eden space 53760K, 0% used [0x0000000795580000,0x0000000795580000,0x0000000798a00000)
  from space 5120K, 99% used [0x0000000799b80000,0x000000079a07bdd8,0x000000079a080000)
  to   space 5120K, 0% used [0x0000000799680000,0x0000000799680000,0x0000000799b80000)
 ParOldGen       total 73216K, used 17155K [0x0000000740000000, 0x0000000744780000, 0x0000000795580000)
  object space 73216K, 23% used [0x0000000740000000,0x00000007410c0fb8,0x0000000744780000)
 Metaspace       used 25735K, capacity 26088K, committed 26368K, reserved 1073152K
  class space    used 2104K, capacity 2214K, committed 2304K, reserved 1048576K
}
Event: 9.576 GC heap before
{Heap before GC invocations=6 (full 1):
 PSYoungGen      total 58880K, used 58653K [0x0000000795580000, 0x000000079a080000, 0x00000007c0000000)
  eden space 53760K, 99% used [0x0000000795580000,0x00000007989cb708,0x0000000798a00000)
  from space 5120K, 99% used [0x0000000799b80000,0x000000079a07bdd8,0x000000079a080000)
  to   space 5120K, 0% used [0x0000000799680000,0x0000000799680000,0x0000000799b80000)
 ParOldGen       total 73216K, used 17155K [0x0000000740000000, 0x0000000744780000, 0x0000000795580000)
  object space 73216K, 23% used [0x0000000740000000,0x00000007410c0fb8,0x0000000744780000)
 Metaspace       used 27270K, capacity 27569K, committed 27776K, reserved 1075200K
  class space    used 2203K, capacity 2310K, committed 2432K, reserved 1048576K
Event: 9.586 GC heap after
Heap after GC invocations=6 (full 1):
 PSYoungGen      total 71680K, used 5102K [0x0000000795580000, 0x000000079c500000, 0x00000007c0000000)
  eden space 66560K, 0% used [0x0000000795580000,0x0000000795580000,0x0000000799680000)
  from space 5120K, 99% used [0x0000000799680000,0x0000000799b7bbf8,0x0000000799b80000)
  to   space 15360K, 0% used [0x000000079b600000,0x000000079b600000,0x000000079c500000)
 ParOldGen       total 73216K, used 21750K [0x0000000740000000, 0x0000000744780000, 0x0000000795580000)
  object space 73216K, 29% used [0x0000000740000000,0x000000074153db58,0x0000000744780000)
 Metaspace       used 27270K, capacity 27569K, committed 27776K, reserved 1075200K
  class space    used 2203K, capacity 2310K, committed 2432K, reserved 1048576K
}
Event: 13.253 GC heap before
{Heap before GC invocations=7 (full 1):
 PSYoungGen      total 71680K, used 71662K [0x0000000795580000, 0x000000079c500000, 0x00000007c0000000)
  eden space 66560K, 100% used [0x0000000795580000,0x0000000799680000,0x0000000799680000)
  from space 5120K, 99% used [0x0000000799680000,0x0000000799b7bbf8,0x0000000799b80000)
  to   space 15360K, 0% used [0x000000079b600000,0x000000079b600000,0x000000079c500000)
 ParOldGen       total 73216K, used 21750K [0x0000000740000000, 0x0000000744780000, 0x0000000795580000)
  object space 73216K, 29% used [0x0000000740000000,0x000000074153db58,0x0000000744780000)
 Metaspace       used 27789K, capacity 28145K, committed 28544K, reserved 1075200K
  class space    used 2225K, capacity 2310K, committed 2432K, reserved 1048576K
Event: 13.260 GC heap after
Heap after GC invocations=7 (full 1):
 PSYoungGen      total 99840K, used 7549K [0x0000000795580000, 0x000000079d200000, 0x00000007c0000000)
  eden space 84480K, 0% used [0x0000000795580000,0x0000000795580000,0x000000079a800000)
  from space 15360K, 49% used [0x000000079b600000,0x000000079bd5f6a0,0x000000079c500000)
  to   space 14336K, 0% used [0x000000079a800000,0x000000079a800000,0x000000079b600000)
 ParOldGen       total 73216K, used 21758K [0x0000000740000000, 0x0000000744780000, 0x0000000795580000)
  object space 73216K, 29% used [0x0000000740000000,0x000000074153fb58,0x0000000744780000)
 Metaspace       used 27789K, capacity 28145K, committed 28544K, reserved 1075200K
  class space    used 2225K, capacity 2310K, committed 2432K, reserved 1048576K
}

