# JRE version: Java(TM) SE Runtime Environment (8.0_131-b11) (build 1.8.0_131-b11)
# Java VM: Java HotSpot(TM) 64-Bit Server VM (25.131-b11 mixed mode bsd-amd64 compressed oops)
Heap:
 PSYoungGen      total 147968K, used 10566K [0x0000000795580000, 0x000000079f480000, 0x00000007c0000000)
  eden space 133120K, 4% used [0x0000000795580000,0x0000000795b00df0,0x000000079d780000)
  from space 14848K, 33% used [0x000000079e600000,0x000000079ead0cb0,0x000000079f480000)
  to   space 14848K, 0% used [0x000000079d780000,0x000000079d780000,0x000000079e600000)
 ParOldGen       total 87552K, used 18207K [0x0000000740000000, 0x0000000745580000, 0x0000000795580000)
  object space 87552K, 20% used [0x0000000740000000,0x00000007411c7d18,0x0000000745580000)
 Metaspace       used 19533K, capacity 19875K, committed 20224K, reserved 1067008K
  class space    used 1929K, capacity 2022K, committed 2048K, reserved 1048576K
GC Heap History (10 events):
Event: 6.243 GC heap before
{Heap before GC invocations=2 (full 0):
 PSYoungGen      total 38400K, used 38311K [0x0000000795580000, 0x0000000798000000, 0x00000007c0000000)
  eden space 33280K, 100% used [0x0000000795580000,0x0000000797600000,0x0000000797600000)
  from space 5120K, 98% used [0x0000000797600000,0x0000000797ae9d28,0x0000000797b00000)
  to   space 5120K, 0% used [0x0000000797b00000,0x0000000797b00000,0x0000000798000000)
 ParOldGen       total 87552K, used 8K [0x0000000740000000, 0x0000000745580000, 0x0000000795580000)
  object space 87552K, 0% used [0x0000000740000000,0x0000000740002000,0x0000000745580000)
 Metaspace       used 18313K, capacity 18607K, committed 18944K, reserved 1067008K
  class space    used 1876K, capacity 1986K, committed 2048K, reserved 1048576K
Event: 6.261 GC heap after
Heap after GC invocations=2 (full 0):
 PSYoungGen      total 38400K, used 5107K [0x0000000795580000, 0x0000000798000000, 0x00000007c0000000)
  eden space 33280K, 0% used [0x0000000795580000,0x0000000795580000,0x0000000797600000)
  from space 5120K, 99% used [0x0000000797b00000,0x0000000797ffccc0,0x0000000798000000)
  to   space 5120K, 0% used [0x0000000797600000,0x0000000797600000,0x0000000797b00000)
 ParOldGen       total 87552K, used 7126K [0x0000000740000000, 0x0000000745580000, 0x0000000795580000)
  object space 87552K, 8% used [0x0000000740000000,0x00000007406f5a08,0x0000000745580000)
 Metaspace       used 18313K, capacity 18607K, committed 18944K, reserved 1067008K
  class space    used 1876K, capacity 1986K, committed 2048K, reserved 1048576K
}
Event: 6.807 GC heap before
{Heap before GC invocations=3 (full 0):
 PSYoungGen      total 38400K, used 38133K [0x0000000795580000, 0x0000000798000000, 0x00000007c0000000)
  eden space 33280K, 99% used [0x0000000795580000,0x00000007975c0928,0x0000000797600000)
  from space 5120K, 99% used [0x0000000797b00000,0x0000000797ffccc0,0x0000000798000000)
  to   space 5120K, 0% used [0x0000000797600000,0x0000000797600000,0x0000000797b00000)
 ParOldGen       total 87552K, used 7126K [0x0000000740000000, 0x0000000745580000, 0x0000000795580000)
  object space 87552K, 8% used [0x0000000740000000,0x00000007406f5a08,0x0000000745580000)
 Metaspace       used 18554K, capacity 18863K, committed 19200K, reserved 1067008K
  class space    used 1900K, capacity 1986K, committed 2048K, reserved 1048576K
Event: 6.820 GC heap after
Heap after GC invocations=3 (full 0):
 PSYoungGen      total 38400K, used 5107K [0x0000000795580000, 0x000000079a080000, 0x00000007c0000000)
  eden space 33280K, 0% used [0x0000000795580000,0x0000000795580000,0x0000000797600000)
  from space 5120K, 99% used [0x0000000797600000,0x0000000797afcd00,0x0000000797b00000)
  to   space 5120K, 0% used [0x0000000799b80000,0x0000000799b80000,0x000000079a080000)
 ParOldGen       total 87552K, used 11838K [0x0000000740000000, 0x0000000745580000, 0x0000000795580000)
  object space 87552K, 13% used [0x0000000740000000,0x0000000740b8fa28,0x0000000745580000)
 Metaspace       used 18554K, capacity 18863K, committed 19200K, reserved 1067008K
  class space    used 1900K, capacity 1986K, committed 2048K, reserved 1048576K
}
Event: 7.328 GC heap before
{Heap before GC invocations=4 (full 0):
 PSYoungGen      total 38400K, used 38376K [0x0000000795580000, 0x000000079a080000, 0x00000007c0000000)
  eden space 33280K, 99% used [0x0000000795580000,0x00000007975fd3f0,0x0000000797600000)
  from space 5120K, 99% used [0x0000000797600000,0x0000000797afcd00,0x0000000797b00000)
  to   space 5120K, 0% used [0x0000000799b80000,0x0000000799b80000,0x000000079a080000)
 ParOldGen       total 87552K, used 11838K [0x0000000740000000, 0x0000000745580000, 0x0000000795580000)
  object space 87552K, 13% used [0x0000000740000000,0x0000000740b8fa28,0x0000000745580000)
 Metaspace       used 18828K, capacity 19151K, committed 19456K, reserved 1067008K
  class space    used 1910K, capacity 2018K, committed 2048K, reserved 1048576K
Event: 7.354 GC heap after
Heap after GC invocations=4 (full 0):
 PSYoungGen      total 71680K, used 5091K [0x0000000795580000, 0x000000079a080000, 0x00000007c0000000)
  eden space 66560K, 0% used [0x0000000795580000,0x0000000795580000,0x0000000799680000)
  from space 5120K, 99% used [0x0000000799b80000,0x000000079a078cc0,0x000000079a080000)
  to   space 5120K, 0% used [0x0000000799680000,0x0000000799680000,0x0000000799b80000)
 ParOldGen       total 87552K, used 17943K [0x0000000740000000, 0x0000000745580000, 0x0000000795580000)
  object space 87552K, 20% used [0x0000000740000000,0x0000000741185d08,0x0000000745580000)
 Metaspace       used 18828K, capacity 19151K, committed 19456K, reserved 1067008K
  class space    used 1910K, capacity 2018K, committed 2048K, reserved 1048576K
}
Event: 16.643 GC heap before
{Heap before GC invocations=5 (full 0):
 PSYoungGen      total 71680K, used 71651K [0x0000000795580000, 0x000000079a080000, 0x00000007c0000000)
  eden space 66560K, 100% used [0x0000000795580000,0x0000000799680000,0x0000000799680000)
  from space 5120K, 99% used [0x0000000799b80000,0x000000079a078cc0,0x000000079a080000)
  to   space 5120K, 0% used [0x0000000799680000,0x0000000799680000,0x0000000799b80000)
 ParOldGen       total 87552K, used 17943K [0x0000000740000000, 0x0000000745580000, 0x0000000795580000)
  object space 87552K, 20% used [0x0000000740000000,0x0000000741185d08,0x0000000745580000)
 Metaspace       used 19391K, capacity 19747K, committed 19968K, reserved 1067008K
  class space    used 1920K, capacity 2022K, committed 2048K, reserved 1048576K
Event: 16.653 GC heap after
Heap after GC invocations=5 (full 0):
 PSYoungGen      total 71680K, used 4931K [0x0000000795580000, 0x000000079f480000, 0x00000007c0000000)
  eden space 66560K, 0% used [0x0000000795580000,0x0000000795580000,0x0000000799680000)
  from space 5120K, 96% used [0x0000000799680000,0x0000000799b50cb0,0x0000000799b80000)
  to   space 14848K, 0% used [0x000000079e600000,0x000000079e600000,0x000000079f480000)
 ParOldGen       total 87552K, used 18207K [0x0000000740000000, 0x0000000745580000, 0x0000000795580000)
  object space 87552K, 20% used [0x0000000740000000,0x00000007411c7d18,0x0000000745580000)
 Metaspace       used 19391K, capacity 19747K, committed 19968K, reserved 1067008K
  class space    used 1920K, capacity 2022K, committed 2048K, reserved 1048576K
}
Event: 26.608 GC heap before
{Heap before GC invocations=6 (full 0):
 PSYoungGen      total 71680K, used 71491K [0x0000000795580000, 0x000000079f480000, 0x00000007c0000000)
  eden space 66560K, 100% used [0x0000000795580000,0x0000000799680000,0x0000000799680000)
  from space 5120K, 96% used [0x0000000799680000,0x0000000799b50cb0,0x0000000799b80000)
  to   space 14848K, 0% used [0x000000079e600000,0x000000079e600000,0x000000079f480000)
 ParOldGen       total 87552K, used 18207K [0x0000000740000000, 0x0000000745580000, 0x0000000795580000)
  object space 87552K, 20% used [0x0000000740000000,0x00000007411c7d18,0x0000000745580000)
 Metaspace       used 19498K, capacity 19811K, committed 19968K, reserved 1067008K
  class space    used 1921K, capacity 2022K, committed 2048K, reserved 1048576K
Event: 26.620 GC heap after
Heap after GC invocations=6 (full 0):
 PSYoungGen      total 147968K, used 4931K [0x0000000795580000, 0x000000079f480000, 0x00000007c0000000)
  eden space 133120K, 0% used [0x0000000795580000,0x0000000795580000,0x000000079d780000)
  from space 14848K, 33% used [0x000000079e600000,0x000000079ead0cb0,0x000000079f480000)
  to   space 14848K, 0% used [0x000000079d780000,0x000000079d780000,0x000000079e600000)
 ParOldGen       total 87552K, used 18207K [0x0000000740000000, 0x0000000745580000, 0x0000000795580000)
  object space 87552K, 20% used [0x0000000740000000,0x00000007411c7d18,0x0000000745580000)
 Metaspace       used 19498K, capacity 19811K, committed 19968K, reserved 1067008K
  class space    used 1921K, capacity 2022K, committed 2048K, reserved 1048576K
}

