# JRE version: Java(TM) SE Runtime Environment (8.0_131-b11) (build 1.8.0_131-b11)
# Java VM: Java HotSpot(TM) 64-Bit Server VM (25.131-b11 mixed mode bsd-amd64 compressed oops)
Heap:
 PSYoungGen      total 125440K, used 24300K [0x0000000795580000, 0x000000079ef00000, 0x00000007c0000000)
  eden space 107520K, 7% used [0x0000000795580000,0x0000000795d9b518,0x000000079be80000)
  from space 17920K, 89% used [0x000000079d280000,0x000000079e21fe48,0x000000079e400000)
  to   space 20480K, 0% used [0x000000079be80000,0x000000079be80000,0x000000079d280000)
 ParOldGen       total 65024K, used 29915K [0x0000000740000000, 0x0000000743f80000, 0x0000000795580000)
  object space 65024K, 46% used [0x0000000740000000,0x0000000741d36d30,0x0000000743f80000)
 Metaspace       used 27255K, capacity 27577K, committed 27904K, reserved 1075200K
  class space    used 2169K, capacity 2276K, committed 2304K, reserved 1048576K
GC Heap History (10 events):
Event: 5.302 GC heap before
{Heap before GC invocations=3 (full 0):
 PSYoungGen      total 38400K, used 15470K [0x0000000795580000, 0x0000000798000000, 0x00000007c0000000)
  eden space 33280K, 31% used [0x0000000795580000,0x0000000795f9bec8,0x0000000797600000)
  from space 5120K, 99% used [0x0000000797b00000,0x0000000797fffd00,0x0000000798000000)
  to   space 5120K, 0% used [0x0000000797600000,0x0000000797600000,0x0000000797b00000)
 ParOldGen       total 87552K, used 9003K [0x0000000740000000, 0x0000000745580000, 0x0000000795580000)
  object space 87552K, 10% used [0x0000000740000000,0x00000007408cad30,0x0000000745580000)
 Metaspace       used 20897K, capacity 21184K, committed 21296K, reserved 1069056K
  class space    used 2023K, capacity 2114K, committed 2176K, reserved 1048576K
Event: 5.314 GC heap after
Heap after GC invocations=3 (full 0):
 PSYoungGen      total 38400K, used 3792K [0x0000000795580000, 0x000000079a080000, 0x00000007c0000000)
  eden space 33280K, 0% used [0x0000000795580000,0x0000000795580000,0x0000000797600000)
  from space 5120K, 74% used [0x0000000797600000,0x00000007979b4170,0x0000000797b00000)
  to   space 5120K, 0% used [0x0000000799b80000,0x0000000799b80000,0x000000079a080000)
 ParOldGen       total 87552K, used 13515K [0x0000000740000000, 0x0000000745580000, 0x0000000795580000)
  object space 87552K, 15% used [0x0000000740000000,0x0000000740d32d80,0x0000000745580000)
 Metaspace       used 20897K, capacity 21184K, committed 21296K, reserved 1069056K
  class space    used 2023K, capacity 2114K, committed 2176K, reserved 1048576K
}
Event: 5.314 GC heap before
{Heap before GC invocations=4 (full 1):
 PSYoungGen      total 38400K, used 3792K [0x0000000795580000, 0x000000079a080000, 0x00000007c0000000)
  eden space 33280K, 0% used [0x0000000795580000,0x0000000795580000,0x0000000797600000)
  from space 5120K, 74% used [0x0000000797600000,0x00000007979b4170,0x0000000797b00000)
  to   space 5120K, 0% used [0x0000000799b80000,0x0000000799b80000,0x000000079a080000)
 ParOldGen       total 87552K, used 13515K [0x0000000740000000, 0x0000000745580000, 0x0000000795580000)
  object space 87552K, 15% used [0x0000000740000000,0x0000000740d32d80,0x0000000745580000)
 Metaspace       used 20897K, capacity 21184K, committed 21296K, reserved 1069056K
  class space    used 2023K, capacity 2114K, committed 2176K, reserved 1048576K
Event: 5.393 GC heap after
Heap after GC invocations=4 (full 1):
 PSYoungGen      total 38400K, used 0K [0x0000000795580000, 0x000000079a080000, 0x00000007c0000000)
  eden space 33280K, 0% used [0x0000000795580000,0x0000000795580000,0x0000000797600000)
  from space 5120K, 0% used [0x0000000797600000,0x0000000797600000,0x0000000797b00000)
  to   space 5120K, 0% used [0x0000000799b80000,0x0000000799b80000,0x000000079a080000)
 ParOldGen       total 65024K, used 17131K [0x0000000740000000, 0x0000000743f80000, 0x0000000795580000)
  object space 65024K, 26% used [0x0000000740000000,0x00000007410bad28,0x0000000743f80000)
 Metaspace       used 20897K, capacity 21184K, committed 21296K, reserved 1069056K
  class space    used 2023K, capacity 2114K, committed 2176K, reserved 1048576K
}
Event: 7.531 GC heap before
{Heap before GC invocations=5 (full 1):
 PSYoungGen      total 38400K, used 33280K [0x0000000795580000, 0x000000079a080000, 0x00000007c0000000)
  eden space 33280K, 100% used [0x0000000795580000,0x0000000797600000,0x0000000797600000)
  from space 5120K, 0% used [0x0000000797600000,0x0000000797600000,0x0000000797b00000)
  to   space 5120K, 0% used [0x0000000799b80000,0x0000000799b80000,0x000000079a080000)
 ParOldGen       total 65024K, used 17131K [0x0000000740000000, 0x0000000743f80000, 0x0000000795580000)
  object space 65024K, 26% used [0x0000000740000000,0x00000007410bad28,0x0000000743f80000)
 Metaspace       used 26349K, capacity 26698K, committed 26880K, reserved 1075200K
  class space    used 2160K, capacity 2275K, committed 2304K, reserved 1048576K
Event: 7.577 GC heap after
Heap after GC invocations=5 (full 1):
 PSYoungGen      total 66560K, used 5096K [0x0000000795580000, 0x000000079a080000, 0x00000007c0000000)
  eden space 61440K, 0% used [0x0000000795580000,0x0000000795580000,0x0000000799180000)
  from space 5120K, 99% used [0x0000000799b80000,0x000000079a07a2e8,0x000000079a080000)
  to   space 5120K, 0% used [0x0000000799680000,0x0000000799680000,0x0000000799b80000)
 ParOldGen       total 65024K, used 22078K [0x0000000740000000, 0x0000000743f80000, 0x0000000795580000)
  object space 65024K, 33% used [0x0000000740000000,0x000000074158f8c0,0x0000000743f80000)
 Metaspace       used 26349K, capacity 26698K, committed 26880K, reserved 1075200K
  class space    used 2160K, capacity 2275K, committed 2304K, reserved 1048576K
}
Event: 11.863 GC heap before
{Heap before GC invocations=6 (full 1):
 PSYoungGen      total 66560K, used 66536K [0x0000000795580000, 0x000000079a080000, 0x00000007c0000000)
  eden space 61440K, 100% used [0x0000000795580000,0x0000000799180000,0x0000000799180000)
  from space 5120K, 99% used [0x0000000799b80000,0x000000079a07a2e8,0x000000079a080000)
  to   space 5120K, 0% used [0x0000000799680000,0x0000000799680000,0x0000000799b80000)
 ParOldGen       total 65024K, used 22078K [0x0000000740000000, 0x0000000743f80000, 0x0000000795580000)
  object space 65024K, 33% used [0x0000000740000000,0x000000074158f8c0,0x0000000743f80000)
 Metaspace       used 26999K, capacity 27379K, committed 27648K, reserved 1075200K
  class space    used 2161K, capacity 2275K, committed 2304K, reserved 1048576K
Event: 11.884 GC heap after
Heap after GC invocations=6 (full 1):
 PSYoungGen      total 71680K, used 5119K [0x0000000795580000, 0x000000079e400000, 0x00000007c0000000)
  eden space 66560K, 0% used [0x0000000795580000,0x0000000795580000,0x0000000799680000)
  from space 5120K, 99% used [0x0000000799680000,0x0000000799b7fe28,0x0000000799b80000)
  to   space 17920K, 0% used [0x000000079d280000,0x000000079d280000,0x000000079e400000)
 ParOldGen       total 65024K, used 29907K [0x0000000740000000, 0x0000000743f80000, 0x0000000795580000)
  object space 65024K, 45% used [0x0000000740000000,0x0000000741d34d30,0x0000000743f80000)
 Metaspace       used 26999K, capacity 27379K, committed 27648K, reserved 1075200K
  class space    used 2161K, capacity 2275K, committed 2304K, reserved 1048576K
}
Event: 24.129 GC heap before
{Heap before GC invocations=7 (full 1):
 PSYoungGen      total 71680K, used 71679K [0x0000000795580000, 0x000000079e400000, 0x00000007c0000000)
  eden space 66560K, 100% used [0x0000000795580000,0x0000000799680000,0x0000000799680000)
  from space 5120K, 99% used [0x0000000799680000,0x0000000799b7fe28,0x0000000799b80000)
  to   space 17920K, 0% used [0x000000079d280000,0x000000079d280000,0x000000079e400000)
 ParOldGen       total 65024K, used 29907K [0x0000000740000000, 0x0000000743f80000, 0x0000000795580000)
  object space 65024K, 45% used [0x0000000740000000,0x0000000741d34d30,0x0000000743f80000)
 Metaspace       used 27220K, capacity 27577K, committed 27904K, reserved 1075200K
  class space    used 2162K, capacity 2276K, committed 2304K, reserved 1048576K
Event: 24.174 GC heap after
Heap after GC invocations=7 (full 1):
 PSYoungGen      total 125440K, used 15999K [0x0000000795580000, 0x000000079ef00000, 0x00000007c0000000)
  eden space 107520K, 0% used [0x0000000795580000,0x0000000795580000,0x000000079be80000)
  from space 17920K, 89% used [0x000000079d280000,0x000000079e21fe48,0x000000079e400000)
  to   space 20480K, 0% used [0x000000079be80000,0x000000079be80000,0x000000079d280000)
 ParOldGen       total 65024K, used 29915K [0x0000000740000000, 0x0000000743f80000, 0x0000000795580000)
  object space 65024K, 46% used [0x0000000740000000,0x0000000741d36d30,0x0000000743f80000)
 Metaspace       used 27220K, capacity 27577K, committed 27904K, reserved 1075200K
  class space    used 2162K, capacity 2276K, committed 2304K, reserved 1048576K
}

