# JRE version: Java(TM) SE Runtime Environment (8.0_131-b11) (build 1.8.0_131-b11)
# Java VM: Java HotSpot(TM) 64-Bit Server VM (25.131-b11 mixed mode bsd-amd64 compressed oops)
Heap:
 PSYoungGen      total 119808K, used 48361K [0x000000076ab00000, 0x0000000772e80000, 0x00000007c0000000)
  eden space 109056K, 34% used [0x000000076ab00000,0x000000076cfbfc48,0x0000000771580000)
  from space 10752K, 99% used [0x0000000772400000,0x0000000772e7ab68,0x0000000772e80000)
  to   space 10752K, 0% used [0x0000000771980000,0x0000000771980000,0x0000000772400000)
 ParOldGen       total 103424K, used 16763K [0x00000006c0000000, 0x00000006c6500000, 0x000000076ab00000)
  object space 103424K, 16% used [0x00000006c0000000,0x00000006c105ec10,0x00000006c6500000)
 Metaspace       used 27694K, capacity 28045K, committed 28288K, reserved 1075200K
  class space    used 2208K, capacity 2342K, committed 2432K, reserved 1048576K
GC Heap History (10 events):
Event: 2.932 GC heap before
{Heap before GC invocations=1 (full 0):
 PSYoungGen      total 76288K, used 64921K [0x000000076ab00000, 0x0000000770000000, 0x00000007c0000000)
  eden space 65536K, 99% used [0x000000076ab00000,0x000000076ea66750,0x000000076eb00000)
  from space 10752K, 0% used [0x000000076f580000,0x000000076f580000,0x0000000770000000)
  to   space 10752K, 0% used [0x000000076eb00000,0x000000076eb00000,0x000000076f580000)
 ParOldGen       total 175104K, used 0K [0x00000006c0000000, 0x00000006cab00000, 0x000000076ab00000)
  object space 175104K, 0% used [0x00000006c0000000,0x00000006c0000000,0x00000006cab00000)
 Metaspace       used 19037K, capacity 19313K, committed 19584K, reserved 1067008K
  class space    used 1962K, capacity 2049K, committed 2176K, reserved 1048576K
Event: 2.944 GC heap after
Heap after GC invocations=1 (full 0):
 PSYoungGen      total 76288K, used 8730K [0x000000076ab00000, 0x0000000770000000, 0x00000007c0000000)
  eden space 65536K, 0% used [0x000000076ab00000,0x000000076ab00000,0x000000076eb00000)
  from space 10752K, 81% used [0x000000076eb00000,0x000000076f386890,0x000000076f580000)
  to   space 10752K, 0% used [0x000000076f580000,0x000000076f580000,0x0000000770000000)
 ParOldGen       total 175104K, used 80K [0x00000006c0000000, 0x00000006cab00000, 0x000000076ab00000)
  object space 175104K, 0% used [0x00000006c0000000,0x00000006c0014010,0x00000006cab00000)
 Metaspace       used 19037K, capacity 19313K, committed 19584K, reserved 1067008K
  class space    used 1962K, capacity 2049K, committed 2176K, reserved 1048576K
}
Event: 3.162 GC heap before
{Heap before GC invocations=2 (full 0):
 PSYoungGen      total 76288K, used 36465K [0x000000076ab00000, 0x0000000770000000, 0x00000007c0000000)
  eden space 65536K, 42% used [0x000000076ab00000,0x000000076c615bd8,0x000000076eb00000)
  from space 10752K, 81% used [0x000000076eb00000,0x000000076f386890,0x000000076f580000)
  to   space 10752K, 0% used [0x000000076f580000,0x000000076f580000,0x0000000770000000)
 ParOldGen       total 175104K, used 80K [0x00000006c0000000, 0x00000006cab00000, 0x000000076ab00000)
  object space 175104K, 0% used [0x00000006c0000000,0x00000006c0014010,0x00000006cab00000)
 Metaspace       used 20885K, capacity 21158K, committed 21296K, reserved 1069056K
  class space    used 2051K, capacity 2145K, committed 2176K, reserved 1048576K
Event: 3.206 GC heap after
Heap after GC invocations=2 (full 0):
 PSYoungGen      total 76288K, used 10749K [0x000000076ab00000, 0x0000000774000000, 0x00000007c0000000)
  eden space 65536K, 0% used [0x000000076ab00000,0x000000076ab00000,0x000000076eb00000)
  from space 10752K, 99% used [0x000000076f580000,0x000000076ffff4c0,0x0000000770000000)
  to   space 10752K, 0% used [0x000000076eb00000,0x000000076eb00000,0x000000076f580000)
 ParOldGen       total 175104K, used 6017K [0x00000006c0000000, 0x00000006cab00000, 0x000000076ab00000)
  object space 175104K, 3% used [0x00000006c0000000,0x00000006c05e0548,0x00000006cab00000)
 Metaspace       used 20885K, capacity 21158K, committed 21296K, reserved 1069056K
  class space    used 2051K, capacity 2145K, committed 2176K, reserved 1048576K
}
Event: 3.206 GC heap before
{Heap before GC invocations=3 (full 1):
 PSYoungGen      total 76288K, used 10749K [0x000000076ab00000, 0x0000000774000000, 0x00000007c0000000)
  eden space 65536K, 0% used [0x000000076ab00000,0x000000076ab00000,0x000000076eb00000)
  from space 10752K, 99% used [0x000000076f580000,0x000000076ffff4c0,0x0000000770000000)
  to   space 10752K, 0% used [0x000000076eb00000,0x000000076eb00000,0x000000076f580000)
 ParOldGen       total 175104K, used 6017K [0x00000006c0000000, 0x00000006cab00000, 0x000000076ab00000)
  object space 175104K, 3% used [0x00000006c0000000,0x00000006c05e0548,0x00000006cab00000)
 Metaspace       used 20885K, capacity 21158K, committed 21296K, reserved 1069056K
  class space    used 2051K, capacity 2145K, committed 2176K, reserved 1048576K
Event: 3.279 GC heap after
Heap after GC invocations=3 (full 1):
 PSYoungGen      total 76288K, used 0K [0x000000076ab00000, 0x0000000774000000, 0x00000007c0000000)
  eden space 65536K, 0% used [0x000000076ab00000,0x000000076ab00000,0x000000076eb00000)
  from space 10752K, 0% used [0x000000076f580000,0x000000076f580000,0x0000000770000000)
  to   space 10752K, 0% used [0x000000076eb00000,0x000000076eb00000,0x000000076f580000)
 ParOldGen       total 103424K, used 16646K [0x00000006c0000000, 0x00000006c6500000, 0x000000076ab00000)
  object space 103424K, 16% used [0x00000006c0000000,0x00000006c1041aa0,0x00000006c6500000)
 Metaspace       used 20885K, capacity 21158K, committed 21296K, reserved 1069056K
  class space    used 2051K, capacity 2145K, committed 2176K, reserved 1048576K
}
Event: 6.405 GC heap before
{Heap before GC invocations=4 (full 1):
 PSYoungGen      total 76288K, used 65536K [0x000000076ab00000, 0x0000000774000000, 0x00000007c0000000)
  eden space 65536K, 100% used [0x000000076ab00000,0x000000076eb00000,0x000000076eb00000)
  from space 10752K, 0% used [0x000000076f580000,0x000000076f580000,0x0000000770000000)
  to   space 10752K, 0% used [0x000000076eb00000,0x000000076eb00000,0x000000076f580000)
 ParOldGen       total 103424K, used 16646K [0x00000006c0000000, 0x00000006c6500000, 0x000000076ab00000)
  object space 103424K, 16% used [0x00000006c0000000,0x00000006c1041aa0,0x00000006c6500000)
 Metaspace       used 27125K, capacity 27491K, committed 27776K, reserved 1075200K
  class space    used 2190K, capacity 2307K, committed 2432K, reserved 1048576K
Event: 6.417 GC heap after
Heap after GC invocations=4 (full 1):
 PSYoungGen      total 76288K, used 10334K [0x000000076ab00000, 0x0000000772e80000, 0x00000007c0000000)
  eden space 65536K, 0% used [0x000000076ab00000,0x000000076ab00000,0x000000076eb00000)
  from space 10752K, 96% used [0x000000076eb00000,0x000000076f517800,0x000000076f580000)
  to   space 10752K, 0% used [0x0000000772400000,0x0000000772400000,0x0000000772e80000)
 ParOldGen       total 103424K, used 16654K [0x00000006c0000000, 0x00000006c6500000, 0x000000076ab00000)
  object space 103424K, 16% used [0x00000006c0000000,0x00000006c1043aa0,0x00000006c6500000)
 Metaspace       used 27125K, capacity 27491K, committed 27776K, reserved 1075200K
  class space    used 2190K, capacity 2307K, committed 2432K, reserved 1048576K
}
Event: 18.980 GC heap before
{Heap before GC invocations=5 (full 1):
 PSYoungGen      total 76288K, used 75870K [0x000000076ab00000, 0x0000000772e80000, 0x00000007c0000000)
  eden space 65536K, 100% used [0x000000076ab00000,0x000000076eb00000,0x000000076eb00000)
  from space 10752K, 96% used [0x000000076eb00000,0x000000076f517800,0x000000076f580000)
  to   space 10752K, 0% used [0x0000000772400000,0x0000000772400000,0x0000000772e80000)
 ParOldGen       total 103424K, used 16654K [0x00000006c0000000, 0x00000006c6500000, 0x000000076ab00000)
  object space 103424K, 16% used [0x00000006c0000000,0x00000006c1043aa0,0x00000006c6500000)
 Metaspace       used 27575K, capacity 27939K, committed 28288K, reserved 1075200K
  class space    used 2190K, capacity 2307K, committed 2432K, reserved 1048576K
Event: 18.988 GC heap after
Heap after GC invocations=5 (full 1):
 PSYoungGen      total 119808K, used 10730K [0x000000076ab00000, 0x0000000772e80000, 0x00000007c0000000)
  eden space 109056K, 0% used [0x000000076ab00000,0x000000076ab00000,0x0000000771580000)
  from space 10752K, 99% used [0x0000000772400000,0x0000000772e7ab68,0x0000000772e80000)
  to   space 10752K, 0% used [0x0000000771980000,0x0000000771980000,0x0000000772400000)
 ParOldGen       total 103424K, used 16763K [0x00000006c0000000, 0x00000006c6500000, 0x000000076ab00000)
  object space 103424K, 16% used [0x00000006c0000000,0x00000006c105ec10,0x00000006c6500000)
 Metaspace       used 27575K, capacity 27939K, committed 28288K, reserved 1075200K
  class space    used 2190K, capacity 2307K, committed 2432K, reserved 1048576K
}

