# JRE version: Java(TM) SE Runtime Environment (8.0_131-b11) (build 1.8.0_131-b11)
# Java VM: Java HotSpot(TM) 64-Bit Server VM (25.131-b11 mixed mode bsd-amd64 compressed oops)
Heap:
 PSYoungGen      total 100864K, used 5056K [0x0000000795580000, 0x000000079fb80000, 0x00000007c0000000)
  eden space 96256K, 5% used [0x0000000795580000,0x0000000795a602f8,0x000000079b380000)
  from space 4608K, 1% used [0x000000079f280000,0x000000079f290000,0x000000079f700000)
  to   space 4096K, 0% used [0x000000079f780000,0x000000079f780000,0x000000079fb80000)
 ParOldGen       total 65024K, used 27917K [0x0000000740000000, 0x0000000743f80000, 0x0000000795580000)
  object space 65024K, 42% used [0x0000000740000000,0x0000000741b43780,0x0000000743f80000)
 Metaspace       used 27158K, capacity 27505K, committed 27648K, reserved 1075200K
  class space    used 2171K, capacity 2276K, committed 2304K, reserved 1048576K
GC Heap History (10 events):
Event: 1063.662 GC heap before
{Heap before GC invocations=32 (full 1):
 PSYoungGen      total 115712K, used 115232K [0x0000000795580000, 0x00000007a0480000, 0x00000007c0000000)
  eden space 115200K, 100% used [0x0000000795580000,0x000000079c600000,0x000000079c600000)
  from space 512K, 6% used [0x00000007a0400000,0x00000007a0408000,0x00000007a0480000)
  to   space 5632K, 0% used [0x000000079f980000,0x000000079f980000,0x000000079ff00000)
 ParOldGen       total 65024K, used 27917K [0x0000000740000000, 0x0000000743f80000, 0x0000000795580000)
  object space 65024K, 42% used [0x0000000740000000,0x0000000741b43780,0x0000000743f80000)
 Metaspace       used 27109K, capacity 27441K, committed 27648K, reserved 1075200K
  class space    used 2164K, capacity 2276K, committed 2304K, reserved 1048576K
Event: 1063.663 GC heap after
Heap after GC invocations=32 (full 1):
 PSYoungGen      total 116736K, used 64K [0x0000000795580000, 0x00000007a0480000, 0x00000007c0000000)
  eden space 111104K, 0% used [0x0000000795580000,0x0000000795580000,0x000000079c200000)
  from space 5632K, 1% used [0x000000079f980000,0x000000079f990000,0x000000079ff00000)
  to   space 5632K, 0% used [0x000000079ff00000,0x000000079ff00000,0x00000007a0480000)
 ParOldGen       total 65024K, used 27917K [0x0000000740000000, 0x0000000743f80000, 0x0000000795580000)
  object space 65024K, 42% used [0x0000000740000000,0x0000000741b43780,0x0000000743f80000)
 Metaspace       used 27109K, capacity 27441K, committed 27648K, reserved 1075200K
  class space    used 2164K, capacity 2276K, committed 2304K, reserved 1048576K
}
Event: 1089.743 GC heap before
{Heap before GC invocations=33 (full 1):
 PSYoungGen      total 116736K, used 111168K [0x0000000795580000, 0x00000007a0480000, 0x00000007c0000000)
  eden space 111104K, 100% used [0x0000000795580000,0x000000079c200000,0x000000079c200000)
  from space 5632K, 1% used [0x000000079f980000,0x000000079f990000,0x000000079ff00000)
  to   space 5632K, 0% used [0x000000079ff00000,0x000000079ff00000,0x00000007a0480000)
 ParOldGen       total 65024K, used 27917K [0x0000000740000000, 0x0000000743f80000, 0x0000000795580000)
  object space 65024K, 42% used [0x0000000740000000,0x0000000741b43780,0x0000000743f80000)
 Metaspace       used 27112K, capacity 27441K, committed 27648K, reserved 1075200K
  class space    used 2164K, capacity 2276K, committed 2304K, reserved 1048576K
Event: 1089.746 GC heap after
Heap after GC invocations=33 (full 1):
 PSYoungGen      total 107520K, used 64K [0x0000000795580000, 0x000000079ff80000, 0x00000007c0000000)
  eden space 107008K, 0% used [0x0000000795580000,0x0000000795580000,0x000000079be00000)
  from space 512K, 12% used [0x000000079ff00000,0x000000079ff10000,0x000000079ff80000)
  to   space 5120K, 0% used [0x000000079f580000,0x000000079f580000,0x000000079fa80000)
 ParOldGen       total 65024K, used 27917K [0x0000000740000000, 0x0000000743f80000, 0x0000000795580000)
  object space 65024K, 42% used [0x0000000740000000,0x0000000741b43780,0x0000000743f80000)
 Metaspace       used 27112K, capacity 27441K, committed 27648K, reserved 1075200K
  class space    used 2164K, capacity 2276K, committed 2304K, reserved 1048576K
}
Event: 1115.794 GC heap before
{Heap before GC invocations=34 (full 1):
 PSYoungGen      total 107520K, used 107072K [0x0000000795580000, 0x000000079ff80000, 0x00000007c0000000)
  eden space 107008K, 100% used [0x0000000795580000,0x000000079be00000,0x000000079be00000)
  from space 512K, 12% used [0x000000079ff00000,0x000000079ff10000,0x000000079ff80000)
  to   space 5120K, 0% used [0x000000079f580000,0x000000079f580000,0x000000079fa80000)
 ParOldGen       total 65024K, used 27917K [0x0000000740000000, 0x0000000743f80000, 0x0000000795580000)
  object space 65024K, 42% used [0x0000000740000000,0x0000000741b43780,0x0000000743f80000)
 Metaspace       used 27118K, capacity 27441K, committed 27648K, reserved 1075200K
  class space    used 2164K, capacity 2276K, committed 2304K, reserved 1048576K
Event: 1115.797 GC heap after
Heap after GC invocations=34 (full 1):
 PSYoungGen      total 108544K, used 32K [0x0000000795580000, 0x000000079ff80000, 0x00000007c0000000)
  eden space 103424K, 0% used [0x0000000795580000,0x0000000795580000,0x000000079ba80000)
  from space 5120K, 0% used [0x000000079f580000,0x000000079f588000,0x000000079fa80000)
  to   space 4608K, 0% used [0x000000079fb00000,0x000000079fb00000,0x000000079ff80000)
 ParOldGen       total 65024K, used 27917K [0x0000000740000000, 0x0000000743f80000, 0x0000000795580000)
  object space 65024K, 42% used [0x0000000740000000,0x0000000741b43780,0x0000000743f80000)
 Metaspace       used 27118K, capacity 27441K, committed 27648K, reserved 1075200K
  class space    used 2164K, capacity 2276K, committed 2304K, reserved 1048576K
}
Event: 1140.511 GC heap before
{Heap before GC invocations=35 (full 1):
 PSYoungGen      total 108544K, used 103456K [0x0000000795580000, 0x000000079ff80000, 0x00000007c0000000)
  eden space 103424K, 100% used [0x0000000795580000,0x000000079ba80000,0x000000079ba80000)
  from space 5120K, 0% used [0x000000079f580000,0x000000079f588000,0x000000079fa80000)
  to   space 4608K, 0% used [0x000000079fb00000,0x000000079fb00000,0x000000079ff80000)
 ParOldGen       total 65024K, used 27917K [0x0000000740000000, 0x0000000743f80000, 0x0000000795580000)
  object space 65024K, 42% used [0x0000000740000000,0x0000000741b43780,0x0000000743f80000)
 Metaspace       used 27118K, capacity 27441K, committed 27648K, reserved 1075200K
  class space    used 2164K, capacity 2276K, committed 2304K, reserved 1048576K
Event: 1140.514 GC heap after
Heap after GC invocations=35 (full 1):
 PSYoungGen      total 100352K, used 64K [0x0000000795580000, 0x000000079fb80000, 0x00000007c0000000)
  eden space 99840K, 0% used [0x0000000795580000,0x0000000795580000,0x000000079b700000)
  from space 512K, 12% used [0x000000079fb00000,0x000000079fb10000,0x000000079fb80000)
  to   space 4608K, 0% used [0x000000079f280000,0x000000079f280000,0x000000079f700000)
 ParOldGen       total 65024K, used 27917K [0x0000000740000000, 0x0000000743f80000, 0x0000000795580000)
  object space 65024K, 42% used [0x0000000740000000,0x0000000741b43780,0x0000000743f80000)
 Metaspace       used 27118K, capacity 27441K, committed 27648K, reserved 1075200K
  class space    used 2164K, capacity 2276K, committed 2304K, reserved 1048576K
}
Event: 1163.877 GC heap before
{Heap before GC invocations=36 (full 1):
 PSYoungGen      total 100352K, used 99904K [0x0000000795580000, 0x000000079fb80000, 0x00000007c0000000)
  eden space 99840K, 100% used [0x0000000795580000,0x000000079b700000,0x000000079b700000)
  from space 512K, 12% used [0x000000079fb00000,0x000000079fb10000,0x000000079fb80000)
  to   space 4608K, 0% used [0x000000079f280000,0x000000079f280000,0x000000079f700000)
 ParOldGen       total 65024K, used 27917K [0x0000000740000000, 0x0000000743f80000, 0x0000000795580000)
  object space 65024K, 42% used [0x0000000740000000,0x0000000741b43780,0x0000000743f80000)
 Metaspace       used 27128K, capacity 27441K, committed 27648K, reserved 1075200K
  class space    used 2164K, capacity 2276K, committed 2304K, reserved 1048576K
Event: 1163.879 GC heap after
Heap after GC invocations=36 (full 1):
 PSYoungGen      total 100864K, used 64K [0x0000000795580000, 0x000000079fb80000, 0x00000007c0000000)
  eden space 96256K, 0% used [0x0000000795580000,0x0000000795580000,0x000000079b380000)
  from space 4608K, 1% used [0x000000079f280000,0x000000079f290000,0x000000079f700000)
  to   space 4096K, 0% used [0x000000079f780000,0x000000079f780000,0x000000079fb80000)
 ParOldGen       total 65024K, used 27917K [0x0000000740000000, 0x0000000743f80000, 0x0000000795580000)
  object space 65024K, 42% used [0x0000000740000000,0x0000000741b43780,0x0000000743f80000)
 Metaspace       used 27128K, capacity 27441K, committed 27648K, reserved 1075200K
  class space    used 2164K, capacity 2276K, committed 2304K, reserved 1048576K
}

