# JRE version: Java(TM) SE Runtime Environment (8.0_131-b11) (build 1.8.0_131-b11)
# Java VM: Java HotSpot(TM) 64-Bit Server VM (25.131-b11 mixed mode bsd-amd64 compressed oops)
Heap:
 PSYoungGen      total 166912K, used 38072K [0x0000000795580000, 0x00000007a0d80000, 0x00000007c0000000)
  eden space 158720K, 21% used [0x0000000795580000,0x000000079771e238,0x000000079f080000)
  from space 8192K, 44% used [0x00000007a0580000,0x00000007a09100b0,0x00000007a0d80000)
  to   space 14848K, 0% used [0x000000079f080000,0x000000079f080000,0x000000079ff00000)
 ParOldGen       total 67584K, used 25199K [0x0000000740000000, 0x0000000744200000, 0x0000000795580000)
  object space 67584K, 37% used [0x0000000740000000,0x000000074189bd08,0x0000000744200000)
 Metaspace       used 27951K, capacity 28285K, committed 28544K, reserved 1075200K
  class space    used 2232K, capacity 2342K, committed 2432K, reserved 1048576K
GC Heap History (10 events):
Event: 6.501 GC heap before
{Heap before GC invocations=5 (full 1):
 PSYoungGen      total 38400K, used 33280K [0x0000000795580000, 0x000000079a080000, 0x00000007c0000000)
  eden space 33280K, 100% used [0x0000000795580000,0x0000000797600000,0x0000000797600000)
  from space 5120K, 0% used [0x0000000797600000,0x0000000797600000,0x0000000797b00000)
  to   space 5120K, 0% used [0x0000000799b80000,0x0000000799b80000,0x000000079a080000)
 ParOldGen       total 67584K, used 17570K [0x0000000740000000, 0x0000000744200000, 0x0000000795580000)
  object space 67584K, 25% used [0x0000000740000000,0x0000000741128b10,0x0000000744200000)
 Metaspace       used 25724K, capacity 26068K, committed 26368K, reserved 1073152K
  class space    used 2109K, capacity 2214K, committed 2304K, reserved 1048576K
Event: 6.509 GC heap after
Heap after GC invocations=5 (full 1):
 PSYoungGen      total 64512K, used 5097K [0x0000000795580000, 0x000000079a080000, 0x00000007c0000000)
  eden space 59392K, 0% used [0x0000000795580000,0x0000000795580000,0x0000000798f80000)
  from space 5120K, 99% used [0x0000000799b80000,0x000000079a07a600,0x000000079a080000)
  to   space 5120K, 0% used [0x0000000799680000,0x0000000799680000,0x0000000799b80000)
 ParOldGen       total 67584K, used 18436K [0x0000000740000000, 0x0000000744200000, 0x0000000795580000)
  object space 67584K, 27% used [0x0000000740000000,0x00000007412012f8,0x0000000744200000)
 Metaspace       used 25724K, capacity 26068K, committed 26368K, reserved 1073152K
  class space    used 2109K, capacity 2214K, committed 2304K, reserved 1048576K
}
Event: 9.467 GC heap before
{Heap before GC invocations=6 (full 1):
 PSYoungGen      total 64512K, used 64489K [0x0000000795580000, 0x000000079a080000, 0x00000007c0000000)
  eden space 59392K, 100% used [0x0000000795580000,0x0000000798f80000,0x0000000798f80000)
  from space 5120K, 99% used [0x0000000799b80000,0x000000079a07a600,0x000000079a080000)
  to   space 5120K, 0% used [0x0000000799680000,0x0000000799680000,0x0000000799b80000)
 ParOldGen       total 67584K, used 18436K [0x0000000740000000, 0x0000000744200000, 0x0000000795580000)
  object space 67584K, 27% used [0x0000000740000000,0x00000007412012f8,0x0000000744200000)
 Metaspace       used 27510K, capacity 27805K, committed 28032K, reserved 1075200K
  class space    used 2224K, capacity 2310K, committed 2432K, reserved 1048576K
Event: 9.477 GC heap after
Heap after GC invocations=6 (full 1):
 PSYoungGen      total 71680K, used 5088K [0x0000000795580000, 0x000000079d700000, 0x00000007c0000000)
  eden space 66560K, 0% used [0x0000000795580000,0x0000000795580000,0x0000000799680000)
  from space 5120K, 99% used [0x0000000799680000,0x0000000799b780d0,0x0000000799b80000)
  to   space 14848K, 0% used [0x000000079c880000,0x000000079c880000,0x000000079d700000)
 ParOldGen       total 67584K, used 23718K [0x0000000740000000, 0x0000000744200000, 0x0000000795580000)
  object space 67584K, 35% used [0x0000000740000000,0x0000000741729a58,0x0000000744200000)
 Metaspace       used 27510K, capacity 27805K, committed 28032K, reserved 1075200K
  class space    used 2224K, capacity 2310K, committed 2432K, reserved 1048576K
}
Event: 15.619 GC heap before
{Heap before GC invocations=7 (full 1):
 PSYoungGen      total 71680K, used 71648K [0x0000000795580000, 0x000000079d700000, 0x00000007c0000000)
  eden space 66560K, 100% used [0x0000000795580000,0x0000000799680000,0x0000000799680000)
  from space 5120K, 99% used [0x0000000799680000,0x0000000799b780d0,0x0000000799b80000)
  to   space 14848K, 0% used [0x000000079c880000,0x000000079c880000,0x000000079d700000)
 ParOldGen       total 67584K, used 23718K [0x0000000740000000, 0x0000000744200000, 0x0000000795580000)
  object space 67584K, 35% used [0x0000000740000000,0x0000000741729a58,0x0000000744200000)
 Metaspace       used 27743K, capacity 28061K, committed 28288K, reserved 1075200K
  class space    used 2224K, capacity 2310K, committed 2432K, reserved 1048576K
Event: 15.624 GC heap after
Heap after GC invocations=7 (full 1):
 PSYoungGen      total 117760K, used 5152K [0x0000000795580000, 0x000000079df00000, 0x00000007c0000000)
  eden space 102912K, 0% used [0x0000000795580000,0x0000000795580000,0x000000079ba00000)
  from space 14848K, 34% used [0x000000079c880000,0x000000079cd880d0,0x000000079d700000)
  to   space 14848K, 0% used [0x000000079ba00000,0x000000079ba00000,0x000000079c880000)
 ParOldGen       total 67584K, used 23726K [0x0000000740000000, 0x0000000744200000, 0x0000000795580000)
  object space 67584K, 35% used [0x0000000740000000,0x000000074172ba58,0x0000000744200000)
 Metaspace       used 27743K, capacity 28061K, committed 28288K, reserved 1075200K
  class space    used 2224K, capacity 2310K, committed 2432K, reserved 1048576K
}
Event: 24.900 GC heap before
{Heap before GC invocations=8 (full 1):
 PSYoungGen      total 117760K, used 108064K [0x0000000795580000, 0x000000079df00000, 0x00000007c0000000)
  eden space 102912K, 100% used [0x0000000795580000,0x000000079ba00000,0x000000079ba00000)
  from space 14848K, 34% used [0x000000079c880000,0x000000079cd880d0,0x000000079d700000)
  to   space 14848K, 0% used [0x000000079ba00000,0x000000079ba00000,0x000000079c880000)
 ParOldGen       total 67584K, used 23726K [0x0000000740000000, 0x0000000744200000, 0x0000000795580000)
  object space 67584K, 35% used [0x0000000740000000,0x000000074172ba58,0x0000000744200000)
 Metaspace       used 27789K, capacity 28061K, committed 28288K, reserved 1075200K
  class space    used 2224K, capacity 2310K, committed 2432K, reserved 1048576K
Event: 24.904 GC heap after
Heap after GC invocations=8 (full 1):
 PSYoungGen      total 117760K, used 5152K [0x0000000795580000, 0x00000007a1400000, 0x00000007c0000000)
  eden space 102912K, 0% used [0x0000000795580000,0x0000000795580000,0x000000079ba00000)
  from space 14848K, 34% used [0x000000079ba00000,0x000000079bf080d0,0x000000079c880000)
  to   space 14848K, 0% used [0x00000007a0580000,0x00000007a0580000,0x00000007a1400000)
 ParOldGen       total 67584K, used 23734K [0x0000000740000000, 0x0000000744200000, 0x0000000795580000)
  object space 67584K, 35% used [0x0000000740000000,0x000000074172da58,0x0000000744200000)
 Metaspace       used 27789K, capacity 28061K, committed 28288K, reserved 1075200K
  class space    used 2224K, capacity 2310K, committed 2432K, reserved 1048576K
}
Event: 33.600 GC heap before
{Heap before GC invocations=9 (full 1):
 PSYoungGen      total 117760K, used 108064K [0x0000000795580000, 0x00000007a1400000, 0x00000007c0000000)
  eden space 102912K, 100% used [0x0000000795580000,0x000000079ba00000,0x000000079ba00000)
  from space 14848K, 34% used [0x000000079ba00000,0x000000079bf080d0,0x000000079c880000)
  to   space 14848K, 0% used [0x00000007a0580000,0x00000007a0580000,0x00000007a1400000)
 ParOldGen       total 67584K, used 23734K [0x0000000740000000, 0x0000000744200000, 0x0000000795580000)
  object space 67584K, 35% used [0x0000000740000000,0x000000074172da58,0x0000000744200000)
 Metaspace       used 27923K, capacity 28253K, committed 28544K, reserved 1075200K
  class space    used 2225K, capacity 2310K, committed 2432K, reserved 1048576K
Event: 33.609 GC heap after
Heap after GC invocations=9 (full 1):
 PSYoungGen      total 166912K, used 3648K [0x0000000795580000, 0x00000007a0d80000, 0x00000007c0000000)
  eden space 158720K, 0% used [0x0000000795580000,0x0000000795580000,0x000000079f080000)
  from space 8192K, 44% used [0x00000007a0580000,0x00000007a09100b0,0x00000007a0d80000)
  to   space 14848K, 0% used [0x000000079f080000,0x000000079f080000,0x000000079ff00000)
 ParOldGen       total 67584K, used 25199K [0x0000000740000000, 0x0000000744200000, 0x0000000795580000)
  object space 67584K, 37% used [0x0000000740000000,0x000000074189bd08,0x0000000744200000)
 Metaspace       used 27923K, capacity 28253K, committed 28544K, reserved 1075200K
  class space    used 2225K, capacity 2310K, committed 2432K, reserved 1048576K
}

