# JRE version: Java(TM) SE Runtime Environment (8.0_131-b11) (build 1.8.0_131-b11)
# Java VM: Java HotSpot(TM) 64-Bit Server VM (25.131-b11 mixed mode bsd-amd64 compressed oops)
Heap:
 PSYoungGen      total 151040K, used 36317K [0x000000076ab00000, 0x0000000777300000, 0x00000007c0000000)
  eden space 134144K, 19% used [0x000000076ab00000,0x000000076c434bc0,0x0000000772e00000)
  from space 16896K, 62% used [0x0000000772e00000,0x0000000773842b48,0x0000000773e80000)
  to   space 16384K, 0% used [0x0000000776300000,0x0000000776300000,0x0000000777300000)
 ParOldGen       total 117760K, used 18132K [0x00000006c0000000, 0x00000006c7300000, 0x000000076ab00000)
  object space 117760K, 15% used [0x00000006c0000000,0x00000006c11b5348,0x00000006c7300000)
 Metaspace       used 27609K, capacity 27981K, committed 28288K, reserved 1075200K
  class space    used 2209K, capacity 2342K, committed 2432K, reserved 1048576K
GC Heap History (10 events):
Event: 6.146 GC heap before
{Heap before GC invocations=4 (full 1):
 PSYoungGen      total 76288K, used 65536K [0x000000076ab00000, 0x0000000774000000, 0x00000007c0000000)
  eden space 65536K, 100% used [0x000000076ab00000,0x000000076eb00000,0x000000076eb00000)
  from space 10752K, 0% used [0x000000076f580000,0x000000076f580000,0x0000000770000000)
  to   space 10752K, 0% used [0x000000076eb00000,0x000000076eb00000,0x000000076f580000)
 ParOldGen       total 117760K, used 17580K [0x00000006c0000000, 0x00000006c7300000, 0x000000076ab00000)
  object space 117760K, 14% used [0x00000006c0000000,0x00000006c112b328,0x00000006c7300000)
 Metaspace       used 27150K, capacity 27495K, committed 27776K, reserved 1075200K
  class space    used 2198K, capacity 2309K, committed 2432K, reserved 1048576K
Event: 6.154 GC heap after
Heap after GC invocations=4 (full 1):
 PSYoungGen      total 76288K, used 8478K [0x000000076ab00000, 0x0000000772200000, 0x00000007c0000000)
  eden space 65536K, 0% used [0x000000076ab00000,0x000000076ab00000,0x000000076eb00000)
  from space 10752K, 78% used [0x000000076eb00000,0x000000076f347bf8,0x000000076f580000)
  to   space 10752K, 0% used [0x0000000771780000,0x0000000771780000,0x0000000772200000)
 ParOldGen       total 117760K, used 17588K [0x00000006c0000000, 0x00000006c7300000, 0x000000076ab00000)
  object space 117760K, 14% used [0x00000006c0000000,0x00000006c112d328,0x00000006c7300000)
 Metaspace       used 27150K, capacity 27495K, committed 27776K, reserved 1075200K
  class space    used 2198K, capacity 2309K, committed 2432K, reserved 1048576K
}
Event: 12.037 GC heap before
{Heap before GC invocations=5 (full 1):
 PSYoungGen      total 76288K, used 74014K [0x000000076ab00000, 0x0000000772200000, 0x00000007c0000000)
  eden space 65536K, 100% used [0x000000076ab00000,0x000000076eb00000,0x000000076eb00000)
  from space 10752K, 78% used [0x000000076eb00000,0x000000076f347bf8,0x000000076f580000)
  to   space 10752K, 0% used [0x0000000771780000,0x0000000771780000,0x0000000772200000)
 ParOldGen       total 117760K, used 17588K [0x00000006c0000000, 0x00000006c7300000, 0x000000076ab00000)
  object space 117760K, 14% used [0x00000006c0000000,0x00000006c112d328,0x00000006c7300000)
 Metaspace       used 27565K, capacity 27885K, committed 28288K, reserved 1075200K
  class space    used 2202K, capacity 2310K, committed 2432K, reserved 1048576K
Event: 12.046 GC heap after
Heap after GC invocations=5 (full 1):
 PSYoungGen      total 107008K, used 10745K [0x000000076ab00000, 0x0000000772200000, 0x00000007c0000000)
  eden space 96256K, 0% used [0x000000076ab00000,0x000000076ab00000,0x0000000770900000)
  from space 10752K, 99% used [0x0000000771780000,0x00000007721fe580,0x0000000772200000)
  to   space 10752K, 0% used [0x0000000770d00000,0x0000000770d00000,0x0000000771780000)
 ParOldGen       total 117760K, used 17860K [0x00000006c0000000, 0x00000006c7300000, 0x000000076ab00000)
  object space 117760K, 15% used [0x00000006c0000000,0x00000006c1171338,0x00000006c7300000)
 Metaspace       used 27565K, capacity 27885K, committed 28288K, reserved 1075200K
  class space    used 2202K, capacity 2310K, committed 2432K, reserved 1048576K
}
Event: 24.610 GC heap before
{Heap before GC invocations=6 (full 1):
 PSYoungGen      total 107008K, used 107001K [0x000000076ab00000, 0x0000000772200000, 0x00000007c0000000)
  eden space 96256K, 100% used [0x000000076ab00000,0x0000000770900000,0x0000000770900000)
  from space 10752K, 99% used [0x0000000771780000,0x00000007721fe580,0x0000000772200000)
  to   space 10752K, 0% used [0x0000000770d00000,0x0000000770d00000,0x0000000771780000)
 ParOldGen       total 117760K, used 17860K [0x00000006c0000000, 0x00000006c7300000, 0x000000076ab00000)
  object space 117760K, 15% used [0x00000006c0000000,0x00000006c1171338,0x00000006c7300000)
 Metaspace       used 27578K, capacity 27885K, committed 28288K, reserved 1075200K
  class space    used 2202K, capacity 2310K, committed 2432K, reserved 1048576K
Event: 24.616 GC heap after
Heap after GC invocations=6 (full 1):
 PSYoungGen      total 111104K, used 10521K [0x000000076ab00000, 0x0000000775080000, 0x00000007c0000000)
  eden space 100352K, 0% used [0x000000076ab00000,0x000000076ab00000,0x0000000770d00000)
  from space 10752K, 97% used [0x0000000770d00000,0x0000000771746570,0x0000000771780000)
  to   space 17408K, 0% used [0x0000000773f80000,0x0000000773f80000,0x0000000775080000)
 ParOldGen       total 117760K, used 18124K [0x00000006c0000000, 0x00000006c7300000, 0x000000076ab00000)
  object space 117760K, 15% used [0x00000006c0000000,0x00000006c11b3348,0x00000006c7300000)
 Metaspace       used 27578K, capacity 27885K, committed 28288K, reserved 1075200K
  class space    used 2202K, capacity 2310K, committed 2432K, reserved 1048576K
}
Event: 38.002 GC heap before
{Heap before GC invocations=7 (full 1):
 PSYoungGen      total 111104K, used 110873K [0x000000076ab00000, 0x0000000775080000, 0x00000007c0000000)
  eden space 100352K, 100% used [0x000000076ab00000,0x0000000770d00000,0x0000000770d00000)
  from space 10752K, 97% used [0x0000000770d00000,0x0000000771746570,0x0000000771780000)
  to   space 17408K, 0% used [0x0000000773f80000,0x0000000773f80000,0x0000000775080000)
 ParOldGen       total 117760K, used 18124K [0x00000006c0000000, 0x00000006c7300000, 0x000000076ab00000)
  object space 117760K, 15% used [0x00000006c0000000,0x00000006c11b3348,0x00000006c7300000)
 Metaspace       used 27579K, capacity 27885K, committed 28288K, reserved 1075200K
  class space    used 2202K, capacity 2310K, committed 2432K, reserved 1048576K
Event: 38.012 GC heap after
Heap after GC invocations=7 (full 1):
 PSYoungGen      total 150016K, used 10521K [0x000000076ab00000, 0x0000000774f00000, 0x00000007c0000000)
  eden space 134144K, 0% used [0x000000076ab00000,0x000000076ab00000,0x0000000772e00000)
  from space 15872K, 66% used [0x0000000773f80000,0x00000007749c6570,0x0000000774f00000)
  to   space 16896K, 0% used [0x0000000772e00000,0x0000000772e00000,0x0000000773e80000)
 ParOldGen       total 117760K, used 18132K [0x00000006c0000000, 0x00000006c7300000, 0x000000076ab00000)
  object space 117760K, 15% used [0x00000006c0000000,0x00000006c11b5348,0x00000006c7300000)
 Metaspace       used 27579K, capacity 27885K, committed 28288K, reserved 1075200K
  class space    used 2202K, capacity 2310K, committed 2432K, reserved 1048576K
}
Event: 55.960 GC heap before
{Heap before GC invocations=8 (full 1):
 PSYoungGen      total 150016K, used 144665K [0x000000076ab00000, 0x0000000774f00000, 0x00000007c0000000)
  eden space 134144K, 100% used [0x000000076ab00000,0x0000000772e00000,0x0000000772e00000)
  from space 15872K, 66% used [0x0000000773f80000,0x00000007749c6570,0x0000000774f00000)
  to   space 16896K, 0% used [0x0000000772e00000,0x0000000772e00000,0x0000000773e80000)
 ParOldGen       total 117760K, used 18132K [0x00000006c0000000, 0x00000006c7300000, 0x000000076ab00000)
  object space 117760K, 15% used [0x00000006c0000000,0x00000006c11b5348,0x00000006c7300000)
 Metaspace       used 27579K, capacity 27885K, committed 28288K, reserved 1075200K
  class space    used 2202K, capacity 2310K, committed 2432K, reserved 1048576K
Event: 55.970 GC heap after
Heap after GC invocations=8 (full 1):
 PSYoungGen      total 151040K, used 10506K [0x000000076ab00000, 0x0000000777300000, 0x00000007c0000000)
  eden space 134144K, 0% used [0x000000076ab00000,0x000000076ab00000,0x0000000772e00000)
  from space 16896K, 62% used [0x0000000772e00000,0x0000000773842b48,0x0000000773e80000)
  to   space 16384K, 0% used [0x0000000776300000,0x0000000776300000,0x0000000777300000)
 ParOldGen       total 117760K, used 18132K [0x00000006c0000000, 0x00000006c7300000, 0x000000076ab00000)
  object space 117760K, 15% used [0x00000006c0000000,0x00000006c11b5348,0x00000006c7300000)
 Metaspace       used 27579K, capacity 27885K, committed 28288K, reserved 1075200K
  class space    used 2202K, capacity 2310K, committed 2432K, reserved 1048576K
}

