# JRE version: Java(TM) SE Runtime Environment (8.0_131-b11) (build 1.8.0_131-b11)
# Java VM: Java HotSpot(TM) 64-Bit Server VM (25.131-b11 mixed mode bsd-amd64 compressed oops)
Heap:
 PSYoungGen      total 162816K, used 74488K [0x0000000795580000, 0x00000007a2180000, 0x00000007c0000000)
  eden space 145920K, 39% used [0x0000000795580000,0x0000000798de3cb0,0x000000079e400000)
  from space 16896K, 99% used [0x000000079e400000,0x000000079f45a598,0x000000079f480000)
  to   space 18944K, 0% used [0x00000007a0f00000,0x00000007a0f00000,0x00000007a2180000)
 ParOldGen       total 72192K, used 33929K [0x0000000740000000, 0x0000000744680000, 0x0000000795580000)
  object space 72192K, 46% used [0x0000000740000000,0x0000000742122470,0x0000000744680000)
 Metaspace       used 28329K, capacity 28657K, committed 29056K, reserved 1077248K
  class space    used 2228K, capacity 2310K, committed 2432K, reserved 1048576K
GC Heap History (10 events):
Event: 18.973 GC heap before
{Heap before GC invocations=8 (full 1):
 PSYoungGen      total 101376K, used 91752K [0x0000000795580000, 0x000000079d480000, 0x00000007c0000000)
  eden space 87040K, 100% used [0x0000000795580000,0x000000079aa80000,0x000000079aa80000)
  from space 14336K, 32% used [0x000000079b880000,0x000000079bd1a278,0x000000079c680000)
  to   space 14336K, 0% used [0x000000079aa80000,0x000000079aa80000,0x000000079b880000)
 ParOldGen       total 72192K, used 24688K [0x0000000740000000, 0x0000000744680000, 0x0000000795580000)
  object space 72192K, 34% used [0x0000000740000000,0x000000074181c230,0x0000000744680000)
 Metaspace       used 27940K, capacity 28273K, committed 28544K, reserved 1075200K
  class space    used 2220K, capacity 2310K, committed 2432K, reserved 1048576K
Event: 18.978 GC heap after
Heap after GC invocations=8 (full 1):
 PSYoungGen      total 101376K, used 5175K [0x0000000795580000, 0x000000079ed80000, 0x00000007c0000000)
  eden space 87040K, 0% used [0x0000000795580000,0x0000000795580000,0x000000079aa80000)
  from space 14336K, 36% used [0x000000079aa80000,0x000000079af8dd20,0x000000079b880000)
  to   space 14336K, 0% used [0x000000079df80000,0x000000079df80000,0x000000079ed80000)
 ParOldGen       total 72192K, used 24696K [0x0000000740000000, 0x0000000744680000, 0x0000000795580000)
  object space 72192K, 34% used [0x0000000740000000,0x000000074181e230,0x0000000744680000)
 Metaspace       used 27940K, capacity 28273K, committed 28544K, reserved 1075200K
  class space    used 2220K, capacity 2310K, committed 2432K, reserved 1048576K
}
Event: 22.951 GC heap before
{Heap before GC invocations=9 (full 1):
 PSYoungGen      total 101376K, used 92215K [0x0000000795580000, 0x000000079ed80000, 0x00000007c0000000)
  eden space 87040K, 100% used [0x0000000795580000,0x000000079aa80000,0x000000079aa80000)
  from space 14336K, 36% used [0x000000079aa80000,0x000000079af8dd20,0x000000079b880000)
  to   space 14336K, 0% used [0x000000079df80000,0x000000079df80000,0x000000079ed80000)
 ParOldGen       total 72192K, used 24696K [0x0000000740000000, 0x0000000744680000, 0x0000000795580000)
  object space 72192K, 34% used [0x0000000740000000,0x000000074181e230,0x0000000744680000)
 Metaspace       used 28038K, capacity 28401K, committed 28800K, reserved 1075200K
  class space    used 2220K, capacity 2310K, committed 2432K, reserved 1048576K
Event: 22.959 GC heap after
Heap after GC invocations=9 (full 1):
 PSYoungGen      total 131584K, used 9000K [0x0000000795580000, 0x000000079e880000, 0x00000007c0000000)
  eden space 122368K, 0% used [0x0000000795580000,0x0000000795580000,0x000000079cd00000)
  from space 9216K, 97% used [0x000000079df80000,0x000000079e84a3d8,0x000000079e880000)
  to   space 13824K, 0% used [0x000000079cd80000,0x000000079cd80000,0x000000079db00000)
 ParOldGen       total 72192K, used 24696K [0x0000000740000000, 0x0000000744680000, 0x0000000795580000)
  object space 72192K, 34% used [0x0000000740000000,0x000000074181e230,0x0000000744680000)
 Metaspace       used 28038K, capacity 28401K, committed 28800K, reserved 1075200K
  class space    used 2220K, capacity 2310K, committed 2432K, reserved 1048576K
}
Event: 28.026 GC heap before
{Heap before GC invocations=10 (full 1):
 PSYoungGen      total 131584K, used 131368K [0x0000000795580000, 0x000000079e880000, 0x00000007c0000000)
  eden space 122368K, 100% used [0x0000000795580000,0x000000079cd00000,0x000000079cd00000)
  from space 9216K, 97% used [0x000000079df80000,0x000000079e84a3d8,0x000000079e880000)
  to   space 13824K, 0% used [0x000000079cd80000,0x000000079cd80000,0x000000079db00000)
 ParOldGen       total 72192K, used 24696K [0x0000000740000000, 0x0000000744680000, 0x0000000795580000)
  object space 72192K, 34% used [0x0000000740000000,0x000000074181e230,0x0000000744680000)
 Metaspace       used 28100K, capacity 28401K, committed 28800K, reserved 1075200K
  class space    used 2220K, capacity 2310K, committed 2432K, reserved 1048576K
Event: 28.034 GC heap after
Heap after GC invocations=10 (full 1):
 PSYoungGen      total 136704K, used 11959K [0x0000000795580000, 0x00000007a0400000, 0x00000007c0000000)
  eden space 122880K, 0% used [0x0000000795580000,0x0000000795580000,0x000000079cd80000)
  from space 13824K, 86% used [0x000000079cd80000,0x000000079d92deb0,0x000000079db00000)
  to   space 14848K, 0% used [0x000000079f580000,0x000000079f580000,0x00000007a0400000)
 ParOldGen       total 72192K, used 24704K [0x0000000740000000, 0x0000000744680000, 0x0000000795580000)
  object space 72192K, 34% used [0x0000000740000000,0x0000000741820230,0x0000000744680000)
 Metaspace       used 28100K, capacity 28401K, committed 28800K, reserved 1075200K
  class space    used 2220K, capacity 2310K, committed 2432K, reserved 1048576K
}
Event: 35.257 GC heap before
{Heap before GC invocations=11 (full 1):
 PSYoungGen      total 136704K, used 134839K [0x0000000795580000, 0x00000007a0400000, 0x00000007c0000000)
  eden space 122880K, 100% used [0x0000000795580000,0x000000079cd80000,0x000000079cd80000)
  from space 13824K, 86% used [0x000000079cd80000,0x000000079d92deb0,0x000000079db00000)
  to   space 14848K, 0% used [0x000000079f580000,0x000000079f580000,0x00000007a0400000)
 ParOldGen       total 72192K, used 24704K [0x0000000740000000, 0x0000000744680000, 0x0000000795580000)
  object space 72192K, 34% used [0x0000000740000000,0x0000000741820230,0x0000000744680000)
 Metaspace       used 28143K, capacity 28465K, committed 28800K, reserved 1075200K
  class space    used 2220K, capacity 2310K, committed 2432K, reserved 1048576K
Event: 35.268 GC heap after
Heap after GC invocations=11 (full 1):
 PSYoungGen      total 160768K, used 14825K [0x0000000795580000, 0x00000007a0500000, 0x00000007c0000000)
  eden space 145920K, 0% used [0x0000000795580000,0x0000000795580000,0x000000079e400000)
  from space 14848K, 99% used [0x000000079f580000,0x00000007a03fa538,0x00000007a0400000)
  to   space 16896K, 0% used [0x000000079e400000,0x000000079e400000,0x000000079f480000)
 ParOldGen       total 72192K, used 24712K [0x0000000740000000, 0x0000000744680000, 0x0000000795580000)
  object space 72192K, 34% used [0x0000000740000000,0x0000000741822230,0x0000000744680000)
 Metaspace       used 28143K, capacity 28465K, committed 28800K, reserved 1075200K
  class space    used 2220K, capacity 2310K, committed 2432K, reserved 1048576K
}
Event: 41.743 GC heap before
{Heap before GC invocations=12 (full 1):
 PSYoungGen      total 160768K, used 160745K [0x0000000795580000, 0x00000007a0500000, 0x00000007c0000000)
  eden space 145920K, 100% used [0x0000000795580000,0x000000079e400000,0x000000079e400000)
  from space 14848K, 99% used [0x000000079f580000,0x00000007a03fa538,0x00000007a0400000)
  to   space 16896K, 0% used [0x000000079e400000,0x000000079e400000,0x000000079f480000)
 ParOldGen       total 72192K, used 24712K [0x0000000740000000, 0x0000000744680000, 0x0000000795580000)
  object space 72192K, 34% used [0x0000000740000000,0x0000000741822230,0x0000000744680000)
 Metaspace       used 28294K, capacity 28593K, committed 28800K, reserved 1075200K
  class space    used 2221K, capacity 2310K, committed 2432K, reserved 1048576K
Event: 41.758 GC heap after
Heap after GC invocations=12 (full 1):
 PSYoungGen      total 162816K, used 16745K [0x0000000795580000, 0x00000007a2180000, 0x00000007c0000000)
  eden space 145920K, 0% used [0x0000000795580000,0x0000000795580000,0x000000079e400000)
  from space 16896K, 99% used [0x000000079e400000,0x000000079f45a598,0x000000079f480000)
  to   space 18944K, 0% used [0x00000007a0f00000,0x00000007a0f00000,0x00000007a2180000)
 ParOldGen       total 72192K, used 33929K [0x0000000740000000, 0x0000000744680000, 0x0000000795580000)
  object space 72192K, 46% used [0x0000000740000000,0x0000000742122470,0x0000000744680000)
 Metaspace       used 28294K, capacity 28593K, committed 28800K, reserved 1075200K
  class space    used 2221K, capacity 2310K, committed 2432K, reserved 1048576K
}

