# JRE version: Java(TM) SE Runtime Environment (8.0_131-b11) (build 1.8.0_131-b11)
# Java VM: Java HotSpot(TM) 64-Bit Server VM (25.131-b11 mixed mode bsd-amd64 compressed oops)
Heap:
 PSYoungGen      total 249344K, used 196336K [0x000000076ab00000, 0x000000077af00000, 0x00000007c0000000)
  eden space 235520K, 78% used [0x000000076ab00000,0x0000000776073b50,0x0000000779100000)
  from space 13824K, 76% used [0x000000077a180000,0x000000077abc8590,0x000000077af00000)
  to   space 15360K, 0% used [0x0000000779100000,0x0000000779100000,0x000000077a000000)
 ParOldGen       total 93696K, used 17572K [0x00000006c0000000, 0x00000006c5b80000, 0x000000076ab00000)
  object space 93696K, 18% used [0x00000006c0000000,0x00000006c11291c8,0x00000006c5b80000)
 Metaspace       used 27862K, capacity 28245K, committed 28544K, reserved 1075200K
  class space    used 2228K, capacity 2342K, committed 2432K, reserved 1048576K
GC Heap History (10 events):
Event: 8.099 GC heap before
{Heap before GC invocations=3 (full 1):
 PSYoungGen      total 76288K, used 10749K [0x000000076ab00000, 0x0000000774000000, 0x00000007c0000000)
  eden space 65536K, 0% used [0x000000076ab00000,0x000000076ab00000,0x000000076eb00000)
  from space 10752K, 99% used [0x000000076f580000,0x000000076ffff4d0,0x0000000770000000)
  to   space 10752K, 0% used [0x000000076eb00000,0x000000076eb00000,0x000000076f580000)
 ParOldGen       total 175104K, used 6179K [0x00000006c0000000, 0x00000006cab00000, 0x000000076ab00000)
  object space 175104K, 3% used [0x00000006c0000000,0x00000006c0608e50,0x00000006cab00000)
 Metaspace       used 20925K, capacity 21240K, committed 21296K, reserved 1069056K
  class space    used 2041K, capacity 2148K, committed 2176K, reserved 1048576K
Event: 8.148 GC heap after
Heap after GC invocations=3 (full 1):
 PSYoungGen      total 76288K, used 0K [0x000000076ab00000, 0x0000000774000000, 0x00000007c0000000)
  eden space 65536K, 0% used [0x000000076ab00000,0x000000076ab00000,0x000000076eb00000)
  from space 10752K, 0% used [0x000000076f580000,0x000000076f580000,0x0000000770000000)
  to   space 10752K, 0% used [0x000000076eb00000,0x000000076eb00000,0x000000076f580000)
 ParOldGen       total 93696K, used 16780K [0x00000006c0000000, 0x00000006c5b80000, 0x000000076ab00000)
  object space 93696K, 17% used [0x00000006c0000000,0x00000006c1063198,0x00000006c5b80000)
 Metaspace       used 20925K, capacity 21240K, committed 21296K, reserved 1069056K
  class space    used 2041K, capacity 2148K, committed 2176K, reserved 1048576K
}
Event: 10.982 GC heap before
{Heap before GC invocations=4 (full 1):
 PSYoungGen      total 76288K, used 65536K [0x000000076ab00000, 0x0000000774000000, 0x00000007c0000000)
  eden space 65536K, 100% used [0x000000076ab00000,0x000000076eb00000,0x000000076eb00000)
  from space 10752K, 0% used [0x000000076f580000,0x000000076f580000,0x0000000770000000)
  to   space 10752K, 0% used [0x000000076eb00000,0x000000076eb00000,0x000000076f580000)
 ParOldGen       total 93696K, used 16780K [0x00000006c0000000, 0x00000006c5b80000, 0x000000076ab00000)
  object space 93696K, 17% used [0x00000006c0000000,0x00000006c1063198,0x00000006c5b80000)
 Metaspace       used 27376K, capacity 27765K, committed 28032K, reserved 1075200K
  class space    used 2218K, capacity 2310K, committed 2432K, reserved 1048576K
Event: 10.988 GC heap after
Heap after GC invocations=4 (full 1):
 PSYoungGen      total 76288K, used 8583K [0x000000076ab00000, 0x0000000773c00000, 0x00000007c0000000)
  eden space 65536K, 0% used [0x000000076ab00000,0x000000076ab00000,0x000000076eb00000)
  from space 10752K, 79% used [0x000000076eb00000,0x000000076f361c18,0x000000076f580000)
  to   space 10752K, 0% used [0x0000000773180000,0x0000000773180000,0x0000000773c00000)
 ParOldGen       total 93696K, used 16788K [0x00000006c0000000, 0x00000006c5b80000, 0x000000076ab00000)
  object space 93696K, 17% used [0x00000006c0000000,0x00000006c1065198,0x00000006c5b80000)
 Metaspace       used 27376K, capacity 27765K, committed 28032K, reserved 1075200K
  class space    used 2218K, capacity 2310K, committed 2432K, reserved 1048576K
}
Event: 14.409 GC heap before
{Heap before GC invocations=5 (full 1):
 PSYoungGen      total 76288K, used 74119K [0x000000076ab00000, 0x0000000773c00000, 0x00000007c0000000)
  eden space 65536K, 100% used [0x000000076ab00000,0x000000076eb00000,0x000000076eb00000)
  from space 10752K, 79% used [0x000000076eb00000,0x000000076f361c18,0x000000076f580000)
  to   space 10752K, 0% used [0x0000000773180000,0x0000000773180000,0x0000000773c00000)
 ParOldGen       total 93696K, used 16788K [0x00000006c0000000, 0x00000006c5b80000, 0x000000076ab00000)
  object space 93696K, 17% used [0x00000006c0000000,0x00000006c1065198,0x00000006c5b80000)
 Metaspace       used 27673K, capacity 28021K, committed 28288K, reserved 1075200K
  class space    used 2218K, capacity 2310K, committed 2432K, reserved 1048576K
Event: 14.418 GC heap after
Heap after GC invocations=5 (full 1):
 PSYoungGen      total 136192K, used 10595K [0x000000076ab00000, 0x0000000773c00000, 0x00000007c0000000)
  eden space 125440K, 0% used [0x000000076ab00000,0x000000076ab00000,0x0000000772580000)
  from space 10752K, 98% used [0x0000000773180000,0x0000000773bd8cd8,0x0000000773c00000)
  to   space 10752K, 0% used [0x0000000772700000,0x0000000772700000,0x0000000773180000)
 ParOldGen       total 93696K, used 17564K [0x00000006c0000000, 0x00000006c5b80000, 0x000000076ab00000)
  object space 93696K, 18% used [0x00000006c0000000,0x00000006c11271c8,0x00000006c5b80000)
 Metaspace       used 27673K, capacity 28021K, committed 28288K, reserved 1075200K
  class space    used 2218K, capacity 2310K, committed 2432K, reserved 1048576K
}
Event: 26.728 GC heap before
{Heap before GC invocations=6 (full 1):
 PSYoungGen      total 136192K, used 136035K [0x000000076ab00000, 0x0000000773c00000, 0x00000007c0000000)
  eden space 125440K, 100% used [0x000000076ab00000,0x0000000772580000,0x0000000772580000)
  from space 10752K, 98% used [0x0000000773180000,0x0000000773bd8cd8,0x0000000773c00000)
  to   space 10752K, 0% used [0x0000000772700000,0x0000000772700000,0x0000000773180000)
 ParOldGen       total 93696K, used 17564K [0x00000006c0000000, 0x00000006c5b80000, 0x000000076ab00000)
  object space 93696K, 18% used [0x00000006c0000000,0x00000006c11271c8,0x00000006c5b80000)
 Metaspace       used 27804K, capacity 28149K, committed 28544K, reserved 1075200K
  class space    used 2218K, capacity 2310K, committed 2432K, reserved 1048576K
Event: 26.737 GC heap after
Heap after GC invocations=6 (full 1):
 PSYoungGen      total 137728K, used 10561K [0x000000076ab00000, 0x000000077b100000, 0x00000007c0000000)
  eden space 126976K, 0% used [0x000000076ab00000,0x000000076ab00000,0x0000000772700000)
  from space 10752K, 98% used [0x0000000772700000,0x0000000773150590,0x0000000773180000)
  to   space 15872K, 0% used [0x000000077a180000,0x000000077a180000,0x000000077b100000)
 ParOldGen       total 93696K, used 17572K [0x00000006c0000000, 0x00000006c5b80000, 0x000000076ab00000)
  object space 93696K, 18% used [0x00000006c0000000,0x00000006c11291c8,0x00000006c5b80000)
 Metaspace       used 27804K, capacity 28149K, committed 28544K, reserved 1075200K
  class space    used 2218K, capacity 2310K, committed 2432K, reserved 1048576K
}
Event: 39.446 GC heap before
{Heap before GC invocations=7 (full 1):
 PSYoungGen      total 137728K, used 137537K [0x000000076ab00000, 0x000000077b100000, 0x00000007c0000000)
  eden space 126976K, 100% used [0x000000076ab00000,0x0000000772700000,0x0000000772700000)
  from space 10752K, 98% used [0x0000000772700000,0x0000000773150590,0x0000000773180000)
  to   space 15872K, 0% used [0x000000077a180000,0x000000077a180000,0x000000077b100000)
 ParOldGen       total 93696K, used 17572K [0x00000006c0000000, 0x00000006c5b80000, 0x000000076ab00000)
  object space 93696K, 18% used [0x00000006c0000000,0x00000006c11291c8,0x00000006c5b80000)
 Metaspace       used 27805K, capacity 28149K, committed 28544K, reserved 1075200K
  class space    used 2219K, capacity 2310K, committed 2432K, reserved 1048576K
Event: 39.454 GC heap after
Heap after GC invocations=7 (full 1):
 PSYoungGen      total 249344K, used 10529K [0x000000076ab00000, 0x000000077af00000, 0x00000007c0000000)
  eden space 235520K, 0% used [0x000000076ab00000,0x000000076ab00000,0x0000000779100000)
  from space 13824K, 76% used [0x000000077a180000,0x000000077abc8590,0x000000077af00000)
  to   space 15360K, 0% used [0x0000000779100000,0x0000000779100000,0x000000077a000000)
 ParOldGen       total 93696K, used 17572K [0x00000006c0000000, 0x00000006c5b80000, 0x000000076ab00000)
  object space 93696K, 18% used [0x00000006c0000000,0x00000006c11291c8,0x00000006c5b80000)
 Metaspace       used 27805K, capacity 28149K, committed 28544K, reserved 1075200K
  class space    used 2219K, capacity 2310K, committed 2432K, reserved 1048576K
}

