# JRE version: Java(TM) SE Runtime Environment (8.0_131-b11) (build 1.8.0_131-b11)
# Java VM: Java HotSpot(TM) 64-Bit Server VM (25.131-b11 mixed mode bsd-amd64 compressed oops)
Heap:
 PSYoungGen      total 76288K, used 27287K [0x000000076ab00000, 0x0000000772400000, 0x00000007c0000000)
  eden space 65536K, 25% used [0x000000076ab00000,0x000000076bb2a7c0,0x000000076eb00000)
  from space 10752K, 99% used [0x000000076eb00000,0x000000076f57b6a0,0x000000076f580000)
  to   space 10752K, 0% used [0x0000000771980000,0x0000000771980000,0x0000000772400000)
 ParOldGen       total 116224K, used 17603K [0x00000006c0000000, 0x00000006c7180000, 0x000000076ab00000)
  object space 116224K, 15% used [0x00000006c0000000,0x00000006c1130df8,0x00000006c7180000)
 Metaspace       used 27316K, capacity 27693K, committed 28032K, reserved 1075200K
  class space    used 2204K, capacity 2310K, committed 2432K, reserved 1048576K
GC Heap History (8 events):
Event: 2.638 GC heap before
{Heap before GC invocations=1 (full 0):
 PSYoungGen      total 76288K, used 65536K [0x000000076ab00000, 0x0000000770000000, 0x00000007c0000000)
  eden space 65536K, 100% used [0x000000076ab00000,0x000000076eb00000,0x000000076eb00000)
  from space 10752K, 0% used [0x000000076f580000,0x000000076f580000,0x0000000770000000)
  to   space 10752K, 0% used [0x000000076eb00000,0x000000076eb00000,0x000000076f580000)
 ParOldGen       total 175104K, used 0K [0x00000006c0000000, 0x00000006cab00000, 0x000000076ab00000)
  object space 175104K, 0% used [0x00000006c0000000,0x00000006c0000000,0x00000006cab00000)
 Metaspace       used 19116K, capacity 19487K, committed 19584K, reserved 1067008K
  class space    used 1966K, capacity 2084K, committed 2176K, reserved 1048576K
Event: 2.647 GC heap after
Heap after GC invocations=1 (full 0):
 PSYoungGen      total 76288K, used 10338K [0x000000076ab00000, 0x0000000770000000, 0x00000007c0000000)
  eden space 65536K, 0% used [0x000000076ab00000,0x000000076ab00000,0x000000076eb00000)
  from space 10752K, 96% used [0x000000076eb00000,0x000000076f518ac8,0x000000076f580000)
  to   space 10752K, 0% used [0x000000076f580000,0x000000076f580000,0x0000000770000000)
 ParOldGen       total 175104K, used 16K [0x00000006c0000000, 0x00000006cab00000, 0x000000076ab00000)
  object space 175104K, 0% used [0x00000006c0000000,0x00000006c0004000,0x00000006cab00000)
 Metaspace       used 19116K, capacity 19487K, committed 19584K, reserved 1067008K
  class space    used 1966K, capacity 2084K, committed 2176K, reserved 1048576K
}
Event: 2.853 GC heap before
{Heap before GC invocations=2 (full 0):
 PSYoungGen      total 76288K, used 40220K [0x000000076ab00000, 0x0000000770000000, 0x00000007c0000000)
  eden space 65536K, 45% used [0x000000076ab00000,0x000000076c82e678,0x000000076eb00000)
  from space 10752K, 96% used [0x000000076eb00000,0x000000076f518ac8,0x000000076f580000)
  to   space 10752K, 0% used [0x000000076f580000,0x000000076f580000,0x0000000770000000)
 ParOldGen       total 175104K, used 16K [0x00000006c0000000, 0x00000006cab00000, 0x000000076ab00000)
  object space 175104K, 0% used [0x00000006c0000000,0x00000006c0004000,0x00000006cab00000)
 Metaspace       used 20952K, capacity 21236K, committed 21296K, reserved 1069056K
  class space    used 2042K, capacity 2148K, committed 2176K, reserved 1048576K
Event: 2.865 GC heap after
Heap after GC invocations=2 (full 0):
 PSYoungGen      total 76288K, used 10733K [0x000000076ab00000, 0x0000000774000000, 0x00000007c0000000)
  eden space 65536K, 0% used [0x000000076ab00000,0x000000076ab00000,0x000000076eb00000)
  from space 10752K, 99% used [0x000000076f580000,0x000000076fffb520,0x0000000770000000)
  to   space 10752K, 0% used [0x000000076eb00000,0x000000076eb00000,0x000000076f580000)
 ParOldGen       total 175104K, used 6949K [0x00000006c0000000, 0x00000006cab00000, 0x000000076ab00000)
  object space 175104K, 3% used [0x00000006c0000000,0x00000006c06c9660,0x00000006cab00000)
 Metaspace       used 20952K, capacity 21236K, committed 21296K, reserved 1069056K
  class space    used 2042K, capacity 2148K, committed 2176K, reserved 1048576K
}
Event: 2.865 GC heap before
{Heap before GC invocations=3 (full 1):
 PSYoungGen      total 76288K, used 10733K [0x000000076ab00000, 0x0000000774000000, 0x00000007c0000000)
  eden space 65536K, 0% used [0x000000076ab00000,0x000000076ab00000,0x000000076eb00000)
  from space 10752K, 99% used [0x000000076f580000,0x000000076fffb520,0x0000000770000000)
  to   space 10752K, 0% used [0x000000076eb00000,0x000000076eb00000,0x000000076f580000)
 ParOldGen       total 175104K, used 6949K [0x00000006c0000000, 0x00000006cab00000, 0x000000076ab00000)
  object space 175104K, 3% used [0x00000006c0000000,0x00000006c06c9660,0x00000006cab00000)
 Metaspace       used 20952K, capacity 21236K, committed 21296K, reserved 1069056K
  class space    used 2042K, capacity 2148K, committed 2176K, reserved 1048576K
Event: 2.912 GC heap after
Heap after GC invocations=3 (full 1):
 PSYoungGen      total 76288K, used 0K [0x000000076ab00000, 0x0000000774000000, 0x00000007c0000000)
  eden space 65536K, 0% used [0x000000076ab00000,0x000000076ab00000,0x000000076eb00000)
  from space 10752K, 0% used [0x000000076f580000,0x000000076f580000,0x0000000770000000)
  to   space 10752K, 0% used [0x000000076eb00000,0x000000076eb00000,0x000000076f580000)
 ParOldGen       total 116224K, used 17595K [0x00000006c0000000, 0x00000006c7180000, 0x000000076ab00000)
  object space 116224K, 15% used [0x00000006c0000000,0x00000006c112edf8,0x00000006c7180000)
 Metaspace       used 20952K, capacity 21236K, committed 21296K, reserved 1069056K
  class space    used 2042K, capacity 2148K, committed 2176K, reserved 1048576K
}
Event: 4.891 GC heap before
{Heap before GC invocations=4 (full 1):
 PSYoungGen      total 76288K, used 65536K [0x000000076ab00000, 0x0000000774000000, 0x00000007c0000000)
  eden space 65536K, 100% used [0x000000076ab00000,0x000000076eb00000,0x000000076eb00000)
  from space 10752K, 0% used [0x000000076f580000,0x000000076f580000,0x0000000770000000)
  to   space 10752K, 0% used [0x000000076eb00000,0x000000076eb00000,0x000000076f580000)
 ParOldGen       total 116224K, used 17595K [0x00000006c0000000, 0x00000006c7180000, 0x000000076ab00000)
  object space 116224K, 15% used [0x00000006c0000000,0x00000006c112edf8,0x00000006c7180000)
 Metaspace       used 27175K, capacity 27501K, committed 27776K, reserved 1075200K
  class space    used 2196K, capacity 2310K, committed 2432K, reserved 1048576K
Event: 4.900 GC heap after
Heap after GC invocations=4 (full 1):
 PSYoungGen      total 76288K, used 10733K [0x000000076ab00000, 0x0000000772400000, 0x00000007c0000000)
  eden space 65536K, 0% used [0x000000076ab00000,0x000000076ab00000,0x000000076eb00000)
  from space 10752K, 99% used [0x000000076eb00000,0x000000076f57b6a0,0x000000076f580000)
  to   space 10752K, 0% used [0x0000000771980000,0x0000000771980000,0x0000000772400000)
 ParOldGen       total 116224K, used 17603K [0x00000006c0000000, 0x00000006c7180000, 0x000000076ab00000)
  object space 116224K, 15% used [0x00000006c0000000,0x00000006c1130df8,0x00000006c7180000)
 Metaspace       used 27175K, capacity 27501K, committed 27776K, reserved 1075200K
  class space    used 2196K, capacity 2310K, committed 2432K, reserved 1048576K
}

