# JRE version: Java(TM) SE Runtime Environment (8.0_131-b11) (build 1.8.0_131-b11)
# Java VM: Java HotSpot(TM) 64-Bit Server VM (25.131-b11 mixed mode bsd-amd64 compressed oops)
Heap:
 PSYoungGen      total 76288K, used 46254K [0x000000076ab00000, 0x0000000773480000, 0x00000007c0000000)
  eden space 65536K, 54% used [0x000000076ab00000,0x000000076cdb29e0,0x000000076eb00000)
  from space 10752K, 99% used [0x000000076eb00000,0x000000076f579078,0x000000076f580000)
  to   space 10752K, 0% used [0x0000000772a00000,0x0000000772a00000,0x0000000773480000)
 ParOldGen       total 99328K, used 16932K [0x00000006c0000000, 0x00000006c6100000, 0x000000076ab00000)
  object space 99328K, 17% used [0x00000006c0000000,0x00000006c10893f0,0x00000006c6100000)
 Metaspace       used 27552K, capacity 27885K, committed 28288K, reserved 1075200K
  class space    used 2205K, capacity 2310K, committed 2432K, reserved 1048576K
GC Heap History (8 events):
Event: 7.061 GC heap before
{Heap before GC invocations=1 (full 0):
 PSYoungGen      total 76288K, used 65536K [0x000000076ab00000, 0x0000000770000000, 0x00000007c0000000)
  eden space 65536K, 100% used [0x000000076ab00000,0x000000076eb00000,0x000000076eb00000)
  from space 10752K, 0% used [0x000000076f580000,0x000000076f580000,0x0000000770000000)
  to   space 10752K, 0% used [0x000000076eb00000,0x000000076eb00000,0x000000076f580000)
 ParOldGen       total 175104K, used 0K [0x00000006c0000000, 0x00000006cab00000, 0x000000076ab00000)
  object space 175104K, 0% used [0x00000006c0000000,0x00000006c0000000,0x00000006cab00000)
 Metaspace       used 18959K, capacity 19249K, committed 19584K, reserved 1067008K
  class space    used 1945K, capacity 2049K, committed 2176K, reserved 1048576K
Event: 7.070 GC heap after
Heap after GC invocations=1 (full 0):
 PSYoungGen      total 76288K, used 10404K [0x000000076ab00000, 0x0000000770000000, 0x00000007c0000000)
  eden space 65536K, 0% used [0x000000076ab00000,0x000000076ab00000,0x000000076eb00000)
  from space 10752K, 96% used [0x000000076eb00000,0x000000076f529178,0x000000076f580000)
  to   space 10752K, 0% used [0x000000076f580000,0x000000076f580000,0x0000000770000000)
 ParOldGen       total 175104K, used 16K [0x00000006c0000000, 0x00000006cab00000, 0x000000076ab00000)
  object space 175104K, 0% used [0x00000006c0000000,0x00000006c0004000,0x00000006cab00000)
 Metaspace       used 18959K, capacity 19249K, committed 19584K, reserved 1067008K
  class space    used 1945K, capacity 2049K, committed 2176K, reserved 1048576K
}
Event: 7.221 GC heap before
{Heap before GC invocations=2 (full 0):
 PSYoungGen      total 76288K, used 39187K [0x000000076ab00000, 0x0000000770000000, 0x00000007c0000000)
  eden space 65536K, 43% used [0x000000076ab00000,0x000000076c71be48,0x000000076eb00000)
  from space 10752K, 96% used [0x000000076eb00000,0x000000076f529178,0x000000076f580000)
  to   space 10752K, 0% used [0x000000076f580000,0x000000076f580000,0x0000000770000000)
 ParOldGen       total 175104K, used 16K [0x00000006c0000000, 0x00000006cab00000, 0x000000076ab00000)
  object space 175104K, 0% used [0x00000006c0000000,0x00000006c0004000,0x00000006cab00000)
 Metaspace       used 20844K, capacity 21158K, committed 21296K, reserved 1069056K
  class space    used 2032K, capacity 2145K, committed 2176K, reserved 1048576K
Event: 7.229 GC heap after
Heap after GC invocations=2 (full 0):
 PSYoungGen      total 76288K, used 10738K [0x000000076ab00000, 0x0000000774000000, 0x00000007c0000000)
  eden space 65536K, 0% used [0x000000076ab00000,0x000000076ab00000,0x000000076eb00000)
  from space 10752K, 99% used [0x000000076f580000,0x000000076fffc820,0x0000000770000000)
  to   space 10752K, 0% used [0x000000076eb00000,0x000000076eb00000,0x000000076f580000)
 ParOldGen       total 175104K, used 6156K [0x00000006c0000000, 0x00000006cab00000, 0x000000076ab00000)
  object space 175104K, 3% used [0x00000006c0000000,0x00000006c0603350,0x00000006cab00000)
 Metaspace       used 20844K, capacity 21158K, committed 21296K, reserved 1069056K
  class space    used 2032K, capacity 2145K, committed 2176K, reserved 1048576K
}
Event: 7.229 GC heap before
{Heap before GC invocations=3 (full 1):
 PSYoungGen      total 76288K, used 10738K [0x000000076ab00000, 0x0000000774000000, 0x00000007c0000000)
  eden space 65536K, 0% used [0x000000076ab00000,0x000000076ab00000,0x000000076eb00000)
  from space 10752K, 99% used [0x000000076f580000,0x000000076fffc820,0x0000000770000000)
  to   space 10752K, 0% used [0x000000076eb00000,0x000000076eb00000,0x000000076f580000)
 ParOldGen       total 175104K, used 6156K [0x00000006c0000000, 0x00000006cab00000, 0x000000076ab00000)
  object space 175104K, 3% used [0x00000006c0000000,0x00000006c0603350,0x00000006cab00000)
 Metaspace       used 20844K, capacity 21158K, committed 21296K, reserved 1069056K
  class space    used 2032K, capacity 2145K, committed 2176K, reserved 1048576K
Event: 7.255 GC heap after
Heap after GC invocations=3 (full 1):
 PSYoungGen      total 76288K, used 0K [0x000000076ab00000, 0x0000000774000000, 0x00000007c0000000)
  eden space 65536K, 0% used [0x000000076ab00000,0x000000076ab00000,0x000000076eb00000)
  from space 10752K, 0% used [0x000000076f580000,0x000000076f580000,0x0000000770000000)
  to   space 10752K, 0% used [0x000000076eb00000,0x000000076eb00000,0x000000076f580000)
 ParOldGen       total 99328K, used 16770K [0x00000006c0000000, 0x00000006c6100000, 0x000000076ab00000)
  object space 99328K, 16% used [0x00000006c0000000,0x00000006c10609c0,0x00000006c6100000)
 Metaspace       used 20844K, capacity 21158K, committed 21296K, reserved 1069056K
  class space    used 2032K, capacity 2145K, committed 2176K, reserved 1048576K
}
Event: 10.552 GC heap before
{Heap before GC invocations=4 (full 1):
 PSYoungGen      total 76288K, used 65536K [0x000000076ab00000, 0x0000000774000000, 0x00000007c0000000)
  eden space 65536K, 100% used [0x000000076ab00000,0x000000076eb00000,0x000000076eb00000)
  from space 10752K, 0% used [0x000000076f580000,0x000000076f580000,0x0000000770000000)
  to   space 10752K, 0% used [0x000000076eb00000,0x000000076eb00000,0x000000076f580000)
 ParOldGen       total 99328K, used 16770K [0x00000006c0000000, 0x00000006c6100000, 0x000000076ab00000)
  object space 99328K, 16% used [0x00000006c0000000,0x00000006c10609c0,0x00000006c6100000)
 Metaspace       used 27279K, capacity 27627K, committed 28032K, reserved 1075200K
  class space    used 2195K, capacity 2309K, committed 2432K, reserved 1048576K
Event: 10.560 GC heap after
Heap after GC invocations=4 (full 1):
 PSYoungGen      total 76288K, used 10724K [0x000000076ab00000, 0x0000000773480000, 0x00000007c0000000)
  eden space 65536K, 0% used [0x000000076ab00000,0x000000076ab00000,0x000000076eb00000)
  from space 10752K, 99% used [0x000000076eb00000,0x000000076f579078,0x000000076f580000)
  to   space 10752K, 0% used [0x0000000772a00000,0x0000000772a00000,0x0000000773480000)
 ParOldGen       total 99328K, used 16932K [0x00000006c0000000, 0x00000006c6100000, 0x000000076ab00000)
  object space 99328K, 17% used [0x00000006c0000000,0x00000006c10893f0,0x00000006c6100000)
 Metaspace       used 27279K, capacity 27627K, committed 28032K, reserved 1075200K
  class space    used 2195K, capacity 2309K, committed 2432K, reserved 1048576K
}

