# JRE version: Java(TM) SE Runtime Environment (8.0_131-b11) (build 1.8.0_131-b11)
# Java VM: Java HotSpot(TM) 64-Bit Server VM (25.131-b11 mixed mode bsd-amd64 compressed oops)
Heap:
 PSYoungGen      total 209920K, used 20324K [0x000000076ab00000, 0x0000000779d00000, 0x00000007c0000000)
  eden space 194048K, 4% used [0x000000076ab00000,0x000000076b456680,0x0000000776880000)
  from space 15872K, 67% used [0x0000000776880000,0x0000000777302b58,0x0000000777800000)
  to   space 15360K, 0% used [0x0000000778e00000,0x0000000778e00000,0x0000000779d00000)
 ParOldGen       total 112640K, used 17912K [0x00000006c0000000, 0x00000006c6e00000, 0x000000076ab00000)
  object space 112640K, 15% used [0x00000006c0000000,0x00000006c117e1d8,0x00000006c6e00000)
 Metaspace       used 27606K, capacity 27981K, committed 28288K, reserved 1075200K
  class space    used 2208K, capacity 2342K, committed 2432K, reserved 1048576K
GC Heap History (10 events):
Event: 27.011 GC heap before
{Heap before GC invocations=6 (full 1):
 PSYoungGen      total 112128K, used 112106K [0x000000076ab00000, 0x0000000772700000, 0x00000007c0000000)
  eden space 101376K, 100% used [0x000000076ab00000,0x0000000770e00000,0x0000000770e00000)
  from space 10752K, 99% used [0x0000000771c80000,0x00000007726fab58,0x0000000772700000)
  to   space 10752K, 0% used [0x0000000771200000,0x0000000771200000,0x0000000771c80000)
 ParOldGen       total 112640K, used 17880K [0x00000006c0000000, 0x00000006c6e00000, 0x000000076ab00000)
  object space 112640K, 15% used [0x00000006c0000000,0x00000006c11761d8,0x00000006c6e00000)
 Metaspace       used 27565K, capacity 27885K, committed 28288K, reserved 1075200K
  class space    used 2200K, capacity 2310K, committed 2432K, reserved 1048576K
Event: 27.020 GC heap after
Heap after GC invocations=6 (full 1):
 PSYoungGen      total 116224K, used 10745K [0x000000076ab00000, 0x0000000775f00000, 0x00000007c0000000)
  eden space 105472K, 0% used [0x000000076ab00000,0x000000076ab00000,0x0000000771200000)
  from space 10752K, 99% used [0x0000000771200000,0x0000000771c7e580,0x0000000771c80000)
  to   space 17408K, 0% used [0x0000000774e00000,0x0000000774e00000,0x0000000775f00000)
 ParOldGen       total 112640K, used 17888K [0x00000006c0000000, 0x00000006c6e00000, 0x000000076ab00000)
  object space 112640K, 15% used [0x00000006c0000000,0x00000006c11781d8,0x00000006c6e00000)
 Metaspace       used 27565K, capacity 27885K, committed 28288K, reserved 1075200K
  class space    used 2200K, capacity 2310K, committed 2432K, reserved 1048576K
}
Event: 40.912 GC heap before
{Heap before GC invocations=7 (full 1):
 PSYoungGen      total 116224K, used 116217K [0x000000076ab00000, 0x0000000775f00000, 0x00000007c0000000)
  eden space 105472K, 100% used [0x000000076ab00000,0x0000000771200000,0x0000000771200000)
  from space 10752K, 99% used [0x0000000771200000,0x0000000771c7e580,0x0000000771c80000)
  to   space 17408K, 0% used [0x0000000774e00000,0x0000000774e00000,0x0000000775f00000)
 ParOldGen       total 112640K, used 17888K [0x00000006c0000000, 0x00000006c6e00000, 0x000000076ab00000)
  object space 112640K, 15% used [0x00000006c0000000,0x00000006c11781d8,0x00000006c6e00000)
 Metaspace       used 27566K, capacity 27885K, committed 28288K, reserved 1075200K
  class space    used 2200K, capacity 2310K, committed 2432K, reserved 1048576K
Event: 40.922 GC heap after
Heap after GC invocations=7 (full 1):
 PSYoungGen      total 162816K, used 10761K [0x000000076ab00000, 0x0000000775c00000, 0x00000007c0000000)
  eden space 148480K, 0% used [0x000000076ab00000,0x000000076ab00000,0x0000000773c00000)
  from space 14336K, 75% used [0x0000000774e00000,0x00000007758826f0,0x0000000775c00000)
  to   space 16384K, 0% used [0x0000000773c00000,0x0000000773c00000,0x0000000774c00000)
 ParOldGen       total 112640K, used 17896K [0x00000006c0000000, 0x00000006c6e00000, 0x000000076ab00000)
  object space 112640K, 15% used [0x00000006c0000000,0x00000006c117a1d8,0x00000006c6e00000)
 Metaspace       used 27566K, capacity 27885K, committed 28288K, reserved 1075200K
  class space    used 2200K, capacity 2310K, committed 2432K, reserved 1048576K
}
Event: 60.682 GC heap before
{Heap before GC invocations=8 (full 1):
 PSYoungGen      total 162816K, used 159241K [0x000000076ab00000, 0x0000000775c00000, 0x00000007c0000000)
  eden space 148480K, 100% used [0x000000076ab00000,0x0000000773c00000,0x0000000773c00000)
  from space 14336K, 75% used [0x0000000774e00000,0x00000007758826f0,0x0000000775c00000)
  to   space 16384K, 0% used [0x0000000773c00000,0x0000000773c00000,0x0000000774c00000)
 ParOldGen       total 112640K, used 17896K [0x00000006c0000000, 0x00000006c6e00000, 0x000000076ab00000)
  object space 112640K, 15% used [0x00000006c0000000,0x00000006c117a1d8,0x00000006c6e00000)
 Metaspace       used 27566K, capacity 27885K, committed 28288K, reserved 1075200K
  class space    used 2200K, capacity 2310K, committed 2432K, reserved 1048576K
Event: 60.690 GC heap after
Heap after GC invocations=8 (full 1):
 PSYoungGen      total 164864K, used 10697K [0x000000076ab00000, 0x0000000778c80000, 0x00000007c0000000)
  eden space 148480K, 0% used [0x000000076ab00000,0x000000076ab00000,0x0000000773c00000)
  from space 16384K, 65% used [0x0000000773c00000,0x00000007746726f0,0x0000000774c00000)
  to   space 15872K, 0% used [0x0000000777d00000,0x0000000777d00000,0x0000000778c80000)
 ParOldGen       total 112640K, used 17904K [0x00000006c0000000, 0x00000006c6e00000, 0x000000076ab00000)
  object space 112640K, 15% used [0x00000006c0000000,0x00000006c117c1d8,0x00000006c6e00000)
 Metaspace       used 27566K, capacity 27885K, committed 28288K, reserved 1075200K
  class space    used 2200K, capacity 2310K, committed 2432K, reserved 1048576K
}
Event: 80.530 GC heap before
{Heap before GC invocations=9 (full 1):
 PSYoungGen      total 164864K, used 159177K [0x000000076ab00000, 0x0000000778c80000, 0x00000007c0000000)
  eden space 148480K, 100% used [0x000000076ab00000,0x0000000773c00000,0x0000000773c00000)
  from space 16384K, 65% used [0x0000000773c00000,0x00000007746726f0,0x0000000774c00000)
  to   space 15872K, 0% used [0x0000000777d00000,0x0000000777d00000,0x0000000778c80000)
 ParOldGen       total 112640K, used 17904K [0x00000006c0000000, 0x00000006c6e00000, 0x000000076ab00000)
  object space 112640K, 15% used [0x00000006c0000000,0x00000006c117c1d8,0x00000006c6e00000)
 Metaspace       used 27566K, capacity 27885K, committed 28288K, reserved 1075200K
  class space    used 2200K, capacity 2310K, committed 2432K, reserved 1048576K
Event: 80.538 GC heap after
Heap after GC invocations=9 (full 1):
 PSYoungGen      total 201216K, used 10698K [0x000000076ab00000, 0x0000000778780000, 0x00000007c0000000)
  eden space 190464K, 0% used [0x000000076ab00000,0x000000076ab00000,0x0000000776500000)
  from space 10752K, 99% used [0x0000000777d00000,0x0000000778772b58,0x0000000778780000)
  to   space 15872K, 0% used [0x0000000776880000,0x0000000776880000,0x0000000777800000)
 ParOldGen       total 112640K, used 17904K [0x00000006c0000000, 0x00000006c6e00000, 0x000000076ab00000)
  object space 112640K, 15% used [0x00000006c0000000,0x00000006c117c1d8,0x00000006c6e00000)
 Metaspace       used 27566K, capacity 27885K, committed 28288K, reserved 1075200K
  class space    used 2200K, capacity 2310K, committed 2432K, reserved 1048576K
}
Event: 105.656 GC heap before
{Heap before GC invocations=10 (full 1):
 PSYoungGen      total 201216K, used 201162K [0x000000076ab00000, 0x0000000778780000, 0x00000007c0000000)
  eden space 190464K, 100% used [0x000000076ab00000,0x0000000776500000,0x0000000776500000)
  from space 10752K, 99% used [0x0000000777d00000,0x0000000778772b58,0x0000000778780000)
  to   space 15872K, 0% used [0x0000000776880000,0x0000000776880000,0x0000000777800000)
 ParOldGen       total 112640K, used 17904K [0x00000006c0000000, 0x00000006c6e00000, 0x000000076ab00000)
  object space 112640K, 15% used [0x00000006c0000000,0x00000006c117c1d8,0x00000006c6e00000)
 Metaspace       used 27569K, capacity 27885K, committed 28288K, reserved 1075200K
  class space    used 2200K, capacity 2310K, committed 2432K, reserved 1048576K
Event: 105.665 GC heap after
Heap after GC invocations=10 (full 1):
 PSYoungGen      total 209920K, used 10762K [0x000000076ab00000, 0x0000000779d00000, 0x00000007c0000000)
  eden space 194048K, 0% used [0x000000076ab00000,0x000000076ab00000,0x0000000776880000)
  from space 15872K, 67% used [0x0000000776880000,0x0000000777302b58,0x0000000777800000)
  to   space 15360K, 0% used [0x0000000778e00000,0x0000000778e00000,0x0000000779d00000)
 ParOldGen       total 112640K, used 17912K [0x00000006c0000000, 0x00000006c6e00000, 0x000000076ab00000)
  object space 112640K, 15% used [0x00000006c0000000,0x00000006c117e1d8,0x00000006c6e00000)
 Metaspace       used 27569K, capacity 27885K, committed 28288K, reserved 1075200K
  class space    used 2200K, capacity 2310K, committed 2432K, reserved 1048576K
}

