# JRE version: Java(TM) SE Runtime Environment (8.0_131-b11) (build 1.8.0_131-b11)
# Java VM: Java HotSpot(TM) 64-Bit Server VM (25.131-b11 mixed mode bsd-amd64 compressed oops)
Heap:
 PSYoungGen      total 99328K, used 73676K [0x0000000795580000, 0x000000079ed80000, 0x00000007c0000000)
  eden space 84992K, 72% used [0x0000000795580000,0x0000000799192e98,0x000000079a880000)
  from space 14336K, 84% used [0x000000079a880000,0x000000079b4602a0,0x000000079b680000)
  to   space 15360K, 0% used [0x000000079de80000,0x000000079de80000,0x000000079ed80000)
 ParOldGen       total 71680K, used 25609K [0x0000000740000000, 0x0000000744600000, 0x0000000795580000)
  object space 71680K, 35% used [0x0000000740000000,0x00000007419024e0,0x0000000744600000)
 Metaspace       used 28170K, capacity 28497K, committed 28800K, reserved 1075200K
  class space    used 2238K, capacity 2342K, committed 2432K, reserved 1048576K
GC Heap History (10 events):
Event: 5.625 GC heap before
{Heap before GC invocations=4 (full 1):
 PSYoungGen      total 38400K, used 5093K [0x0000000795580000, 0x000000079a080000, 0x00000007c0000000)
  eden space 33280K, 0% used [0x0000000795580000,0x0000000795580000,0x0000000797600000)
  from space 5120K, 99% used [0x0000000797600000,0x0000000797af94c0,0x0000000797b00000)
  to   space 5120K, 0% used [0x0000000799b80000,0x0000000799b80000,0x000000079a080000)
 ParOldGen       total 87552K, used 12957K [0x0000000740000000, 0x0000000745580000, 0x0000000795580000)
  object space 87552K, 14% used [0x0000000740000000,0x0000000740ca76e8,0x0000000745580000)
 Metaspace       used 20819K, capacity 21162K, committed 21296K, reserved 1069056K
  class space    used 2027K, capacity 2145K, committed 2176K, reserved 1048576K
Event: 5.677 GC heap after
Heap after GC invocations=4 (full 1):
 PSYoungGen      total 38400K, used 0K [0x0000000795580000, 0x000000079a080000, 0x00000007c0000000)
  eden space 33280K, 0% used [0x0000000795580000,0x0000000795580000,0x0000000797600000)
  from space 5120K, 0% used [0x0000000797600000,0x0000000797600000,0x0000000797b00000)
  to   space 5120K, 0% used [0x0000000799b80000,0x0000000799b80000,0x000000079a080000)
 ParOldGen       total 71680K, used 17124K [0x0000000740000000, 0x0000000744600000, 0x0000000795580000)
  object space 71680K, 23% used [0x0000000740000000,0x00000007410b92f8,0x0000000744600000)
 Metaspace       used 20819K, capacity 21162K, committed 21296K, reserved 1069056K
  class space    used 2027K, capacity 2145K, committed 2176K, reserved 1048576K
}
Event: 7.800 GC heap before
{Heap before GC invocations=5 (full 1):
 PSYoungGen      total 38400K, used 33280K [0x0000000795580000, 0x000000079a080000, 0x00000007c0000000)
  eden space 33280K, 100% used [0x0000000795580000,0x0000000797600000,0x0000000797600000)
  from space 5120K, 0% used [0x0000000797600000,0x0000000797600000,0x0000000797b00000)
  to   space 5120K, 0% used [0x0000000799b80000,0x0000000799b80000,0x000000079a080000)
 ParOldGen       total 71680K, used 17124K [0x0000000740000000, 0x0000000744600000, 0x0000000795580000)
  object space 71680K, 23% used [0x0000000740000000,0x00000007410b92f8,0x0000000744600000)
 Metaspace       used 26641K, capacity 27000K, committed 27264K, reserved 1075200K
  class space    used 2184K, capacity 2306K, committed 2432K, reserved 1048576K
Event: 7.812 GC heap after
Heap after GC invocations=5 (full 1):
 PSYoungGen      total 59392K, used 5100K [0x0000000795580000, 0x000000079a080000, 0x00000007c0000000)
  eden space 54272K, 0% used [0x0000000795580000,0x0000000795580000,0x0000000798a80000)
  from space 5120K, 99% used [0x0000000799b80000,0x000000079a07b208,0x000000079a080000)
  to   space 5120K, 0% used [0x0000000799680000,0x0000000799680000,0x0000000799b80000)
 ParOldGen       total 71680K, used 20143K [0x0000000740000000, 0x0000000744600000, 0x0000000795580000)
  object space 71680K, 28% used [0x0000000740000000,0x00000007413abef8,0x0000000744600000)
 Metaspace       used 26641K, capacity 27000K, committed 27264K, reserved 1075200K
  class space    used 2184K, capacity 2306K, committed 2432K, reserved 1048576K
}
Event: 10.406 GC heap before
{Heap before GC invocations=6 (full 1):
 PSYoungGen      total 59392K, used 59250K [0x0000000795580000, 0x000000079a080000, 0x00000007c0000000)
  eden space 54272K, 99% used [0x0000000795580000,0x0000000798a618c8,0x0000000798a80000)
  from space 5120K, 99% used [0x0000000799b80000,0x000000079a07b208,0x000000079a080000)
  to   space 5120K, 0% used [0x0000000799680000,0x0000000799680000,0x0000000799b80000)
 ParOldGen       total 71680K, used 20655K [0x0000000740000000, 0x0000000744600000, 0x0000000795580000)
  object space 71680K, 28% used [0x0000000740000000,0x000000074142bf18,0x0000000744600000)
 Metaspace       used 27123K, capacity 27489K, committed 27776K, reserved 1075200K
  class space    used 2184K, capacity 2306K, committed 2432K, reserved 1048576K
Event: 10.414 GC heap after
Heap after GC invocations=6 (full 1):
 PSYoungGen      total 71680K, used 5088K [0x0000000795580000, 0x000000079c400000, 0x00000007c0000000)
  eden space 66560K, 0% used [0x0000000795580000,0x0000000795580000,0x0000000799680000)
  from space 5120K, 99% used [0x0000000799680000,0x0000000799b78110,0x0000000799b80000)
  to   space 13824K, 0% used [0x000000079b680000,0x000000079b680000,0x000000079c400000)
 ParOldGen       total 71680K, used 25591K [0x0000000740000000, 0x0000000744600000, 0x0000000795580000)
  object space 71680K, 35% used [0x0000000740000000,0x00000007418fdc70,0x0000000744600000)
 Metaspace       used 27123K, capacity 27489K, committed 27776K, reserved 1075200K
  class space    used 2184K, capacity 2306K, committed 2432K, reserved 1048576K
}
Event: 17.217 GC heap before
{Heap before GC invocations=7 (full 1):
 PSYoungGen      total 71680K, used 71648K [0x0000000795580000, 0x000000079c400000, 0x00000007c0000000)
  eden space 66560K, 100% used [0x0000000795580000,0x0000000799680000,0x0000000799680000)
  from space 5120K, 99% used [0x0000000799680000,0x0000000799b78110,0x0000000799b80000)
  to   space 13824K, 0% used [0x000000079b680000,0x000000079b680000,0x000000079c400000)
 ParOldGen       total 71680K, used 25593K [0x0000000740000000, 0x0000000744600000, 0x0000000795580000)
  object space 71680K, 35% used [0x0000000740000000,0x00000007418fe4e0,0x0000000744600000)
 Metaspace       used 27818K, capacity 28145K, committed 28544K, reserved 1075200K
  class space    used 2227K, capacity 2310K, committed 2432K, reserved 1048576K
Event: 17.224 GC heap after
Heap after GC invocations=7 (full 1):
 PSYoungGen      total 98816K, used 4114K [0x0000000795580000, 0x000000079d400000, 0x00000007c0000000)
  eden space 84992K, 0% used [0x0000000795580000,0x0000000795580000,0x000000079a880000)
  from space 13824K, 29% used [0x000000079b680000,0x000000079ba849c8,0x000000079c400000)
  to   space 14336K, 0% used [0x000000079a880000,0x000000079a880000,0x000000079b680000)
 ParOldGen       total 71680K, used 25601K [0x0000000740000000, 0x0000000744600000, 0x0000000795580000)
  object space 71680K, 35% used [0x0000000740000000,0x00000007419004e0,0x0000000744600000)
 Metaspace       used 27818K, capacity 28145K, committed 28544K, reserved 1075200K
  class space    used 2227K, capacity 2310K, committed 2432K, reserved 1048576K
}
Event: 19.521 GC heap before
{Heap before GC invocations=8 (full 1):
 PSYoungGen      total 98816K, used 89106K [0x0000000795580000, 0x000000079d400000, 0x00000007c0000000)
  eden space 84992K, 100% used [0x0000000795580000,0x000000079a880000,0x000000079a880000)
  from space 13824K, 29% used [0x000000079b680000,0x000000079ba849c8,0x000000079c400000)
  to   space 14336K, 0% used [0x000000079a880000,0x000000079a880000,0x000000079b680000)
 ParOldGen       total 71680K, used 25601K [0x0000000740000000, 0x0000000744600000, 0x0000000795580000)
  object space 71680K, 35% used [0x0000000740000000,0x00000007419004e0,0x0000000744600000)
 Metaspace       used 27972K, capacity 28337K, committed 28800K, reserved 1075200K
  class space    used 2227K, capacity 2310K, committed 2432K, reserved 1048576K
Event: 19.529 GC heap after
Heap after GC invocations=8 (full 1):
 PSYoungGen      total 99328K, used 12160K [0x0000000795580000, 0x000000079ed80000, 0x00000007c0000000)
  eden space 84992K, 0% used [0x0000000795580000,0x0000000795580000,0x000000079a880000)
  from space 14336K, 84% used [0x000000079a880000,0x000000079b4602a0,0x000000079b680000)
  to   space 15360K, 0% used [0x000000079de80000,0x000000079de80000,0x000000079ed80000)
 ParOldGen       total 71680K, used 25609K [0x0000000740000000, 0x0000000744600000, 0x0000000795580000)
  object space 71680K, 35% used [0x0000000740000000,0x00000007419024e0,0x0000000744600000)
 Metaspace       used 27972K, capacity 28337K, committed 28800K, reserved 1075200K
  class space    used 2227K, capacity 2310K, committed 2432K, reserved 1048576K
}

