# JRE version: Java(TM) SE Runtime Environment (8.0_131-b11) (build 1.8.0_131-b11)
# Java VM: Java HotSpot(TM) 64-Bit Server VM (25.131-b11 mixed mode bsd-amd64 compressed oops)
Heap:
 PSYoungGen      total 111104K, used 25344K [0x000000076ab00000, 0x0000000774f80000, 0x00000007c0000000)
  eden space 100352K, 14% used [0x000000076ab00000,0x000000076b9455b0,0x0000000770d00000)
  from space 10752K, 99% used [0x0000000770d00000,0x000000077177ab58,0x0000000771780000)
  to   space 17408K, 0% used [0x0000000773e80000,0x0000000773e80000,0x0000000774f80000)
 ParOldGen       total 118272K, used 17856K [0x00000006c0000000, 0x00000006c7380000, 0x000000076ab00000)
  object space 118272K, 15% used [0x00000006c0000000,0x00000006c1170048,0x00000006c7380000)
 Metaspace       used 27541K, capacity 27883K, committed 28288K, reserved 1075200K
  class space    used 2201K, capacity 2309K, committed 2432K, reserved 1048576K
GC Heap History (10 events):
Event: 2.780 GC heap before
{Heap before GC invocations=2 (full 0):
 PSYoungGen      total 76288K, used 40144K [0x000000076ab00000, 0x0000000770000000, 0x00000007c0000000)
  eden space 65536K, 45% used [0x000000076ab00000,0x000000076c7fc128,0x000000076eb00000)
  from space 10752K, 97% used [0x000000076eb00000,0x000000076f538058,0x000000076f580000)
  to   space 10752K, 0% used [0x000000076f580000,0x000000076f580000,0x0000000770000000)
 ParOldGen       total 175104K, used 16K [0x00000006c0000000, 0x00000006cab00000, 0x000000076ab00000)
  object space 175104K, 0% used [0x00000006c0000000,0x00000006c0004000,0x00000006cab00000)
 Metaspace       used 20944K, capacity 21230K, committed 21296K, reserved 1069056K
  class space    used 2037K, capacity 2147K, committed 2176K, reserved 1048576K
Event: 2.789 GC heap after
Heap after GC invocations=2 (full 0):
 PSYoungGen      total 76288K, used 10749K [0x000000076ab00000, 0x0000000774000000, 0x00000007c0000000)
  eden space 65536K, 0% used [0x000000076ab00000,0x000000076ab00000,0x000000076eb00000)
  from space 10752K, 99% used [0x000000076f580000,0x000000076ffff4a0,0x0000000770000000)
  to   space 10752K, 0% used [0x000000076eb00000,0x000000076eb00000,0x000000076f580000)
 ParOldGen       total 175104K, used 6908K [0x00000006c0000000, 0x00000006cab00000, 0x000000076ab00000)
  object space 175104K, 3% used [0x00000006c0000000,0x00000006c06bf258,0x00000006cab00000)
 Metaspace       used 20944K, capacity 21230K, committed 21296K, reserved 1069056K
  class space    used 2037K, capacity 2147K, committed 2176K, reserved 1048576K
}
Event: 2.789 GC heap before
{Heap before GC invocations=3 (full 1):
 PSYoungGen      total 76288K, used 10749K [0x000000076ab00000, 0x0000000774000000, 0x00000007c0000000)
  eden space 65536K, 0% used [0x000000076ab00000,0x000000076ab00000,0x000000076eb00000)
  from space 10752K, 99% used [0x000000076f580000,0x000000076ffff4a0,0x0000000770000000)
  to   space 10752K, 0% used [0x000000076eb00000,0x000000076eb00000,0x000000076f580000)
 ParOldGen       total 175104K, used 6908K [0x00000006c0000000, 0x00000006cab00000, 0x000000076ab00000)
  object space 175104K, 3% used [0x00000006c0000000,0x00000006c06bf258,0x00000006cab00000)
 Metaspace       used 20944K, capacity 21230K, committed 21296K, reserved 1069056K
  class space    used 2037K, capacity 2147K, committed 2176K, reserved 1048576K
Event: 2.835 GC heap after
Heap after GC invocations=3 (full 1):
 PSYoungGen      total 76288K, used 0K [0x000000076ab00000, 0x0000000774000000, 0x00000007c0000000)
  eden space 65536K, 0% used [0x000000076ab00000,0x000000076ab00000,0x000000076eb00000)
  from space 10752K, 0% used [0x000000076f580000,0x000000076f580000,0x0000000770000000)
  to   space 10752K, 0% used [0x000000076eb00000,0x000000076eb00000,0x000000076f580000)
 ParOldGen       total 118272K, used 17568K [0x00000006c0000000, 0x00000006c7380000, 0x000000076ab00000)
  object space 118272K, 14% used [0x00000006c0000000,0x00000006c1128018,0x00000006c7380000)
 Metaspace       used 20944K, capacity 21230K, committed 21296K, reserved 1069056K
  class space    used 2037K, capacity 2147K, committed 2176K, reserved 1048576K
}
Event: 4.798 GC heap before
{Heap before GC invocations=4 (full 1):
 PSYoungGen      total 76288K, used 65536K [0x000000076ab00000, 0x0000000774000000, 0x00000007c0000000)
  eden space 65536K, 100% used [0x000000076ab00000,0x000000076eb00000,0x000000076eb00000)
  from space 10752K, 0% used [0x000000076f580000,0x000000076f580000,0x0000000770000000)
  to   space 10752K, 0% used [0x000000076eb00000,0x000000076eb00000,0x000000076f580000)
 ParOldGen       total 118272K, used 17568K [0x00000006c0000000, 0x00000006c7380000, 0x000000076ab00000)
  object space 118272K, 14% used [0x00000006c0000000,0x00000006c1128018,0x00000006c7380000)
 Metaspace       used 27072K, capacity 27429K, committed 27776K, reserved 1075200K
  class space    used 2193K, capacity 2308K, committed 2432K, reserved 1048576K
Event: 4.807 GC heap after
Heap after GC invocations=4 (full 1):
 PSYoungGen      total 76288K, used 10703K [0x000000076ab00000, 0x0000000772200000, 0x00000007c0000000)
  eden space 65536K, 0% used [0x000000076ab00000,0x000000076ab00000,0x000000076eb00000)
  from space 10752K, 99% used [0x000000076eb00000,0x000000076f573de8,0x000000076f580000)
  to   space 10752K, 0% used [0x0000000771780000,0x0000000771780000,0x0000000772200000)
 ParOldGen       total 118272K, used 17576K [0x00000006c0000000, 0x00000006c7380000, 0x000000076ab00000)
  object space 118272K, 14% used [0x00000006c0000000,0x00000006c112a018,0x00000006c7380000)
 Metaspace       used 27072K, capacity 27429K, committed 27776K, reserved 1075200K
  class space    used 2193K, capacity 2308K, committed 2432K, reserved 1048576K
}
Event: 12.577 GC heap before
{Heap before GC invocations=5 (full 1):
 PSYoungGen      total 76288K, used 76239K [0x000000076ab00000, 0x0000000772200000, 0x00000007c0000000)
  eden space 65536K, 100% used [0x000000076ab00000,0x000000076eb00000,0x000000076eb00000)
  from space 10752K, 99% used [0x000000076eb00000,0x000000076f573de8,0x000000076f580000)
  to   space 10752K, 0% used [0x0000000771780000,0x0000000771780000,0x0000000772200000)
 ParOldGen       total 118272K, used 17576K [0x00000006c0000000, 0x00000006c7380000, 0x000000076ab00000)
  object space 118272K, 14% used [0x00000006c0000000,0x00000006c112a018,0x00000006c7380000)
 Metaspace       used 27503K, capacity 27883K, committed 28288K, reserved 1075200K
  class space    used 2194K, capacity 2309K, committed 2432K, reserved 1048576K
Event: 12.586 GC heap after
Heap after GC invocations=5 (full 1):
 PSYoungGen      total 106496K, used 10745K [0x000000076ab00000, 0x0000000772200000, 0x00000007c0000000)
  eden space 95744K, 0% used [0x000000076ab00000,0x000000076ab00000,0x0000000770880000)
  from space 10752K, 99% used [0x0000000771780000,0x00000007721fe580,0x0000000772200000)
  to   space 10752K, 0% used [0x0000000770d00000,0x0000000770d00000,0x0000000771780000)
 ParOldGen       total 118272K, used 17840K [0x00000006c0000000, 0x00000006c7380000, 0x000000076ab00000)
  object space 118272K, 15% used [0x00000006c0000000,0x00000006c116c028,0x00000006c7380000)
 Metaspace       used 27503K, capacity 27883K, committed 28288K, reserved 1075200K
  class space    used 2194K, capacity 2309K, committed 2432K, reserved 1048576K
}
Event: 25.150 GC heap before
{Heap before GC invocations=6 (full 1):
 PSYoungGen      total 106496K, used 106489K [0x000000076ab00000, 0x0000000772200000, 0x00000007c0000000)
  eden space 95744K, 100% used [0x000000076ab00000,0x0000000770880000,0x0000000770880000)
  from space 10752K, 99% used [0x0000000771780000,0x00000007721fe580,0x0000000772200000)
  to   space 10752K, 0% used [0x0000000770d00000,0x0000000770d00000,0x0000000771780000)
 ParOldGen       total 118272K, used 17840K [0x00000006c0000000, 0x00000006c7380000, 0x000000076ab00000)
  object space 118272K, 15% used [0x00000006c0000000,0x00000006c116c028,0x00000006c7380000)
 Metaspace       used 27511K, capacity 27883K, committed 28288K, reserved 1075200K
  class space    used 2194K, capacity 2309K, committed 2432K, reserved 1048576K
Event: 25.157 GC heap after
Heap after GC invocations=6 (full 1):
 PSYoungGen      total 111104K, used 10730K [0x000000076ab00000, 0x0000000774f80000, 0x00000007c0000000)
  eden space 100352K, 0% used [0x000000076ab00000,0x000000076ab00000,0x0000000770d00000)
  from space 10752K, 99% used [0x0000000770d00000,0x000000077177ab58,0x0000000771780000)
  to   space 17408K, 0% used [0x0000000773e80000,0x0000000773e80000,0x0000000774f80000)
 ParOldGen       total 118272K, used 17856K [0x00000006c0000000, 0x00000006c7380000, 0x000000076ab00000)
  object space 118272K, 15% used [0x00000006c0000000,0x00000006c1170048,0x00000006c7380000)
 Metaspace       used 27511K, capacity 27883K, committed 28288K, reserved 1075200K
  class space    used 2194K, capacity 2309K, committed 2432K, reserved 1048576K
}

