# JRE version: Java(TM) SE Runtime Environment (8.0_131-b11) (build 1.8.0_131-b11)
# Java VM: Java HotSpot(TM) 64-Bit Server VM (25.131-b11 mixed mode bsd-amd64 compressed oops)
Heap:
 PSYoungGen      total 108544K, used 48464K [0x000000076ab00000, 0x0000000774a00000, 0x00000007c0000000)
  eden space 97792K, 38% used [0x000000076ab00000,0x000000076cfdda88,0x0000000770a80000)
  from space 10752K, 99% used [0x0000000770a80000,0x00000007714f6580,0x0000000771500000)
  to   space 17408K, 0% used [0x0000000773900000,0x0000000773900000,0x0000000774a00000)
 ParOldGen       total 120320K, used 17899K [0x00000006c0000000, 0x00000006c7580000, 0x000000076ab00000)
  object space 120320K, 14% used [0x00000006c0000000,0x00000006c117ac68,0x00000006c7580000)
 Metaspace       used 27584K, capacity 27885K, committed 28288K, reserved 1075200K
  class space    used 2206K, capacity 2310K, committed 2432K, reserved 1048576K
GC Heap History (10 events):
Event: 2.760 GC heap before
{Heap before GC invocations=2 (full 0):
 PSYoungGen      total 76288K, used 39228K [0x000000076ab00000, 0x0000000770000000, 0x00000007c0000000)
  eden space 65536K, 44% used [0x000000076ab00000,0x000000076c740300,0x000000076eb00000)
  from space 10752K, 95% used [0x000000076eb00000,0x000000076f50ee70,0x000000076f580000)
  to   space 10752K, 0% used [0x000000076f580000,0x000000076f580000,0x0000000770000000)
 ParOldGen       total 175104K, used 16K [0x00000006c0000000, 0x00000006cab00000, 0x000000076ab00000)
  object space 175104K, 0% used [0x00000006c0000000,0x00000006c0004000,0x00000006cab00000)
 Metaspace       used 20899K, capacity 21232K, committed 21296K, reserved 1069056K
  class space    used 2039K, capacity 2148K, committed 2176K, reserved 1048576K
Event: 2.768 GC heap after
Heap after GC invocations=2 (full 0):
 PSYoungGen      total 76288K, used 10749K [0x000000076ab00000, 0x0000000774000000, 0x00000007c0000000)
  eden space 65536K, 0% used [0x000000076ab00000,0x000000076ab00000,0x000000076eb00000)
  from space 10752K, 99% used [0x000000076f580000,0x000000076ffff4a0,0x0000000770000000)
  to   space 10752K, 0% used [0x000000076eb00000,0x000000076eb00000,0x000000076f580000)
 ParOldGen       total 175104K, used 6928K [0x00000006c0000000, 0x00000006cab00000, 0x000000076ab00000)
  object space 175104K, 3% used [0x00000006c0000000,0x00000006c06c43b8,0x00000006cab00000)
 Metaspace       used 20899K, capacity 21232K, committed 21296K, reserved 1069056K
  class space    used 2039K, capacity 2148K, committed 2176K, reserved 1048576K
}
Event: 2.768 GC heap before
{Heap before GC invocations=3 (full 1):
 PSYoungGen      total 76288K, used 10749K [0x000000076ab00000, 0x0000000774000000, 0x00000007c0000000)
  eden space 65536K, 0% used [0x000000076ab00000,0x000000076ab00000,0x000000076eb00000)
  from space 10752K, 99% used [0x000000076f580000,0x000000076ffff4a0,0x0000000770000000)
  to   space 10752K, 0% used [0x000000076eb00000,0x000000076eb00000,0x000000076f580000)
 ParOldGen       total 175104K, used 6928K [0x00000006c0000000, 0x00000006cab00000, 0x000000076ab00000)
  object space 175104K, 3% used [0x00000006c0000000,0x00000006c06c43b8,0x00000006cab00000)
 Metaspace       used 20899K, capacity 21232K, committed 21296K, reserved 1069056K
  class space    used 2039K, capacity 2148K, committed 2176K, reserved 1048576K
Event: 2.815 GC heap after
Heap after GC invocations=3 (full 1):
 PSYoungGen      total 76288K, used 0K [0x000000076ab00000, 0x0000000774000000, 0x00000007c0000000)
  eden space 65536K, 0% used [0x000000076ab00000,0x000000076ab00000,0x000000076eb00000)
  from space 10752K, 0% used [0x000000076f580000,0x000000076f580000,0x0000000770000000)
  to   space 10752K, 0% used [0x000000076eb00000,0x000000076eb00000,0x000000076f580000)
 ParOldGen       total 120320K, used 17595K [0x00000006c0000000, 0x00000006c7580000, 0x000000076ab00000)
  object space 120320K, 14% used [0x00000006c0000000,0x00000006c112ec38,0x00000006c7580000)
 Metaspace       used 20899K, capacity 21232K, committed 21296K, reserved 1069056K
  class space    used 2039K, capacity 2148K, committed 2176K, reserved 1048576K
}
Event: 5.973 GC heap before
{Heap before GC invocations=4 (full 1):
 PSYoungGen      total 76288K, used 65536K [0x000000076ab00000, 0x0000000774000000, 0x00000007c0000000)
  eden space 65536K, 100% used [0x000000076ab00000,0x000000076eb00000,0x000000076eb00000)
  from space 10752K, 0% used [0x000000076f580000,0x000000076f580000,0x0000000770000000)
  to   space 10752K, 0% used [0x000000076eb00000,0x000000076eb00000,0x000000076f580000)
 ParOldGen       total 120320K, used 17595K [0x00000006c0000000, 0x00000006c7580000, 0x000000076ab00000)
  object space 120320K, 14% used [0x00000006c0000000,0x00000006c112ec38,0x00000006c7580000)
 Metaspace       used 27157K, capacity 27501K, committed 27776K, reserved 1075200K
  class space    used 2200K, capacity 2310K, committed 2432K, reserved 1048576K
Event: 5.983 GC heap after
Heap after GC invocations=4 (full 1):
 PSYoungGen      total 76288K, used 8434K [0x000000076ab00000, 0x0000000771f80000, 0x00000007c0000000)
  eden space 65536K, 0% used [0x000000076ab00000,0x000000076ab00000,0x000000076eb00000)
  from space 10752K, 78% used [0x000000076eb00000,0x000000076f33ca10,0x000000076f580000)
  to   space 10752K, 0% used [0x0000000771500000,0x0000000771500000,0x0000000771f80000)
 ParOldGen       total 120320K, used 17603K [0x00000006c0000000, 0x00000006c7580000, 0x000000076ab00000)
  object space 120320K, 14% used [0x00000006c0000000,0x00000006c1130c38,0x00000006c7580000)
 Metaspace       used 27157K, capacity 27501K, committed 27776K, reserved 1075200K
  class space    used 2200K, capacity 2310K, committed 2432K, reserved 1048576K
}
Event: 10.964 GC heap before
{Heap before GC invocations=5 (full 1):
 PSYoungGen      total 76288K, used 73970K [0x000000076ab00000, 0x0000000771f80000, 0x00000007c0000000)
  eden space 65536K, 100% used [0x000000076ab00000,0x000000076eb00000,0x000000076eb00000)
  from space 10752K, 78% used [0x000000076eb00000,0x000000076f33ca10,0x000000076f580000)
  to   space 10752K, 0% used [0x0000000771500000,0x0000000771500000,0x0000000771f80000)
 ParOldGen       total 120320K, used 17603K [0x00000006c0000000, 0x00000006c7580000, 0x000000076ab00000)
  object space 120320K, 14% used [0x00000006c0000000,0x00000006c1130c38,0x00000006c7580000)
 Metaspace       used 27496K, capacity 27821K, committed 28032K, reserved 1075200K
  class space    used 2200K, capacity 2310K, committed 2432K, reserved 1048576K
Event: 10.976 GC heap after
Heap after GC invocations=5 (full 1):
 PSYoungGen      total 104448K, used 10730K [0x000000076ab00000, 0x0000000771f80000, 0x00000007c0000000)
  eden space 93696K, 0% used [0x000000076ab00000,0x000000076ab00000,0x0000000770680000)
  from space 10752K, 99% used [0x0000000771500000,0x0000000771f7ab58,0x0000000771f80000)
  to   space 10752K, 0% used [0x0000000770a80000,0x0000000770a80000,0x0000000771500000)
 ParOldGen       total 120320K, used 17899K [0x00000006c0000000, 0x00000006c7580000, 0x000000076ab00000)
  object space 120320K, 14% used [0x00000006c0000000,0x00000006c117ac68,0x00000006c7580000)
 Metaspace       used 27496K, capacity 27821K, committed 28032K, reserved 1075200K
  class space    used 2200K, capacity 2310K, committed 2432K, reserved 1048576K
}
Event: 23.189 GC heap before
{Heap before GC invocations=6 (full 1):
 PSYoungGen      total 104448K, used 104426K [0x000000076ab00000, 0x0000000771f80000, 0x00000007c0000000)
  eden space 93696K, 100% used [0x000000076ab00000,0x0000000770680000,0x0000000770680000)
  from space 10752K, 99% used [0x0000000771500000,0x0000000771f7ab58,0x0000000771f80000)
  to   space 10752K, 0% used [0x0000000770a80000,0x0000000770a80000,0x0000000771500000)
 ParOldGen       total 120320K, used 17899K [0x00000006c0000000, 0x00000006c7580000, 0x000000076ab00000)
  object space 120320K, 14% used [0x00000006c0000000,0x00000006c117ac68,0x00000006c7580000)
 Metaspace       used 27552K, capacity 27885K, committed 28288K, reserved 1075200K
  class space    used 2200K, capacity 2310K, committed 2432K, reserved 1048576K
Event: 23.197 GC heap after
Heap after GC invocations=6 (full 1):
 PSYoungGen      total 108544K, used 10713K [0x000000076ab00000, 0x0000000774a00000, 0x00000007c0000000)
  eden space 97792K, 0% used [0x000000076ab00000,0x000000076ab00000,0x0000000770a80000)
  from space 10752K, 99% used [0x0000000770a80000,0x00000007714f6580,0x0000000771500000)
  to   space 17408K, 0% used [0x0000000773900000,0x0000000773900000,0x0000000774a00000)
 ParOldGen       total 120320K, used 17899K [0x00000006c0000000, 0x00000006c7580000, 0x000000076ab00000)
  object space 120320K, 14% used [0x00000006c0000000,0x00000006c117ac68,0x00000006c7580000)
 Metaspace       used 27552K, capacity 27885K, committed 28288K, reserved 1075200K
  class space    used 2200K, capacity 2310K, committed 2432K, reserved 1048576K
}

