# JRE version: Java(TM) SE Runtime Environment (8.0_131-b11) (build 1.8.0_131-b11)
# Java VM: Java HotSpot(TM) 64-Bit Server VM (25.131-b11 mixed mode bsd-amd64 compressed oops)
Heap:
 PSYoungGen      total 138240K, used 59035K [0x0000000795580000, 0x000000079ef80000, 0x00000007c0000000)
  eden space 130048K, 39% used [0x0000000795580000,0x0000000798742e58,0x000000079d480000)
  from space 8192K, 98% used [0x000000079e780000,0x000000079ef64140,0x000000079ef80000)
  to   space 12288K, 0% used [0x000000079d780000,0x000000079d780000,0x000000079e380000)
 ParOldGen       total 70144K, used 21265K [0x0000000740000000, 0x0000000744480000, 0x0000000795580000)
  object space 70144K, 30% used [0x0000000740000000,0x00000007414c46d8,0x0000000744480000)
 Metaspace       used 27861K, capacity 28205K, committed 28544K, reserved 1075200K
  class space    used 2228K, capacity 2310K, committed 2432K, reserved 1048576K
GC Heap History (10 events):
Event: 6.728 GC heap before
{Heap before GC invocations=5 (full 1):
 PSYoungGen      total 38400K, used 33280K [0x0000000795580000, 0x000000079a080000, 0x00000007c0000000)
  eden space 33280K, 100% used [0x0000000795580000,0x0000000797600000,0x0000000797600000)
  from space 5120K, 0% used [0x0000000797600000,0x0000000797600000,0x0000000797b00000)
  to   space 5120K, 0% used [0x0000000799b80000,0x0000000799b80000,0x000000079a080000)
 ParOldGen       total 70144K, used 17527K [0x0000000740000000, 0x0000000744480000, 0x0000000795580000)
  object space 70144K, 24% used [0x0000000740000000,0x000000074111dfc0,0x0000000744480000)
 Metaspace       used 26347K, capacity 26692K, committed 26880K, reserved 1075200K
  class space    used 2149K, capacity 2246K, committed 2304K, reserved 1048576K
Event: 6.738 GC heap after
Heap after GC invocations=5 (full 1):
 PSYoungGen      total 60928K, used 5119K [0x0000000795580000, 0x000000079a080000, 0x00000007c0000000)
  eden space 55808K, 0% used [0x0000000795580000,0x0000000795580000,0x0000000798c00000)
  from space 5120K, 99% used [0x0000000799b80000,0x000000079a07fd78,0x000000079a080000)
  to   space 5120K, 0% used [0x0000000799680000,0x0000000799680000,0x0000000799b80000)
 ParOldGen       total 70144K, used 19342K [0x0000000740000000, 0x0000000744480000, 0x0000000795580000)
  object space 70144K, 27% used [0x0000000740000000,0x00000007412e3ad0,0x0000000744480000)
 Metaspace       used 26347K, capacity 26692K, committed 26880K, reserved 1075200K
  class space    used 2149K, capacity 2246K, committed 2304K, reserved 1048576K
}
Event: 9.177 GC heap before
{Heap before GC invocations=6 (full 1):
 PSYoungGen      total 60928K, used 60927K [0x0000000795580000, 0x000000079a080000, 0x00000007c0000000)
  eden space 55808K, 100% used [0x0000000795580000,0x0000000798c00000,0x0000000798c00000)
  from space 5120K, 99% used [0x0000000799b80000,0x000000079a07fd78,0x000000079a080000)
  to   space 5120K, 0% used [0x0000000799680000,0x0000000799680000,0x0000000799b80000)
 ParOldGen       total 70144K, used 19342K [0x0000000740000000, 0x0000000744480000, 0x0000000795580000)
  object space 70144K, 27% used [0x0000000740000000,0x00000007412e3ad0,0x0000000744480000)
 Metaspace       used 27426K, capacity 27757K, committed 28032K, reserved 1075200K
  class space    used 2220K, capacity 2310K, committed 2432K, reserved 1048576K
Event: 9.183 GC heap after
Heap after GC invocations=6 (full 1):
 PSYoungGen      total 71680K, used 5088K [0x0000000795580000, 0x000000079ca00000, 0x00000007c0000000)
  eden space 66560K, 0% used [0x0000000795580000,0x0000000795580000,0x0000000799680000)
  from space 5120K, 99% used [0x0000000799680000,0x0000000799b780b0,0x0000000799b80000)
  to   space 14336K, 0% used [0x000000079bc00000,0x000000079bc00000,0x000000079ca00000)
 ParOldGen       total 70144K, used 21249K [0x0000000740000000, 0x0000000744480000, 0x0000000795580000)
  object space 70144K, 30% used [0x0000000740000000,0x00000007414c06d8,0x0000000744480000)
 Metaspace       used 27426K, capacity 27757K, committed 28032K, reserved 1075200K
  class space    used 2220K, capacity 2310K, committed 2432K, reserved 1048576K
}
Event: 12.744 GC heap before
{Heap before GC invocations=7 (full 1):
 PSYoungGen      total 71680K, used 71648K [0x0000000795580000, 0x000000079ca00000, 0x00000007c0000000)
  eden space 66560K, 100% used [0x0000000795580000,0x0000000799680000,0x0000000799680000)
  from space 5120K, 99% used [0x0000000799680000,0x0000000799b780b0,0x0000000799b80000)
  to   space 14336K, 0% used [0x000000079bc00000,0x000000079bc00000,0x000000079ca00000)
 ParOldGen       total 70144K, used 21249K [0x0000000740000000, 0x0000000744480000, 0x0000000795580000)
  object space 70144K, 30% used [0x0000000740000000,0x00000007414c06d8,0x0000000744480000)
 Metaspace       used 27697K, capacity 28013K, committed 28288K, reserved 1075200K
  class space    used 2221K, capacity 2310K, committed 2432K, reserved 1048576K
Event: 12.752 GC heap after
Heap after GC invocations=7 (full 1):
 PSYoungGen      total 105984K, used 8096K [0x0000000795580000, 0x000000079d500000, 0x00000007c0000000)
  eden space 91648K, 0% used [0x0000000795580000,0x0000000795580000,0x000000079af00000)
  from space 14336K, 56% used [0x000000079bc00000,0x000000079c3e8150,0x000000079ca00000)
  to   space 13312K, 0% used [0x000000079af00000,0x000000079af00000,0x000000079bc00000)
 ParOldGen       total 70144K, used 21257K [0x0000000740000000, 0x0000000744480000, 0x0000000795580000)
  object space 70144K, 30% used [0x0000000740000000,0x00000007414c26d8,0x0000000744480000)
 Metaspace       used 27697K, capacity 28013K, committed 28288K, reserved 1075200K
  class space    used 2221K, capacity 2310K, committed 2432K, reserved 1048576K
}
Event: 21.478 GC heap before
{Heap before GC invocations=8 (full 1):
 PSYoungGen      total 105984K, used 99744K [0x0000000795580000, 0x000000079d500000, 0x00000007c0000000)
  eden space 91648K, 100% used [0x0000000795580000,0x000000079af00000,0x000000079af00000)
  from space 14336K, 56% used [0x000000079bc00000,0x000000079c3e8150,0x000000079ca00000)
  to   space 13312K, 0% used [0x000000079af00000,0x000000079af00000,0x000000079bc00000)
 ParOldGen       total 70144K, used 21257K [0x0000000740000000, 0x0000000744480000, 0x0000000795580000)
  object space 70144K, 30% used [0x0000000740000000,0x00000007414c26d8,0x0000000744480000)
 Metaspace       used 27816K, capacity 28141K, committed 28544K, reserved 1075200K
  class space    used 2221K, capacity 2310K, committed 2432K, reserved 1048576K
Event: 21.485 GC heap after
Heap after GC invocations=8 (full 1):
 PSYoungGen      total 104960K, used 8080K [0x0000000795580000, 0x000000079f400000, 0x00000007c0000000)
  eden space 91648K, 0% used [0x0000000795580000,0x0000000795580000,0x000000079af00000)
  from space 13312K, 60% used [0x000000079af00000,0x000000079b6e4140,0x000000079bc00000)
  to   space 12800K, 0% used [0x000000079e780000,0x000000079e780000,0x000000079f400000)
 ParOldGen       total 70144K, used 21257K [0x0000000740000000, 0x0000000744480000, 0x0000000795580000)
  object space 70144K, 30% used [0x0000000740000000,0x00000007414c26d8,0x0000000744480000)
 Metaspace       used 27816K, capacity 28141K, committed 28544K, reserved 1075200K
  class space    used 2221K, capacity 2310K, committed 2432K, reserved 1048576K
}
Event: 30.011 GC heap before
{Heap before GC invocations=9 (full 1):
 PSYoungGen      total 104960K, used 99728K [0x0000000795580000, 0x000000079f400000, 0x00000007c0000000)
  eden space 91648K, 100% used [0x0000000795580000,0x000000079af00000,0x000000079af00000)
  from space 13312K, 60% used [0x000000079af00000,0x000000079b6e4140,0x000000079bc00000)
  to   space 12800K, 0% used [0x000000079e780000,0x000000079e780000,0x000000079f400000)
 ParOldGen       total 70144K, used 21257K [0x0000000740000000, 0x0000000744480000, 0x0000000795580000)
  object space 70144K, 30% used [0x0000000740000000,0x00000007414c26d8,0x0000000744480000)
 Metaspace       used 27817K, capacity 28141K, committed 28544K, reserved 1075200K
  class space    used 2221K, capacity 2310K, committed 2432K, reserved 1048576K
Event: 30.016 GC heap after
Heap after GC invocations=9 (full 1):
 PSYoungGen      total 138240K, used 8080K [0x0000000795580000, 0x000000079ef80000, 0x00000007c0000000)
  eden space 130048K, 0% used [0x0000000795580000,0x0000000795580000,0x000000079d480000)
  from space 8192K, 98% used [0x000000079e780000,0x000000079ef64140,0x000000079ef80000)
  to   space 12288K, 0% used [0x000000079d780000,0x000000079d780000,0x000000079e380000)
 ParOldGen       total 70144K, used 21265K [0x0000000740000000, 0x0000000744480000, 0x0000000795580000)
  object space 70144K, 30% used [0x0000000740000000,0x00000007414c46d8,0x0000000744480000)
 Metaspace       used 27817K, capacity 28141K, committed 28544K, reserved 1075200K
  class space    used 2221K, capacity 2310K, committed 2432K, reserved 1048576K
}

