# JRE version: Java(TM) SE Runtime Environment (8.0_131-b11) (build 1.8.0_131-b11)
# Java VM: Java HotSpot(TM) 64-Bit Server VM (25.131-b11 mixed mode bsd-amd64 compressed oops)
Heap:
 PSYoungGen      total 122880K, used 42801K [0x0000000795580000, 0x00000007a2900000, 0x00000007c0000000)
  eden space 101888K, 21% used [0x0000000795580000,0x0000000796ad4638,0x000000079b900000)
  from space 20992K, 99% used [0x000000079b900000,0x000000079cd780c0,0x000000079cd80000)
  to   space 25600K, 0% used [0x00000007a1000000,0x00000007a1000000,0x00000007a2900000)
 ParOldGen       total 67584K, used 34614K [0x0000000740000000, 0x0000000744200000, 0x0000000795580000)
  object space 67584K, 51% used [0x0000000740000000,0x00000007421cd9a0,0x0000000744200000)
 Metaspace       used 27544K, capacity 27873K, committed 28288K, reserved 1075200K
  class space    used 2189K, capacity 2308K, committed 2432K, reserved 1048576K
GC Heap History (10 events):
Event: 4.160 GC heap before
{Heap before GC invocations=4 (full 1):
 PSYoungGen      total 38400K, used 4914K [0x0000000795580000, 0x000000079a080000, 0x00000007c0000000)
  eden space 33280K, 0% used [0x0000000795580000,0x0000000795580000,0x0000000797600000)
  from space 5120K, 95% used [0x0000000797600000,0x0000000797accb40,0x0000000797b00000)
  to   space 5120K, 0% used [0x0000000799b80000,0x0000000799b80000,0x000000079a080000)
 ParOldGen       total 87552K, used 14251K [0x0000000740000000, 0x0000000745580000, 0x0000000795580000)
  object space 87552K, 16% used [0x0000000740000000,0x0000000740deaca8,0x0000000745580000)
 Metaspace       used 20875K, capacity 21188K, committed 21296K, reserved 1069056K
  class space    used 2020K, capacity 2114K, committed 2176K, reserved 1048576K
Event: 4.218 GC heap after
Heap after GC invocations=4 (full 1):
 PSYoungGen      total 38400K, used 0K [0x0000000795580000, 0x000000079a080000, 0x00000007c0000000)
  eden space 33280K, 0% used [0x0000000795580000,0x0000000795580000,0x0000000797600000)
  from space 5120K, 0% used [0x0000000797600000,0x0000000797600000,0x0000000797b00000)
  to   space 5120K, 0% used [0x0000000799b80000,0x0000000799b80000,0x000000079a080000)
 ParOldGen       total 67584K, used 18121K [0x0000000740000000, 0x0000000744200000, 0x0000000795580000)
  object space 67584K, 26% used [0x0000000740000000,0x00000007411b24a0,0x0000000744200000)
 Metaspace       used 20875K, capacity 21188K, committed 21296K, reserved 1069056K
  class space    used 2020K, capacity 2114K, committed 2176K, reserved 1048576K
}
Event: 5.844 GC heap before
{Heap before GC invocations=5 (full 1):
 PSYoungGen      total 38400K, used 33160K [0x0000000795580000, 0x000000079a080000, 0x00000007c0000000)
  eden space 33280K, 99% used [0x0000000795580000,0x00000007975e2238,0x0000000797600000)
  from space 5120K, 0% used [0x0000000797600000,0x0000000797600000,0x0000000797b00000)
  to   space 5120K, 0% used [0x0000000799b80000,0x0000000799b80000,0x000000079a080000)
 ParOldGen       total 67584K, used 18121K [0x0000000740000000, 0x0000000744200000, 0x0000000795580000)
  object space 67584K, 26% used [0x0000000740000000,0x00000007411b24a0,0x0000000744200000)
 Metaspace       used 26739K, capacity 27073K, committed 27392K, reserved 1075200K
  class space    used 2180K, capacity 2276K, committed 2304K, reserved 1048576K
Event: 5.856 GC heap after
Heap after GC invocations=5 (full 1):
 PSYoungGen      total 65024K, used 5088K [0x0000000795580000, 0x000000079a080000, 0x00000007c0000000)
  eden space 59904K, 0% used [0x0000000795580000,0x0000000795580000,0x0000000799000000)
  from space 5120K, 99% used [0x0000000799b80000,0x000000079a0780b0,0x000000079a080000)
  to   space 5120K, 0% used [0x0000000799680000,0x0000000799680000,0x0000000799b80000)
 ParOldGen       total 67584K, used 23254K [0x0000000740000000, 0x0000000744200000, 0x0000000795580000)
  object space 67584K, 34% used [0x0000000740000000,0x00000007416b5800,0x0000000744200000)
 Metaspace       used 26739K, capacity 27073K, committed 27392K, reserved 1075200K
  class space    used 2180K, capacity 2276K, committed 2304K, reserved 1048576K
}
Event: 13.198 GC heap before
{Heap before GC invocations=6 (full 1):
 PSYoungGen      total 65024K, used 64992K [0x0000000795580000, 0x000000079a080000, 0x00000007c0000000)
  eden space 59904K, 100% used [0x0000000795580000,0x0000000799000000,0x0000000799000000)
  from space 5120K, 99% used [0x0000000799b80000,0x000000079a0780b0,0x000000079a080000)
  to   space 5120K, 0% used [0x0000000799680000,0x0000000799680000,0x0000000799b80000)
 ParOldGen       total 67584K, used 23254K [0x0000000740000000, 0x0000000744200000, 0x0000000795580000)
  object space 67584K, 34% used [0x0000000740000000,0x00000007416b5800,0x0000000744200000)
 Metaspace       used 27367K, capacity 27713K, committed 27904K, reserved 1075200K
  class space    used 2181K, capacity 2276K, committed 2304K, reserved 1048576K
Event: 13.211 GC heap after
Heap after GC invocations=6 (full 1):
 PSYoungGen      total 71680K, used 5088K [0x0000000795580000, 0x000000079df80000, 0x00000007c0000000)
  eden space 66560K, 0% used [0x0000000795580000,0x0000000795580000,0x0000000799680000)
  from space 5120K, 99% used [0x0000000799680000,0x0000000799b780a0,0x0000000799b80000)
  to   space 18432K, 0% used [0x000000079cd80000,0x000000079cd80000,0x000000079df80000)
 ParOldGen       total 67584K, used 32278K [0x0000000740000000, 0x0000000744200000, 0x0000000795580000)
  object space 67584K, 47% used [0x0000000740000000,0x0000000741f859a0,0x0000000744200000)
 Metaspace       used 27367K, capacity 27713K, committed 27904K, reserved 1075200K
  class space    used 2181K, capacity 2276K, committed 2304K, reserved 1048576K
}
Event: 27.080 GC heap before
{Heap before GC invocations=7 (full 1):
 PSYoungGen      total 71680K, used 71648K [0x0000000795580000, 0x000000079df80000, 0x00000007c0000000)
  eden space 66560K, 100% used [0x0000000795580000,0x0000000799680000,0x0000000799680000)
  from space 5120K, 99% used [0x0000000799680000,0x0000000799b780a0,0x0000000799b80000)
  to   space 18432K, 0% used [0x000000079cd80000,0x000000079cd80000,0x000000079df80000)
 ParOldGen       total 67584K, used 32278K [0x0000000740000000, 0x0000000744200000, 0x0000000795580000)
  object space 67584K, 47% used [0x0000000740000000,0x0000000741f859a0,0x0000000744200000)
 Metaspace       used 27485K, capacity 27841K, committed 28160K, reserved 1075200K
  class space    used 2181K, capacity 2276K, committed 2304K, reserved 1048576K
Event: 27.104 GC heap after
Heap after GC invocations=7 (full 1):
 PSYoungGen      total 120320K, used 16384K [0x0000000795580000, 0x000000079ec00000, 0x00000007c0000000)
  eden space 101888K, 0% used [0x0000000795580000,0x0000000795580000,0x000000079b900000)
  from space 18432K, 88% used [0x000000079cd80000,0x000000079dd800c0,0x000000079df80000)
  to   space 20992K, 0% used [0x000000079b900000,0x000000079b900000,0x000000079cd80000)
 ParOldGen       total 67584K, used 32286K [0x0000000740000000, 0x0000000744200000, 0x0000000795580000)
  object space 67584K, 47% used [0x0000000740000000,0x0000000741f879a0,0x0000000744200000)
 Metaspace       used 27485K, capacity 27841K, committed 28160K, reserved 1075200K
  class space    used 2181K, capacity 2276K, committed 2304K, reserved 1048576K
}
Event: 51.961 GC heap before
{Heap before GC invocations=8 (full 1):
 PSYoungGen      total 120320K, used 118272K [0x0000000795580000, 0x000000079ec00000, 0x00000007c0000000)
  eden space 101888K, 100% used [0x0000000795580000,0x000000079b900000,0x000000079b900000)
  from space 18432K, 88% used [0x000000079cd80000,0x000000079dd800c0,0x000000079df80000)
  to   space 20992K, 0% used [0x000000079b900000,0x000000079b900000,0x000000079cd80000)
 ParOldGen       total 67584K, used 32286K [0x0000000740000000, 0x0000000744200000, 0x0000000795580000)
  object space 67584K, 47% used [0x0000000740000000,0x0000000741f879a0,0x0000000744200000)
 Metaspace       used 27494K, capacity 27841K, committed 28160K, reserved 1075200K
  class space    used 2181K, capacity 2276K, committed 2304K, reserved 1048576K
Event: 51.996 GC heap after
Heap after GC invocations=8 (full 1):
 PSYoungGen      total 122880K, used 20960K [0x0000000795580000, 0x00000007a2900000, 0x00000007c0000000)
  eden space 101888K, 0% used [0x0000000795580000,0x0000000795580000,0x000000079b900000)
  from space 20992K, 99% used [0x000000079b900000,0x000000079cd780c0,0x000000079cd80000)
  to   space 25600K, 0% used [0x00000007a1000000,0x00000007a1000000,0x00000007a2900000)
 ParOldGen       total 67584K, used 34614K [0x0000000740000000, 0x0000000744200000, 0x0000000795580000)
  object space 67584K, 51% used [0x0000000740000000,0x00000007421cd9a0,0x0000000744200000)
 Metaspace       used 27494K, capacity 27841K, committed 28160K, reserved 1075200K
  class space    used 2181K, capacity 2276K, committed 2304K, reserved 1048576K
}

