# JRE version: Java(TM) SE Runtime Environment (8.0_131-b11) (build 1.8.0_131-b11)
# Java VM: Java HotSpot(TM) 64-Bit Server VM (25.131-b11 mixed mode bsd-amd64 compressed oops)
Heap:
 PSYoungGen      total 31232K, used 30569K [0x0000000795580000, 0x0000000798f80000, 0x00000007c0000000)
  eden space 30720K, 99% used [0x0000000795580000,0x0000000797342430,0x0000000797380000)
  from space 512K, 18% used [0x0000000797400000,0x0000000797418000,0x0000000797480000)
  to   space 14336K, 0% used [0x0000000798180000,0x0000000798180000,0x0000000798f80000)
 ParOldGen       total 87552K, used 19944K [0x0000000740000000, 0x0000000745580000, 0x0000000795580000)
  object space 87552K, 22% used [0x0000000740000000,0x000000074137a1b8,0x0000000745580000)
 Metaspace       used 19435K, capacity 19731K, committed 19968K, reserved 1067008K
  class space    used 1932K, capacity 2022K, committed 2048K, reserved 1048576K
GC Heap History (10 events):
Event: 21.241 GC heap before
{Heap before GC invocations=5 (full 0):
 PSYoungGen      total 38400K, used 38368K [0x0000000795580000, 0x0000000798000000, 0x00000007c0000000)
  eden space 33280K, 100% used [0x0000000795580000,0x0000000797600000,0x0000000797600000)
  from space 5120K, 99% used [0x0000000797b00000,0x0000000797ff8100,0x0000000798000000)
  to   space 5120K, 0% used [0x0000000797600000,0x0000000797600000,0x0000000797b00000)
 ParOldGen       total 87552K, used 14768K [0x0000000740000000, 0x0000000745580000, 0x0000000795580000)
  object space 87552K, 16% used [0x0000000740000000,0x0000000740e6c078,0x0000000745580000)
 Metaspace       used 19395K, capacity 19731K, committed 19968K, reserved 1067008K
  class space    used 1923K, capacity 2022K, committed 2048K, reserved 1048576K
Event: 21.249 GC heap after
Heap after GC invocations=5 (full 0):
 PSYoungGen      total 37888K, used 5088K [0x0000000795580000, 0x0000000799080000, 0x00000007c0000000)
  eden space 32768K, 0% used [0x0000000795580000,0x0000000795580000,0x0000000797580000)
  from space 5120K, 99% used [0x0000000797600000,0x0000000797af8100,0x0000000797b00000)
  to   space 13824K, 0% used [0x0000000798300000,0x0000000798300000,0x0000000799080000)
 ParOldGen       total 87552K, used 14816K [0x0000000740000000, 0x0000000745580000, 0x0000000795580000)
  object space 87552K, 16% used [0x0000000740000000,0x0000000740e78078,0x0000000745580000)
 Metaspace       used 19395K, capacity 19731K, committed 19968K, reserved 1067008K
  class space    used 1923K, capacity 2022K, committed 2048K, reserved 1048576K
}
Event: 27.824 GC heap before
{Heap before GC invocations=6 (full 0):
 PSYoungGen      total 37888K, used 37856K [0x0000000795580000, 0x0000000799080000, 0x00000007c0000000)
  eden space 32768K, 100% used [0x0000000795580000,0x0000000797580000,0x0000000797580000)
  from space 5120K, 99% used [0x0000000797600000,0x0000000797af8100,0x0000000797b00000)
  to   space 13824K, 0% used [0x0000000798300000,0x0000000798300000,0x0000000799080000)
 ParOldGen       total 87552K, used 14816K [0x0000000740000000, 0x0000000745580000, 0x0000000795580000)
  object space 87552K, 16% used [0x0000000740000000,0x0000000740e78078,0x0000000745580000)
 Metaspace       used 19395K, capacity 19731K, committed 19968K, reserved 1067008K
  class space    used 1923K, capacity 2022K, committed 2048K, reserved 1048576K
Event: 27.835 GC heap after
Heap after GC invocations=6 (full 0):
 PSYoungGen      total 45568K, used 5088K [0x0000000795580000, 0x0000000799000000, 0x00000007c0000000)
  eden space 32256K, 0% used [0x0000000795580000,0x0000000795580000,0x0000000797500000)
  from space 13312K, 38% used [0x0000000798300000,0x00000007987f8100,0x0000000799000000)
  to   space 13824K, 0% used [0x0000000797500000,0x0000000797500000,0x0000000798280000)
 ParOldGen       total 87552K, used 14824K [0x0000000740000000, 0x0000000745580000, 0x0000000795580000)
  object space 87552K, 16% used [0x0000000740000000,0x0000000740e7a078,0x0000000745580000)
 Metaspace       used 19395K, capacity 19731K, committed 19968K, reserved 1067008K
  class space    used 1923K, capacity 2022K, committed 2048K, reserved 1048576K
}
Event: 34.407 GC heap before
{Heap before GC invocations=7 (full 0):
 PSYoungGen      total 45568K, used 37344K [0x0000000795580000, 0x0000000799000000, 0x00000007c0000000)
  eden space 32256K, 100% used [0x0000000795580000,0x0000000797500000,0x0000000797500000)
  from space 13312K, 38% used [0x0000000798300000,0x00000007987f8100,0x0000000799000000)
  to   space 13824K, 0% used [0x0000000797500000,0x0000000797500000,0x0000000798280000)
 ParOldGen       total 87552K, used 14824K [0x0000000740000000, 0x0000000745580000, 0x0000000795580000)
  object space 87552K, 16% used [0x0000000740000000,0x0000000740e7a078,0x0000000745580000)
 Metaspace       used 19397K, capacity 19731K, committed 19968K, reserved 1067008K
  class space    used 1924K, capacity 2022K, committed 2048K, reserved 1048576K
Event: 34.415 GC heap after
Heap after GC invocations=7 (full 0):
 PSYoungGen      total 35840K, used 3744K [0x0000000795580000, 0x0000000798f80000, 0x00000007c0000000)
  eden space 31744K, 0% used [0x0000000795580000,0x0000000795580000,0x0000000797480000)
  from space 4096K, 91% used [0x0000000797500000,0x00000007978a80e0,0x0000000797900000)
  to   space 13824K, 0% used [0x0000000798200000,0x0000000798200000,0x0000000798f80000)
 ParOldGen       total 87552K, used 16272K [0x0000000740000000, 0x0000000745580000, 0x0000000795580000)
  object space 87552K, 18% used [0x0000000740000000,0x0000000740fe40d8,0x0000000745580000)
 Metaspace       used 19397K, capacity 19731K, committed 19968K, reserved 1067008K
  class space    used 1924K, capacity 2022K, committed 2048K, reserved 1048576K
}
Event: 40.893 GC heap before
{Heap before GC invocations=8 (full 0):
 PSYoungGen      total 35840K, used 35488K [0x0000000795580000, 0x0000000798f80000, 0x00000007c0000000)
  eden space 31744K, 100% used [0x0000000795580000,0x0000000797480000,0x0000000797480000)
  from space 4096K, 91% used [0x0000000797500000,0x00000007978a80e0,0x0000000797900000)
  to   space 13824K, 0% used [0x0000000798200000,0x0000000798200000,0x0000000798f80000)
 ParOldGen       total 87552K, used 16272K [0x0000000740000000, 0x0000000745580000, 0x0000000795580000)
  object space 87552K, 18% used [0x0000000740000000,0x0000000740fe40d8,0x0000000745580000)
 Metaspace       used 19397K, capacity 19731K, committed 19968K, reserved 1067008K
  class space    used 1924K, capacity 2022K, committed 2048K, reserved 1048576K
Event: 40.897 GC heap after
Heap after GC invocations=8 (full 0):
 PSYoungGen      total 45056K, used 128K [0x0000000795580000, 0x0000000799000000, 0x00000007c0000000)
  eden space 31232K, 0% used [0x0000000795580000,0x0000000795580000,0x0000000797400000)
  from space 13824K, 0% used [0x0000000798200000,0x0000000798220000,0x0000000798f80000)
  to   space 14336K, 0% used [0x0000000797400000,0x0000000797400000,0x0000000798200000)
 ParOldGen       total 87552K, used 19904K [0x0000000740000000, 0x0000000745580000, 0x0000000795580000)
  object space 87552K, 22% used [0x0000000740000000,0x00000007413701b8,0x0000000745580000)
 Metaspace       used 19397K, capacity 19731K, committed 19968K, reserved 1067008K
  class space    used 1924K, capacity 2022K, committed 2048K, reserved 1048576K
}
Event: 47.241 GC heap before
{Heap before GC invocations=9 (full 0):
 PSYoungGen      total 45056K, used 31360K [0x0000000795580000, 0x0000000799000000, 0x00000007c0000000)
  eden space 31232K, 100% used [0x0000000795580000,0x0000000797400000,0x0000000797400000)
  from space 13824K, 0% used [0x0000000798200000,0x0000000798220000,0x0000000798f80000)
  to   space 14336K, 0% used [0x0000000797400000,0x0000000797400000,0x0000000798200000)
 ParOldGen       total 87552K, used 19904K [0x0000000740000000, 0x0000000745580000, 0x0000000795580000)
  object space 87552K, 22% used [0x0000000740000000,0x00000007413701b8,0x0000000745580000)
 Metaspace       used 19397K, capacity 19731K, committed 19968K, reserved 1067008K
  class space    used 1924K, capacity 2022K, committed 2048K, reserved 1048576K
Event: 47.242 GC heap after
Heap after GC invocations=9 (full 0):
 PSYoungGen      total 31232K, used 96K [0x0000000795580000, 0x0000000798f80000, 0x00000007c0000000)
  eden space 30720K, 0% used [0x0000000795580000,0x0000000795580000,0x0000000797380000)
  from space 512K, 18% used [0x0000000797400000,0x0000000797418000,0x0000000797480000)
  to   space 14336K, 0% used [0x0000000798180000,0x0000000798180000,0x0000000798f80000)
 ParOldGen       total 87552K, used 19944K [0x0000000740000000, 0x0000000745580000, 0x0000000795580000)
  object space 87552K, 22% used [0x0000000740000000,0x000000074137a1b8,0x0000000745580000)
 Metaspace       used 19397K, capacity 19731K, committed 19968K, reserved 1067008K
  class space    used 1924K, capacity 2022K, committed 2048K, reserved 1048576K
}

