# JRE version: Java(TM) SE Runtime Environment (8.0_131-b11) (build 1.8.0_131-b11)
# Java VM: Java HotSpot(TM) 64-Bit Server VM (25.131-b11 mixed mode bsd-amd64 compressed oops)
Heap:
 PSYoungGen      total 160768K, used 58539K [0x0000000171180000, 0x000000017cc00000, 0x000000019bc00000)
  eden space 139776K, 27% used [0x0000000171180000,0x00000001737aabf0,0x0000000179a00000)
  from space 20992K, 92% used [0x000000017b780000,0x000000017ca80080,0x000000017cc00000)
  to   space 25600K, 0% used [0x0000000179a00000,0x0000000179a00000,0x000000017b300000)
 ParOldGen       total 68608K, used 33985K [0x000000011bc00000, 0x000000011ff00000, 0x0000000171180000)
  object space 68608K, 49% used [0x000000011bc00000,0x000000011dd30458,0x000000011ff00000)
 Metaspace       used 27384K, capacity 27709K, committed 27904K, reserved 1075200K
  class space    used 2166K, capacity 2276K, committed 2304K, reserved 1048576K
GC Heap History (10 events):
Event: 6.369 GC heap before
{Heap before GC invocations=5 (full 1):
 PSYoungGen      total 38400K, used 33280K [0x0000000171180000, 0x0000000175c80000, 0x000000019bc00000)
  eden space 33280K, 100% used [0x0000000171180000,0x0000000173200000,0x0000000173200000)
  from space 5120K, 0% used [0x0000000173200000,0x0000000173200000,0x0000000173700000)
  to   space 5120K, 0% used [0x0000000175780000,0x0000000175780000,0x0000000175c80000)
 ParOldGen       total 68608K, used 18019K [0x000000011bc00000, 0x000000011ff00000, 0x0000000171180000)
  object space 68608K, 26% used [0x000000011bc00000,0x000000011cd98f58,0x000000011ff00000)
 Metaspace       used 26457K, capacity 26836K, committed 27136K, reserved 1075200K
  class space    used 2159K, capacity 2276K, committed 2304K, reserved 1048576K
Event: 6.380 GC heap after
Heap after GC invocations=5 (full 1):
 PSYoungGen      total 62976K, used 5092K [0x0000000171180000, 0x0000000175c80000, 0x000000019bc00000)
  eden space 57856K, 0% used [0x0000000171180000,0x0000000171180000,0x0000000174a00000)
  from space 5120K, 99% used [0x0000000175780000,0x0000000175c790d8,0x0000000175c80000)
  to   space 5120K, 0% used [0x0000000175280000,0x0000000175280000,0x0000000175780000)
 ParOldGen       total 68608K, used 21619K [0x000000011bc00000, 0x000000011ff00000, 0x0000000171180000)
  object space 68608K, 31% used [0x000000011bc00000,0x000000011d11ceb0,0x000000011ff00000)
 Metaspace       used 26457K, capacity 26836K, committed 27136K, reserved 1075200K
  class space    used 2159K, capacity 2276K, committed 2304K, reserved 1048576K
}
Event: 9.605 GC heap before
{Heap before GC invocations=6 (full 1):
 PSYoungGen      total 62976K, used 62948K [0x0000000171180000, 0x0000000175c80000, 0x000000019bc00000)
  eden space 57856K, 100% used [0x0000000171180000,0x0000000174a00000,0x0000000174a00000)
  from space 5120K, 99% used [0x0000000175780000,0x0000000175c790d8,0x0000000175c80000)
  to   space 5120K, 0% used [0x0000000175280000,0x0000000175280000,0x0000000175780000)
 ParOldGen       total 68608K, used 21619K [0x000000011bc00000, 0x000000011ff00000, 0x0000000171180000)
  object space 68608K, 31% used [0x000000011bc00000,0x000000011d11ceb0,0x000000011ff00000)
 Metaspace       used 27066K, capacity 27389K, committed 27648K, reserved 1075200K
  class space    used 2159K, capacity 2276K, committed 2304K, reserved 1048576K
Event: 9.616 GC heap after
Heap after GC invocations=6 (full 1):
 PSYoungGen      total 71680K, used 5111K [0x0000000171180000, 0x0000000179080000, 0x000000019bc00000)
  eden space 66560K, 0% used [0x0000000171180000,0x0000000171180000,0x0000000175280000)
  from space 5120K, 99% used [0x0000000175280000,0x000000017577dca0,0x0000000175780000)
  to   space 16384K, 0% used [0x0000000178080000,0x0000000178080000,0x0000000179080000)
 ParOldGen       total 68608K, used 28961K [0x000000011bc00000, 0x000000011ff00000, 0x0000000171180000)
  object space 68608K, 42% used [0x000000011bc00000,0x000000011d848750,0x000000011ff00000)
 Metaspace       used 27066K, capacity 27389K, committed 27648K, reserved 1075200K
  class space    used 2159K, capacity 2276K, committed 2304K, reserved 1048576K
}
Event: 21.639 GC heap before
{Heap before GC invocations=7 (full 1):
 PSYoungGen      total 71680K, used 71671K [0x0000000171180000, 0x0000000179080000, 0x000000019bc00000)
  eden space 66560K, 100% used [0x0000000171180000,0x0000000175280000,0x0000000175280000)
  from space 5120K, 99% used [0x0000000175280000,0x000000017577dca0,0x0000000175780000)
  to   space 16384K, 0% used [0x0000000178080000,0x0000000178080000,0x0000000179080000)
 ParOldGen       total 68608K, used 28961K [0x000000011bc00000, 0x000000011ff00000, 0x0000000171180000)
  object space 68608K, 42% used [0x000000011bc00000,0x000000011d848750,0x000000011ff00000)
 Metaspace       used 27266K, capacity 27645K, committed 27904K, reserved 1075200K
  class space    used 2160K, capacity 2276K, committed 2304K, reserved 1048576K
Event: 21.663 GC heap after
Heap after GC invocations=7 (full 1):
 PSYoungGen      total 110592K, used 16215K [0x0000000171180000, 0x000000017a080000, 0x000000019bc00000)
  eden space 94208K, 0% used [0x0000000171180000,0x0000000171180000,0x0000000176d80000)
  from space 16384K, 98% used [0x0000000178080000,0x0000000179055cb0,0x0000000179080000)
  to   space 19456K, 0% used [0x0000000176d80000,0x0000000176d80000,0x0000000178080000)
 ParOldGen       total 68608K, used 28969K [0x000000011bc00000, 0x000000011ff00000, 0x0000000171180000)
  object space 68608K, 42% used [0x000000011bc00000,0x000000011d84a750,0x000000011ff00000)
 Metaspace       used 27266K, capacity 27645K, committed 27904K, reserved 1075200K
  class space    used 2160K, capacity 2276K, committed 2304K, reserved 1048576K
}
Event: 48.869 GC heap before
{Heap before GC invocations=8 (full 1):
 PSYoungGen      total 110592K, used 110423K [0x0000000171180000, 0x000000017a080000, 0x000000019bc00000)
  eden space 94208K, 100% used [0x0000000171180000,0x0000000176d80000,0x0000000176d80000)
  from space 16384K, 98% used [0x0000000178080000,0x0000000179055cb0,0x0000000179080000)
  to   space 19456K, 0% used [0x0000000176d80000,0x0000000176d80000,0x0000000178080000)
 ParOldGen       total 68608K, used 28969K [0x000000011bc00000, 0x000000011ff00000, 0x0000000171180000)
  object space 68608K, 42% used [0x000000011bc00000,0x000000011d84a750,0x000000011ff00000)
 Metaspace       used 27275K, capacity 27645K, committed 27904K, reserved 1075200K
  class space    used 2160K, capacity 2276K, committed 2304K, reserved 1048576K
Event: 48.900 GC heap after
Heap after GC invocations=8 (full 1):
 PSYoungGen      total 113664K, used 19447K [0x0000000171180000, 0x000000017cf00000, 0x000000019bc00000)
  eden space 94208K, 0% used [0x0000000171180000,0x0000000171180000,0x0000000176d80000)
  from space 19456K, 99% used [0x0000000176d80000,0x000000017807dcb0,0x0000000178080000)
  to   space 24064K, 0% used [0x000000017b780000,0x000000017b780000,0x000000017cf00000)
 ParOldGen       total 68608K, used 31409K [0x000000011bc00000, 0x000000011ff00000, 0x0000000171180000)
  object space 68608K, 45% used [0x000000011bc00000,0x000000011daac750,0x000000011ff00000)
 Metaspace       used 27275K, capacity 27645K, committed 27904K, reserved 1075200K
  class space    used 2160K, capacity 2276K, committed 2304K, reserved 1048576K
}
Event: 73.203 GC heap before
{Heap before GC invocations=9 (full 1):
 PSYoungGen      total 113664K, used 113655K [0x0000000171180000, 0x000000017cf00000, 0x000000019bc00000)
  eden space 94208K, 100% used [0x0000000171180000,0x0000000176d80000,0x0000000176d80000)
  from space 19456K, 99% used [0x0000000176d80000,0x000000017807dcb0,0x0000000178080000)
  to   space 24064K, 0% used [0x000000017b780000,0x000000017b780000,0x000000017cf00000)
 ParOldGen       total 68608K, used 31409K [0x000000011bc00000, 0x000000011ff00000, 0x0000000171180000)
  object space 68608K, 45% used [0x000000011bc00000,0x000000011daac750,0x000000011ff00000)
 Metaspace       used 27275K, capacity 27645K, committed 27904K, reserved 1075200K
  class space    used 2160K, capacity 2276K, committed 2304K, reserved 1048576K
Event: 73.236 GC heap after
Heap after GC invocations=9 (full 1):
 PSYoungGen      total 160768K, used 19456K [0x0000000171180000, 0x000000017cc00000, 0x000000019bc00000)
  eden space 139776K, 0% used [0x0000000171180000,0x0000000171180000,0x0000000179a00000)
  from space 20992K, 92% used [0x000000017b780000,0x000000017ca80080,0x000000017cc00000)
  to   space 25600K, 0% used [0x0000000179a00000,0x0000000179a00000,0x000000017b300000)
 ParOldGen       total 68608K, used 33985K [0x000000011bc00000, 0x000000011ff00000, 0x0000000171180000)
  object space 68608K, 49% used [0x000000011bc00000,0x000000011dd30458,0x000000011ff00000)
 Metaspace       used 27275K, capacity 27645K, committed 27904K, reserved 1075200K
  class space    used 2160K, capacity 2276K, committed 2304K, reserved 1048576K
}

