# JRE version: Java(TM) SE Runtime Environment (8.0_131-b11) (build 1.8.0_131-b11)
# Java VM: Java HotSpot(TM) 64-Bit Server VM (25.131-b11 mixed mode bsd-amd64 compressed oops)
Heap:
 PSYoungGen      total 71680K, used 37421K [0x0000000795580000, 0x000000079b800000, 0x00000007c0000000)
  eden space 66560K, 48% used [0x0000000795580000,0x00000007975134e8,0x0000000799680000)
  from space 5120K, 99% used [0x0000000799680000,0x0000000799b780e0,0x0000000799b80000)
  to   space 14848K, 0% used [0x000000079a980000,0x000000079a980000,0x000000079b800000)
 ParOldGen       total 78336K, used 24292K [0x0000000740000000, 0x0000000744c80000, 0x0000000795580000)
  object space 78336K, 31% used [0x0000000740000000,0x00000007417b93f8,0x0000000744c80000)
 Metaspace       used 27817K, capacity 28177K, committed 28544K, reserved 1075200K
  class space    used 2227K, capacity 2342K, committed 2432K, reserved 1048576K
GC Heap History (10 events):
Event: 4.668 GC heap before
{Heap before GC invocations=2 (full 0):
 PSYoungGen      total 38400K, used 37105K [0x0000000795580000, 0x0000000798000000, 0x00000007c0000000)
  eden space 33280K, 96% used [0x0000000795580000,0x00000007974e3eb0,0x0000000797600000)
  from space 5120K, 96% used [0x0000000797600000,0x0000000797ad8928,0x0000000797b00000)
  to   space 5120K, 0% used [0x0000000797b00000,0x0000000797b00000,0x0000000798000000)
 ParOldGen       total 87552K, used 8K [0x0000000740000000, 0x0000000745580000, 0x0000000795580000)
  object space 87552K, 0% used [0x0000000740000000,0x0000000740002000,0x0000000745580000)
 Metaspace       used 19235K, capacity 19619K, committed 19840K, reserved 1067008K
  class space    used 1976K, capacity 2084K, committed 2176K, reserved 1048576K
Event: 4.685 GC heap after
Heap after GC invocations=2 (full 0):
 PSYoungGen      total 38400K, used 5117K [0x0000000795580000, 0x0000000798000000, 0x00000007c0000000)
  eden space 33280K, 0% used [0x0000000795580000,0x0000000795580000,0x0000000797600000)
  from space 5120K, 99% used [0x0000000797b00000,0x0000000797fff430,0x0000000798000000)
  to   space 5120K, 0% used [0x0000000797600000,0x0000000797600000,0x0000000797b00000)
 ParOldGen       total 87552K, used 4278K [0x0000000740000000, 0x0000000745580000, 0x0000000795580000)
  object space 87552K, 4% used [0x0000000740000000,0x000000074042d9d8,0x0000000745580000)
 Metaspace       used 19235K, capacity 19619K, committed 19840K, reserved 1067008K
  class space    used 1976K, capacity 2084K, committed 2176K, reserved 1048576K
}
Event: 4.966 GC heap before
{Heap before GC invocations=3 (full 0):
 PSYoungGen      total 38400K, used 26319K [0x0000000795580000, 0x0000000798000000, 0x00000007c0000000)
  eden space 33280K, 63% used [0x0000000795580000,0x0000000796a34890,0x0000000797600000)
  from space 5120K, 99% used [0x0000000797b00000,0x0000000797fff430,0x0000000798000000)
  to   space 5120K, 0% used [0x0000000797600000,0x0000000797600000,0x0000000797b00000)
 ParOldGen       total 87552K, used 4278K [0x0000000740000000, 0x0000000745580000, 0x0000000795580000)
  object space 87552K, 4% used [0x0000000740000000,0x000000074042d9d8,0x0000000745580000)
 Metaspace       used 20930K, capacity 21240K, committed 21296K, reserved 1069056K
  class space    used 2042K, capacity 2148K, committed 2176K, reserved 1048576K
Event: 4.980 GC heap after
Heap after GC invocations=3 (full 0):
 PSYoungGen      total 38400K, used 5101K [0x0000000795580000, 0x000000079a080000, 0x00000007c0000000)
  eden space 33280K, 0% used [0x0000000795580000,0x0000000795580000,0x0000000797600000)
  from space 5120K, 99% used [0x0000000797600000,0x0000000797afb4e0,0x0000000797b00000)
  to   space 5120K, 0% used [0x0000000799b80000,0x0000000799b80000,0x000000079a080000)
 ParOldGen       total 87552K, used 13481K [0x0000000740000000, 0x0000000745580000, 0x0000000795580000)
  object space 87552K, 15% used [0x0000000740000000,0x0000000740d2a468,0x0000000745580000)
 Metaspace       used 20930K, capacity 21240K, committed 21296K, reserved 1069056K
  class space    used 2042K, capacity 2148K, committed 2176K, reserved 1048576K
}
Event: 4.981 GC heap before
{Heap before GC invocations=4 (full 1):
 PSYoungGen      total 38400K, used 5101K [0x0000000795580000, 0x000000079a080000, 0x00000007c0000000)
  eden space 33280K, 0% used [0x0000000795580000,0x0000000795580000,0x0000000797600000)
  from space 5120K, 99% used [0x0000000797600000,0x0000000797afb4e0,0x0000000797b00000)
  to   space 5120K, 0% used [0x0000000799b80000,0x0000000799b80000,0x000000079a080000)
 ParOldGen       total 87552K, used 13481K [0x0000000740000000, 0x0000000745580000, 0x0000000795580000)
  object space 87552K, 15% used [0x0000000740000000,0x0000000740d2a468,0x0000000745580000)
 Metaspace       used 20930K, capacity 21240K, committed 21296K, reserved 1069056K
  class space    used 2042K, capacity 2148K, committed 2176K, reserved 1048576K
Event: 5.067 GC heap after
Heap after GC invocations=4 (full 1):
 PSYoungGen      total 38400K, used 0K [0x0000000795580000, 0x000000079a080000, 0x00000007c0000000)
  eden space 33280K, 0% used [0x0000000795580000,0x0000000795580000,0x0000000797600000)
  from space 5120K, 0% used [0x0000000797600000,0x0000000797600000,0x0000000797b00000)
  to   space 5120K, 0% used [0x0000000799b80000,0x0000000799b80000,0x000000079a080000)
 ParOldGen       total 78336K, used 17522K [0x0000000740000000, 0x0000000744c80000, 0x0000000795580000)
  object space 78336K, 22% used [0x0000000740000000,0x000000074111c8f8,0x0000000744c80000)
 Metaspace       used 20930K, capacity 21240K, committed 21296K, reserved 1069056K
  class space    used 2042K, capacity 2148K, committed 2176K, reserved 1048576K
}
Event: 7.371 GC heap before
{Heap before GC invocations=5 (full 1):
 PSYoungGen      total 38400K, used 33280K [0x0000000795580000, 0x000000079a080000, 0x00000007c0000000)
  eden space 33280K, 100% used [0x0000000795580000,0x0000000797600000,0x0000000797600000)
  from space 5120K, 0% used [0x0000000797600000,0x0000000797600000,0x0000000797b00000)
  to   space 5120K, 0% used [0x0000000799b80000,0x0000000799b80000,0x000000079a080000)
 ParOldGen       total 78336K, used 17522K [0x0000000740000000, 0x0000000744c80000, 0x0000000795580000)
  object space 78336K, 22% used [0x0000000740000000,0x000000074111c8f8,0x0000000744c80000)
 Metaspace       used 26877K, capacity 27208K, committed 27520K, reserved 1075200K
  class space    used 2217K, capacity 2310K, committed 2432K, reserved 1048576K
Event: 7.379 GC heap after
Heap after GC invocations=5 (full 1):
 PSYoungGen      total 54784K, used 5092K [0x0000000795580000, 0x000000079a080000, 0x00000007c0000000)
  eden space 49664K, 0% used [0x0000000795580000,0x0000000795580000,0x0000000798600000)
  from space 5120K, 99% used [0x0000000799b80000,0x000000079a0790d8,0x000000079a080000)
  to   space 5120K, 0% used [0x0000000799680000,0x0000000799680000,0x0000000799b80000)
 ParOldGen       total 78336K, used 19898K [0x0000000740000000, 0x0000000744c80000, 0x0000000795580000)
  object space 78336K, 25% used [0x0000000740000000,0x000000074136e800,0x0000000744c80000)
 Metaspace       used 26877K, capacity 27208K, committed 27520K, reserved 1075200K
  class space    used 2217K, capacity 2310K, committed 2432K, reserved 1048576K
}
Event: 9.964 GC heap before
{Heap before GC invocations=6 (full 1):
 PSYoungGen      total 54784K, used 54756K [0x0000000795580000, 0x000000079a080000, 0x00000007c0000000)
  eden space 49664K, 100% used [0x0000000795580000,0x0000000798600000,0x0000000798600000)
  from space 5120K, 99% used [0x0000000799b80000,0x000000079a0790d8,0x000000079a080000)
  to   space 5120K, 0% used [0x0000000799680000,0x0000000799680000,0x0000000799b80000)
 ParOldGen       total 78336K, used 19898K [0x0000000740000000, 0x0000000744c80000, 0x0000000795580000)
  object space 78336K, 25% used [0x0000000740000000,0x000000074136e800,0x0000000744c80000)
 Metaspace       used 27463K, capacity 27825K, committed 28032K, reserved 1075200K
  class space    used 2219K, capacity 2310K, committed 2432K, reserved 1048576K
Event: 9.973 GC heap after
Heap after GC invocations=6 (full 1):
 PSYoungGen      total 71680K, used 5088K [0x0000000795580000, 0x000000079b800000, 0x00000007c0000000)
  eden space 66560K, 0% used [0x0000000795580000,0x0000000795580000,0x0000000799680000)
  from space 5120K, 99% used [0x0000000799680000,0x0000000799b780e0,0x0000000799b80000)
  to   space 14848K, 0% used [0x000000079a980000,0x000000079a980000,0x000000079b800000)
 ParOldGen       total 78336K, used 24292K [0x0000000740000000, 0x0000000744c80000, 0x0000000795580000)
  object space 78336K, 31% used [0x0000000740000000,0x00000007417b93f8,0x0000000744c80000)
 Metaspace       used 27463K, capacity 27825K, committed 28032K, reserved 1075200K
  class space    used 2219K, capacity 2310K, committed 2432K, reserved 1048576K
}

