# JRE version: Java(TM) SE Runtime Environment (8.0_131-b11) (build 1.8.0_131-b11)
# Java VM: Java HotSpot(TM) 64-Bit Server VM (25.131-b11 mixed mode bsd-amd64 compressed oops)
Heap:
 PSYoungGen      total 121344K, used 52876K [0x000000076ab00000, 0x0000000774e80000, 0x00000007c0000000)
  eden space 111104K, 38% used [0x000000076ab00000,0x000000076d514d70,0x0000000771780000)
  from space 10240K, 95% used [0x0000000773a80000,0x000000077440e410,0x0000000774480000)
  to   space 10240K, 0% used [0x0000000774480000,0x0000000774480000,0x0000000774e80000)
 ParOldGen       total 116224K, used 18918K [0x00000006c0000000, 0x00000006c7180000, 0x000000076ab00000)
  object space 116224K, 16% used [0x00000006c0000000,0x00000006c1279840,0x00000006c7180000)
 Metaspace       used 27572K, capacity 27981K, committed 28288K, reserved 1075200K
  class space    used 2212K, capacity 2342K, committed 2432K, reserved 1048576K
GC Heap History (10 events):
Event: 124.023 GC heap before
{Heap before GC invocations=12 (full 1):
 PSYoungGen      total 138752K, used 138282K [0x000000076ab00000, 0x0000000776c80000, 0x00000007c0000000)
  eden space 127488K, 100% used [0x000000076ab00000,0x0000000772780000,0x0000000772780000)
  from space 11264K, 95% used [0x0000000776180000,0x0000000776c0ab58,0x0000000776c80000)
  to   space 15872K, 0% used [0x0000000774d80000,0x0000000774d80000,0x0000000775d00000)
 ParOldGen       total 116224K, used 17918K [0x00000006c0000000, 0x00000006c7180000, 0x000000076ab00000)
  object space 116224K, 15% used [0x00000006c0000000,0x00000006c117faf8,0x00000006c7180000)
 Metaspace       used 27536K, capacity 27917K, committed 28288K, reserved 1075200K
  class space    used 2205K, capacity 2342K, committed 2432K, reserved 1048576K
Event: 124.030 GC heap after
Heap after GC invocations=12 (full 1):
 PSYoungGen      total 135168K, used 10777K [0x000000076ab00000, 0x0000000776200000, 0x00000007c0000000)
  eden space 123904K, 0% used [0x000000076ab00000,0x000000076ab00000,0x0000000772400000)
  from space 11264K, 95% used [0x0000000774d80000,0x0000000775806580,0x0000000775880000)
  to   space 9728K, 0% used [0x0000000775880000,0x0000000775880000,0x0000000776200000)
 ParOldGen       total 116224K, used 17918K [0x00000006c0000000, 0x00000006c7180000, 0x000000076ab00000)
  object space 116224K, 15% used [0x00000006c0000000,0x00000006c117faf8,0x00000006c7180000)
 Metaspace       used 27536K, capacity 27917K, committed 28288K, reserved 1075200K
  class space    used 2205K, capacity 2342K, committed 2432K, reserved 1048576K
}
Event: 140.003 GC heap before
{Heap before GC invocations=13 (full 1):
 PSYoungGen      total 135168K, used 134681K [0x000000076ab00000, 0x0000000776200000, 0x00000007c0000000)
  eden space 123904K, 100% used [0x000000076ab00000,0x0000000772400000,0x0000000772400000)
  from space 11264K, 95% used [0x0000000774d80000,0x0000000775806580,0x0000000775880000)
  to   space 9728K, 0% used [0x0000000775880000,0x0000000775880000,0x0000000776200000)
 ParOldGen       total 116224K, used 17918K [0x00000006c0000000, 0x00000006c7180000, 0x000000076ab00000)
  object space 116224K, 15% used [0x00000006c0000000,0x00000006c117faf8,0x00000006c7180000)
 Metaspace       used 27536K, capacity 27917K, committed 28288K, reserved 1075200K
  class space    used 2205K, capacity 2342K, committed 2432K, reserved 1048576K
Event: 140.006 GC heap after
Heap after GC invocations=13 (full 1):
 PSYoungGen      total 130048K, used 9719K [0x000000076ab00000, 0x0000000776200000, 0x00000007c0000000)
  eden space 120320K, 0% used [0x000000076ab00000,0x000000076ab00000,0x0000000772080000)
  from space 9728K, 99% used [0x0000000775880000,0x00000007761fde40,0x0000000776200000)
  to   space 15360K, 0% used [0x0000000774400000,0x0000000774400000,0x0000000775300000)
 ParOldGen       total 116224K, used 18918K [0x00000006c0000000, 0x00000006c7180000, 0x000000076ab00000)
  object space 116224K, 16% used [0x00000006c0000000,0x00000006c1279840,0x00000006c7180000)
 Metaspace       used 27536K, capacity 27917K, committed 28288K, reserved 1075200K
  class space    used 2205K, capacity 2342K, committed 2432K, reserved 1048576K
}
Event: 155.526 GC heap before
{Heap before GC invocations=14 (full 1):
 PSYoungGen      total 130048K, used 130039K [0x000000076ab00000, 0x0000000776200000, 0x00000007c0000000)
  eden space 120320K, 100% used [0x000000076ab00000,0x0000000772080000,0x0000000772080000)
  from space 9728K, 99% used [0x0000000775880000,0x00000007761fde40,0x0000000776200000)
  to   space 15360K, 0% used [0x0000000774400000,0x0000000774400000,0x0000000775300000)
 ParOldGen       total 116224K, used 18918K [0x00000006c0000000, 0x00000006c7180000, 0x000000076ab00000)
  object space 116224K, 16% used [0x00000006c0000000,0x00000006c1279840,0x00000006c7180000)
 Metaspace       used 27536K, capacity 27917K, committed 28288K, reserved 1075200K
  class space    used 2205K, capacity 2342K, committed 2432K, reserved 1048576K
Event: 155.531 GC heap after
Heap after GC invocations=14 (full 1):
 PSYoungGen      total 127488K, used 9783K [0x000000076ab00000, 0x0000000775900000, 0x00000007c0000000)
  eden space 117248K, 0% used [0x000000076ab00000,0x000000076ab00000,0x0000000771d80000)
  from space 10240K, 95% used [0x0000000774400000,0x0000000774d8de40,0x0000000774e00000)
  to   space 11264K, 0% used [0x0000000774e00000,0x0000000774e00000,0x0000000775900000)
 ParOldGen       total 116224K, used 18918K [0x00000006c0000000, 0x00000006c7180000, 0x000000076ab00000)
  object space 116224K, 16% used [0x00000006c0000000,0x00000006c1279840,0x00000006c7180000)
 Metaspace       used 27536K, capacity 27917K, committed 28288K, reserved 1075200K
  class space    used 2205K, capacity 2342K, committed 2432K, reserved 1048576K
}
Event: 170.653 GC heap before
{Heap before GC invocations=15 (full 1):
 PSYoungGen      total 127488K, used 127031K [0x000000076ab00000, 0x0000000775900000, 0x00000007c0000000)
  eden space 117248K, 100% used [0x000000076ab00000,0x0000000771d80000,0x0000000771d80000)
  from space 10240K, 95% used [0x0000000774400000,0x0000000774d8de40,0x0000000774e00000)
  to   space 11264K, 0% used [0x0000000774e00000,0x0000000774e00000,0x0000000775900000)
 ParOldGen       total 116224K, used 18918K [0x00000006c0000000, 0x00000006c7180000, 0x000000076ab00000)
  object space 116224K, 16% used [0x00000006c0000000,0x00000006c1279840,0x00000006c7180000)
 Metaspace       used 27536K, capacity 27917K, committed 28288K, reserved 1075200K
  class space    used 2205K, capacity 2342K, committed 2432K, reserved 1048576K
Event: 170.657 GC heap after
Heap after GC invocations=15 (full 1):
 PSYoungGen      total 123904K, used 9687K [0x000000076ab00000, 0x0000000775780000, 0x00000007c0000000)
  eden space 114176K, 0% used [0x000000076ab00000,0x000000076ab00000,0x0000000771a80000)
  from space 9728K, 99% used [0x0000000774e00000,0x0000000775775e40,0x0000000775780000)
  to   space 14848K, 0% used [0x0000000773a80000,0x0000000773a80000,0x0000000774900000)
 ParOldGen       total 116224K, used 18918K [0x00000006c0000000, 0x00000006c7180000, 0x000000076ab00000)
  object space 116224K, 16% used [0x00000006c0000000,0x00000006c1279840,0x00000006c7180000)
 Metaspace       used 27536K, capacity 27917K, committed 28288K, reserved 1075200K
  class space    used 2205K, capacity 2342K, committed 2432K, reserved 1048576K
}
Event: 185.409 GC heap before
{Heap before GC invocations=16 (full 1):
 PSYoungGen      total 123904K, used 123863K [0x000000076ab00000, 0x0000000775780000, 0x00000007c0000000)
  eden space 114176K, 100% used [0x000000076ab00000,0x0000000771a80000,0x0000000771a80000)
  from space 9728K, 99% used [0x0000000774e00000,0x0000000775775e40,0x0000000775780000)
  to   space 14848K, 0% used [0x0000000773a80000,0x0000000773a80000,0x0000000774900000)
 ParOldGen       total 116224K, used 18918K [0x00000006c0000000, 0x00000006c7180000, 0x000000076ab00000)
  object space 116224K, 16% used [0x00000006c0000000,0x00000006c1279840,0x00000006c7180000)
 Metaspace       used 27536K, capacity 27917K, committed 28288K, reserved 1075200K
  class space    used 2205K, capacity 2342K, committed 2432K, reserved 1048576K
Event: 185.417 GC heap after
Heap after GC invocations=16 (full 1):
 PSYoungGen      total 121344K, used 9785K [0x000000076ab00000, 0x0000000774e80000, 0x00000007c0000000)
  eden space 111104K, 0% used [0x000000076ab00000,0x000000076ab00000,0x0000000771780000)
  from space 10240K, 95% used [0x0000000773a80000,0x000000077440e410,0x0000000774480000)
  to   space 10240K, 0% used [0x0000000774480000,0x0000000774480000,0x0000000774e80000)
 ParOldGen       total 116224K, used 18918K [0x00000006c0000000, 0x00000006c7180000, 0x000000076ab00000)
  object space 116224K, 16% used [0x00000006c0000000,0x00000006c1279840,0x00000006c7180000)
 Metaspace       used 27536K, capacity 27917K, committed 28288K, reserved 1075200K
  class space    used 2205K, capacity 2342K, committed 2432K, reserved 1048576K
}

