# JRE version: Java(TM) SE Runtime Environment (8.0_131-b11) (build 1.8.0_131-b11)
# Java VM: Java HotSpot(TM) 64-Bit Server VM (25.131-b11 mixed mode bsd-amd64 compressed oops)
Heap:
 PSYoungGen      total 76288K, used 15194K [0x000000076ab00000, 0x0000000773600000, 0x00000007c0000000)
  eden space 65536K, 6% used [0x000000076ab00000,0x000000076af5aca0,0x000000076eb00000)
  from space 10752K, 99% used [0x000000076eb00000,0x000000076f57bdf8,0x000000076f580000)
  to   space 10752K, 0% used [0x0000000772b80000,0x0000000772b80000,0x0000000773600000)
 ParOldGen       total 94208K, used 15806K [0x00000006c0000000, 0x00000006c5c00000, 0x000000076ab00000)
  object space 94208K, 16% used [0x00000006c0000000,0x00000006c0f6f870,0x00000006c5c00000)
 Metaspace       used 26978K, capacity 27325K, committed 27648K, reserved 1075200K
  class space    used 2167K, capacity 2276K, committed 2304K, reserved 1048576K
GC Heap History (8 events):
Event: 2.466 GC heap before
{Heap before GC invocations=1 (full 0):
 PSYoungGen      total 76288K, used 65536K [0x000000076ab00000, 0x0000000770000000, 0x00000007c0000000)
  eden space 65536K, 100% used [0x000000076ab00000,0x000000076eb00000,0x000000076eb00000)
  from space 10752K, 0% used [0x000000076f580000,0x000000076f580000,0x0000000770000000)
  to   space 10752K, 0% used [0x000000076eb00000,0x000000076eb00000,0x000000076f580000)
 ParOldGen       total 175104K, used 0K [0x00000006c0000000, 0x00000006cab00000, 0x000000076ab00000)
  object space 175104K, 0% used [0x00000006c0000000,0x00000006c0000000,0x00000006cab00000)
 Metaspace       used 19532K, capacity 19887K, committed 20096K, reserved 1067008K
  class space    used 2000K, capacity 2114K, committed 2176K, reserved 1048576K
Event: 2.475 GC heap after
Heap after GC invocations=1 (full 0):
 PSYoungGen      total 76288K, used 10727K [0x000000076ab00000, 0x0000000770000000, 0x00000007c0000000)
  eden space 65536K, 0% used [0x000000076ab00000,0x000000076ab00000,0x000000076eb00000)
  from space 10752K, 99% used [0x000000076eb00000,0x000000076f579c40,0x000000076f580000)
  to   space 10752K, 0% used [0x000000076f580000,0x000000076f580000,0x0000000770000000)
 ParOldGen       total 175104K, used 2924K [0x00000006c0000000, 0x00000006cab00000, 0x000000076ab00000)
  object space 175104K, 1% used [0x00000006c0000000,0x00000006c02db318,0x00000006cab00000)
 Metaspace       used 19532K, capacity 19887K, committed 20096K, reserved 1067008K
  class space    used 2000K, capacity 2114K, committed 2176K, reserved 1048576K
}
Event: 2.515 GC heap before
{Heap before GC invocations=2 (full 0):
 PSYoungGen      total 76288K, used 32351K [0x000000076ab00000, 0x0000000770000000, 0x00000007c0000000)
  eden space 65536K, 32% used [0x000000076ab00000,0x000000076c01e320,0x000000076eb00000)
  from space 10752K, 99% used [0x000000076eb00000,0x000000076f579c40,0x000000076f580000)
  to   space 10752K, 0% used [0x000000076f580000,0x000000076f580000,0x0000000770000000)
 ParOldGen       total 175104K, used 2924K [0x00000006c0000000, 0x00000006cab00000, 0x000000076ab00000)
  object space 175104K, 1% used [0x00000006c0000000,0x00000006c02db318,0x00000006cab00000)
 Metaspace       used 20863K, capacity 21194K, committed 21296K, reserved 1069056K
  class space    used 2016K, capacity 2115K, committed 2176K, reserved 1048576K
Event: 2.522 GC heap after
Heap after GC invocations=2 (full 0):
 PSYoungGen      total 76288K, used 10738K [0x000000076ab00000, 0x0000000774000000, 0x00000007c0000000)
  eden space 65536K, 0% used [0x000000076ab00000,0x000000076ab00000,0x000000076eb00000)
  from space 10752K, 99% used [0x000000076f580000,0x000000076fffcb10,0x0000000770000000)
  to   space 10752K, 0% used [0x000000076eb00000,0x000000076eb00000,0x000000076f580000)
 ParOldGen       total 175104K, used 7572K [0x00000006c0000000, 0x00000006cab00000, 0x000000076ab00000)
  object space 175104K, 4% used [0x00000006c0000000,0x00000006c0765130,0x00000006cab00000)
 Metaspace       used 20863K, capacity 21194K, committed 21296K, reserved 1069056K
  class space    used 2016K, capacity 2115K, committed 2176K, reserved 1048576K
}
Event: 2.522 GC heap before
{Heap before GC invocations=3 (full 1):
 PSYoungGen      total 76288K, used 10738K [0x000000076ab00000, 0x0000000774000000, 0x00000007c0000000)
  eden space 65536K, 0% used [0x000000076ab00000,0x000000076ab00000,0x000000076eb00000)
  from space 10752K, 99% used [0x000000076f580000,0x000000076fffcb10,0x0000000770000000)
  to   space 10752K, 0% used [0x000000076eb00000,0x000000076eb00000,0x000000076f580000)
 ParOldGen       total 175104K, used 7572K [0x00000006c0000000, 0x00000006cab00000, 0x000000076ab00000)
  object space 175104K, 4% used [0x00000006c0000000,0x00000006c0765130,0x00000006cab00000)
 Metaspace       used 20863K, capacity 21194K, committed 21296K, reserved 1069056K
  class space    used 2016K, capacity 2115K, committed 2176K, reserved 1048576K
Event: 2.547 GC heap after
Heap after GC invocations=3 (full 1):
 PSYoungGen      total 76288K, used 0K [0x000000076ab00000, 0x0000000774000000, 0x00000007c0000000)
  eden space 65536K, 0% used [0x000000076ab00000,0x000000076ab00000,0x000000076eb00000)
  from space 10752K, 0% used [0x000000076f580000,0x000000076f580000,0x0000000770000000)
  to   space 10752K, 0% used [0x000000076eb00000,0x000000076eb00000,0x000000076f580000)
 ParOldGen       total 94208K, used 15444K [0x00000006c0000000, 0x00000006c5c00000, 0x000000076ab00000)
  object space 94208K, 16% used [0x00000006c0000000,0x00000006c0f151a0,0x00000006c5c00000)
 Metaspace       used 20863K, capacity 21194K, committed 21296K, reserved 1069056K
  class space    used 2016K, capacity 2115K, committed 2176K, reserved 1048576K
}
Event: 7.455 GC heap before
{Heap before GC invocations=4 (full 1):
 PSYoungGen      total 76288K, used 65536K [0x000000076ab00000, 0x0000000774000000, 0x00000007c0000000)
  eden space 65536K, 100% used [0x000000076ab00000,0x000000076eb00000,0x000000076eb00000)
  from space 10752K, 0% used [0x000000076f580000,0x000000076f580000,0x0000000770000000)
  to   space 10752K, 0% used [0x000000076eb00000,0x000000076eb00000,0x000000076f580000)
 ParOldGen       total 94208K, used 15444K [0x00000006c0000000, 0x00000006c5c00000, 0x000000076ab00000)
  object space 94208K, 16% used [0x00000006c0000000,0x00000006c0f151a0,0x00000006c5c00000)
 Metaspace       used 26938K, capacity 27325K, committed 27648K, reserved 1075200K
  class space    used 2159K, capacity 2276K, committed 2304K, reserved 1048576K
Event: 7.459 GC heap after
Heap after GC invocations=4 (full 1):
 PSYoungGen      total 76288K, used 10735K [0x000000076ab00000, 0x0000000773600000, 0x00000007c0000000)
  eden space 65536K, 0% used [0x000000076ab00000,0x000000076ab00000,0x000000076eb00000)
  from space 10752K, 99% used [0x000000076eb00000,0x000000076f57bdf8,0x000000076f580000)
  to   space 10752K, 0% used [0x0000000772b80000,0x0000000772b80000,0x0000000773600000)
 ParOldGen       total 94208K, used 15806K [0x00000006c0000000, 0x00000006c5c00000, 0x000000076ab00000)
  object space 94208K, 16% used [0x00000006c0000000,0x00000006c0f6f870,0x00000006c5c00000)
 Metaspace       used 26938K, capacity 27325K, committed 27648K, reserved 1075200K
  class space    used 2159K, capacity 2276K, committed 2304K, reserved 1048576K
}

