# JRE version: Java(TM) SE Runtime Environment (8.0_131-b11) (build 1.8.0_131-b11)
# Java VM: Java HotSpot(TM) 64-Bit Server VM (25.131-b11 mixed mode bsd-amd64 compressed oops)
Heap:
 PSYoungGen      total 71680K, used 47492K [0x0000000795580000, 0x000000079ea00000, 0x00000007c0000000)
  eden space 66560K, 63% used [0x0000000795580000,0x0000000797ee24b0,0x0000000799680000)
  from space 5120K, 99% used [0x0000000799680000,0x0000000799b7ee50,0x0000000799b80000)
  to   space 18432K, 0% used [0x000000079d800000,0x000000079d800000,0x000000079ea00000)
 ParOldGen       total 64512K, used 30844K [0x0000000740000000, 0x0000000743f00000, 0x0000000795580000)
  object space 64512K, 47% used [0x0000000740000000,0x0000000741e1f3a8,0x0000000743f00000)
 Metaspace       used 27505K, capacity 27809K, committed 28288K, reserved 1075200K
  class space    used 2191K, capacity 2308K, committed 2432K, reserved 1048576K
GC Heap History (10 events):
Event: 5.014 GC heap before
{Heap before GC invocations=2 (full 0):
 PSYoungGen      total 38400K, used 34881K [0x0000000795580000, 0x0000000798000000, 0x00000007c0000000)
  eden space 33280K, 89% used [0x0000000795580000,0x0000000797296930,0x0000000797600000)
  from space 5120K, 99% used [0x0000000797600000,0x0000000797af9ba0,0x0000000797b00000)
  to   space 5120K, 0% used [0x0000000797b00000,0x0000000797b00000,0x0000000798000000)
 ParOldGen       total 87552K, used 16K [0x0000000740000000, 0x0000000745580000, 0x0000000795580000)
  object space 87552K, 0% used [0x0000000740000000,0x0000000740004000,0x0000000745580000)
 Metaspace       used 19618K, capacity 19941K, committed 20096K, reserved 1067008K
  class space    used 2017K, capacity 2111K, committed 2176K, reserved 1048576K
Event: 5.034 GC heap after
Heap after GC invocations=2 (full 0):
 PSYoungGen      total 38400K, used 5103K [0x0000000795580000, 0x0000000798000000, 0x00000007c0000000)
  eden space 33280K, 0% used [0x0000000795580000,0x0000000795580000,0x0000000797600000)
  from space 5120K, 99% used [0x0000000797b00000,0x0000000797ffbd80,0x0000000798000000)
  to   space 5120K, 0% used [0x0000000797600000,0x0000000797600000,0x0000000797b00000)
 ParOldGen       total 87552K, used 9654K [0x0000000740000000, 0x0000000745580000, 0x0000000795580000)
  object space 87552K, 11% used [0x0000000740000000,0x000000074096db90,0x0000000745580000)
 Metaspace       used 19618K, capacity 19941K, committed 20096K, reserved 1067008K
  class space    used 2017K, capacity 2111K, committed 2176K, reserved 1048576K
}
Event: 5.065 GC heap before
{Heap before GC invocations=3 (full 0):
 PSYoungGen      total 38400K, used 15800K [0x0000000795580000, 0x0000000798000000, 0x00000007c0000000)
  eden space 33280K, 32% used [0x0000000795580000,0x0000000795ff2470,0x0000000797600000)
  from space 5120K, 99% used [0x0000000797b00000,0x0000000797ffbd80,0x0000000798000000)
  to   space 5120K, 0% used [0x0000000797600000,0x0000000797600000,0x0000000797b00000)
 ParOldGen       total 87552K, used 9654K [0x0000000740000000, 0x0000000745580000, 0x0000000795580000)
  object space 87552K, 11% used [0x0000000740000000,0x000000074096db90,0x0000000745580000)
 Metaspace       used 20834K, capacity 21114K, committed 21296K, reserved 1069056K
  class space    used 2017K, capacity 2111K, committed 2176K, reserved 1048576K
Event: 5.072 GC heap after
Heap after GC invocations=3 (full 0):
 PSYoungGen      total 38400K, used 4064K [0x0000000795580000, 0x000000079a080000, 0x00000007c0000000)
  eden space 33280K, 0% used [0x0000000795580000,0x0000000795580000,0x0000000797600000)
  from space 5120K, 79% used [0x0000000797600000,0x00000007979f8170,0x0000000797b00000)
  to   space 5120K, 0% used [0x0000000799b80000,0x0000000799b80000,0x000000079a080000)
 ParOldGen       total 87552K, used 14166K [0x0000000740000000, 0x0000000745580000, 0x0000000795580000)
  object space 87552K, 16% used [0x0000000740000000,0x0000000740dd5be0,0x0000000745580000)
 Metaspace       used 20834K, capacity 21114K, committed 21296K, reserved 1069056K
  class space    used 2017K, capacity 2111K, committed 2176K, reserved 1048576K
}
Event: 5.072 GC heap before
{Heap before GC invocations=4 (full 1):
 PSYoungGen      total 38400K, used 4064K [0x0000000795580000, 0x000000079a080000, 0x00000007c0000000)
  eden space 33280K, 0% used [0x0000000795580000,0x0000000795580000,0x0000000797600000)
  from space 5120K, 79% used [0x0000000797600000,0x00000007979f8170,0x0000000797b00000)
  to   space 5120K, 0% used [0x0000000799b80000,0x0000000799b80000,0x000000079a080000)
 ParOldGen       total 87552K, used 14166K [0x0000000740000000, 0x0000000745580000, 0x0000000795580000)
  object space 87552K, 16% used [0x0000000740000000,0x0000000740dd5be0,0x0000000745580000)
 Metaspace       used 20834K, capacity 21114K, committed 21296K, reserved 1069056K
  class space    used 2017K, capacity 2111K, committed 2176K, reserved 1048576K
Event: 5.109 GC heap after
Heap after GC invocations=4 (full 1):
 PSYoungGen      total 38400K, used 0K [0x0000000795580000, 0x000000079a080000, 0x00000007c0000000)
  eden space 33280K, 0% used [0x0000000795580000,0x0000000795580000,0x0000000797600000)
  from space 5120K, 0% used [0x0000000797600000,0x0000000797600000,0x0000000797b00000)
  to   space 5120K, 0% used [0x0000000799b80000,0x0000000799b80000,0x000000079a080000)
 ParOldGen       total 64512K, used 17457K [0x0000000740000000, 0x0000000743f00000, 0x0000000795580000)
  object space 64512K, 27% used [0x0000000740000000,0x000000074110c410,0x0000000743f00000)
 Metaspace       used 20834K, capacity 21114K, committed 21296K, reserved 1069056K
  class space    used 2017K, capacity 2111K, committed 2176K, reserved 1048576K
}
Event: 7.643 GC heap before
{Heap before GC invocations=5 (full 1):
 PSYoungGen      total 38400K, used 33280K [0x0000000795580000, 0x000000079a080000, 0x00000007c0000000)
  eden space 33280K, 100% used [0x0000000795580000,0x0000000797600000,0x0000000797600000)
  from space 5120K, 0% used [0x0000000797600000,0x0000000797600000,0x0000000797b00000)
  to   space 5120K, 0% used [0x0000000799b80000,0x0000000799b80000,0x000000079a080000)
 ParOldGen       total 64512K, used 17457K [0x0000000740000000, 0x0000000743f00000, 0x0000000795580000)
  object space 64512K, 27% used [0x0000000740000000,0x000000074110c410,0x0000000743f00000)
 Metaspace       used 26807K, capacity 27129K, committed 27392K, reserved 1075200K
  class space    used 2180K, capacity 2274K, committed 2304K, reserved 1048576K
Event: 7.658 GC heap after
Heap after GC invocations=5 (full 1):
 PSYoungGen      total 67584K, used 5099K [0x0000000795580000, 0x000000079a080000, 0x00000007c0000000)
  eden space 62464K, 0% used [0x0000000795580000,0x0000000795580000,0x0000000799280000)
  from space 5120K, 99% used [0x0000000799b80000,0x000000079a07ade8,0x000000079a080000)
  to   space 5120K, 0% used [0x0000000799680000,0x0000000799680000,0x0000000799b80000)
 ParOldGen       total 64512K, used 21723K [0x0000000740000000, 0x0000000743f00000, 0x0000000795580000)
  object space 64512K, 33% used [0x0000000740000000,0x0000000741536d98,0x0000000743f00000)
 Metaspace       used 26807K, capacity 27129K, committed 27392K, reserved 1075200K
  class space    used 2180K, capacity 2274K, committed 2304K, reserved 1048576K
}
Event: 13.180 GC heap before
{Heap before GC invocations=6 (full 1):
 PSYoungGen      total 67584K, used 67563K [0x0000000795580000, 0x000000079a080000, 0x00000007c0000000)
  eden space 62464K, 100% used [0x0000000795580000,0x0000000799280000,0x0000000799280000)
  from space 5120K, 99% used [0x0000000799b80000,0x000000079a07ade8,0x000000079a080000)
  to   space 5120K, 0% used [0x0000000799680000,0x0000000799680000,0x0000000799b80000)
 ParOldGen       total 64512K, used 21723K [0x0000000740000000, 0x0000000743f00000, 0x0000000795580000)
  object space 64512K, 33% used [0x0000000740000000,0x0000000741536d98,0x0000000743f00000)
 Metaspace       used 27272K, capacity 27647K, committed 27904K, reserved 1075200K
  class space    used 2181K, capacity 2275K, committed 2304K, reserved 1048576K
Event: 13.193 GC heap after
Heap after GC invocations=6 (full 1):
 PSYoungGen      total 71680K, used 5115K [0x0000000795580000, 0x000000079ea00000, 0x00000007c0000000)
  eden space 66560K, 0% used [0x0000000795580000,0x0000000795580000,0x0000000799680000)
  from space 5120K, 99% used [0x0000000799680000,0x0000000799b7ee50,0x0000000799b80000)
  to   space 18432K, 0% used [0x000000079d800000,0x000000079d800000,0x000000079ea00000)
 ParOldGen       total 64512K, used 30844K [0x0000000740000000, 0x0000000743f00000, 0x0000000795580000)
  object space 64512K, 47% used [0x0000000740000000,0x0000000741e1f3a8,0x0000000743f00000)
 Metaspace       used 27272K, capacity 27647K, committed 27904K, reserved 1075200K
  class space    used 2181K, capacity 2275K, committed 2304K, reserved 1048576K
}

