# JRE version: Java(TM) SE Runtime Environment (8.0_131-b11) (build 1.8.0_131-b11)
# Java VM: Java HotSpot(TM) 64-Bit Server VM (25.131-b11 mixed mode bsd-amd64 compressed oops)
Heap:
 PSYoungGen      total 157696K, used 116704K [0x0000000795580000, 0x00000007a0180000, 0x00000007c0000000)
  eden space 144896K, 72% used [0x0000000795580000,0x000000079bb70048,0x000000079e300000)
  from space 12800K, 96% used [0x000000079f500000,0x00000007a01082b0,0x00000007a0180000)
  to   space 15360K, 0% used [0x000000079e380000,0x000000079e380000,0x000000079f280000)
 ParOldGen       total 69632K, used 26835K [0x0000000740000000, 0x0000000744400000, 0x0000000795580000)
  object space 69632K, 38% used [0x0000000740000000,0x0000000741a34e60,0x0000000744400000)
 Metaspace       used 28264K, capacity 28625K, committed 28800K, reserved 1075200K
  class space    used 2234K, capacity 2342K, committed 2432K, reserved 1048576K
GC Heap History (10 events):
Event: 7.415 GC heap before
{Heap before GC invocations=5 (full 1):
 PSYoungGen      total 38400K, used 33262K [0x0000000795580000, 0x000000079a080000, 0x00000007c0000000)
  eden space 33280K, 99% used [0x0000000795580000,0x00000007975fba00,0x0000000797600000)
  from space 5120K, 0% used [0x0000000797600000,0x0000000797600000,0x0000000797b00000)
  to   space 5120K, 0% used [0x0000000799b80000,0x0000000799b80000,0x000000079a080000)
 ParOldGen       total 69632K, used 17589K [0x0000000740000000, 0x0000000744400000, 0x0000000795580000)
  object space 69632K, 25% used [0x0000000740000000,0x000000074112d648,0x0000000744400000)
 Metaspace       used 26763K, capacity 27144K, committed 27520K, reserved 1075200K
  class space    used 2200K, capacity 2310K, committed 2432K, reserved 1048576K
Event: 7.426 GC heap after
Heap after GC invocations=5 (full 1):
 PSYoungGen      total 62464K, used 5116K [0x0000000795580000, 0x000000079a080000, 0x00000007c0000000)
  eden space 57344K, 0% used [0x0000000795580000,0x0000000795580000,0x0000000798d80000)
  from space 5120K, 99% used [0x0000000799b80000,0x000000079a07f1d8,0x000000079a080000)
  to   space 5120K, 0% used [0x0000000799680000,0x0000000799680000,0x0000000799b80000)
 ParOldGen       total 69632K, used 19201K [0x0000000740000000, 0x0000000744400000, 0x0000000795580000)
  object space 69632K, 27% used [0x0000000740000000,0x00000007412c0688,0x0000000744400000)
 Metaspace       used 26763K, capacity 27144K, committed 27520K, reserved 1075200K
  class space    used 2200K, capacity 2310K, committed 2432K, reserved 1048576K
}
Event: 9.524 GC heap before
{Heap before GC invocations=6 (full 1):
 PSYoungGen      total 62464K, used 62460K [0x0000000795580000, 0x000000079a080000, 0x00000007c0000000)
  eden space 57344K, 100% used [0x0000000795580000,0x0000000798d80000,0x0000000798d80000)
  from space 5120K, 99% used [0x0000000799b80000,0x000000079a07f1d8,0x000000079a080000)
  to   space 5120K, 0% used [0x0000000799680000,0x0000000799680000,0x0000000799b80000)
 ParOldGen       total 69632K, used 19201K [0x0000000740000000, 0x0000000744400000, 0x0000000795580000)
  object space 69632K, 27% used [0x0000000740000000,0x00000007412c0688,0x0000000744400000)
 Metaspace       used 27487K, capacity 27761K, committed 28032K, reserved 1075200K
  class space    used 2223K, capacity 2310K, committed 2432K, reserved 1048576K
Event: 9.534 GC heap after
Heap after GC invocations=6 (full 1):
 PSYoungGen      total 71680K, used 5088K [0x0000000795580000, 0x000000079cf80000, 0x00000007c0000000)
  eden space 66560K, 0% used [0x0000000795580000,0x0000000795580000,0x0000000799680000)
  from space 5120K, 99% used [0x0000000799680000,0x0000000799b780b0,0x0000000799b80000)
  to   space 14336K, 0% used [0x000000079c180000,0x000000079c180000,0x000000079cf80000)
 ParOldGen       total 69632K, used 23916K [0x0000000740000000, 0x0000000744400000, 0x0000000795580000)
  object space 69632K, 34% used [0x0000000740000000,0x000000074175b260,0x0000000744400000)
 Metaspace       used 27487K, capacity 27761K, committed 28032K, reserved 1075200K
  class space    used 2223K, capacity 2310K, committed 2432K, reserved 1048576K
}
Event: 14.459 GC heap before
{Heap before GC invocations=7 (full 1):
 PSYoungGen      total 71680K, used 71648K [0x0000000795580000, 0x000000079cf80000, 0x00000007c0000000)
  eden space 66560K, 100% used [0x0000000795580000,0x0000000799680000,0x0000000799680000)
  from space 5120K, 99% used [0x0000000799680000,0x0000000799b780b0,0x0000000799b80000)
  to   space 14336K, 0% used [0x000000079c180000,0x000000079c180000,0x000000079cf80000)
 ParOldGen       total 69632K, used 23916K [0x0000000740000000, 0x0000000744400000, 0x0000000795580000)
  object space 69632K, 34% used [0x0000000740000000,0x000000074175b260,0x0000000744400000)
 Metaspace       used 27920K, capacity 28209K, committed 28544K, reserved 1075200K
  class space    used 2224K, capacity 2310K, committed 2432K, reserved 1048576K
Event: 14.464 GC heap after
Heap after GC invocations=7 (full 1):
 PSYoungGen      total 110592K, used 5472K [0x0000000795580000, 0x000000079da80000, 0x00000007c0000000)
  eden space 96256K, 0% used [0x0000000795580000,0x0000000795580000,0x000000079b380000)
  from space 14336K, 38% used [0x000000079c180000,0x000000079c6d80c0,0x000000079cf80000)
  to   space 14336K, 0% used [0x000000079b380000,0x000000079b380000,0x000000079c180000)
 ParOldGen       total 69632K, used 23924K [0x0000000740000000, 0x0000000744400000, 0x0000000795580000)
  object space 69632K, 34% used [0x0000000740000000,0x000000074175d260,0x0000000744400000)
 Metaspace       used 27920K, capacity 28209K, committed 28544K, reserved 1075200K
  class space    used 2224K, capacity 2310K, committed 2432K, reserved 1048576K
}
Event: 21.727 GC heap before
{Heap before GC invocations=8 (full 1):
 PSYoungGen      total 110592K, used 101728K [0x0000000795580000, 0x000000079da80000, 0x00000007c0000000)
  eden space 96256K, 100% used [0x0000000795580000,0x000000079b380000,0x000000079b380000)
  from space 14336K, 38% used [0x000000079c180000,0x000000079c6d80c0,0x000000079cf80000)
  to   space 14336K, 0% used [0x000000079b380000,0x000000079b380000,0x000000079c180000)
 ParOldGen       total 69632K, used 23924K [0x0000000740000000, 0x0000000744400000, 0x0000000795580000)
  object space 69632K, 34% used [0x0000000740000000,0x000000074175d260,0x0000000744400000)
 Metaspace       used 28023K, capacity 28337K, committed 28544K, reserved 1075200K
  class space    used 2224K, capacity 2310K, committed 2432K, reserved 1048576K
Event: 21.733 GC heap after
Heap after GC invocations=8 (full 1):
 PSYoungGen      total 110592K, used 5504K [0x0000000795580000, 0x00000007a0300000, 0x00000007c0000000)
  eden space 96256K, 0% used [0x0000000795580000,0x0000000795580000,0x000000079b380000)
  from space 14336K, 38% used [0x000000079b380000,0x000000079b8e00c0,0x000000079c180000)
  to   space 14336K, 0% used [0x000000079f500000,0x000000079f500000,0x00000007a0300000)
 ParOldGen       total 69632K, used 23932K [0x0000000740000000, 0x0000000744400000, 0x0000000795580000)
  object space 69632K, 34% used [0x0000000740000000,0x000000074175f260,0x0000000744400000)
 Metaspace       used 28023K, capacity 28337K, committed 28544K, reserved 1075200K
  class space    used 2224K, capacity 2310K, committed 2432K, reserved 1048576K
}
Event: 24.045 GC heap before
{Heap before GC invocations=9 (full 1):
 PSYoungGen      total 110592K, used 101760K [0x0000000795580000, 0x00000007a0300000, 0x00000007c0000000)
  eden space 96256K, 100% used [0x0000000795580000,0x000000079b380000,0x000000079b380000)
  from space 14336K, 38% used [0x000000079b380000,0x000000079b8e00c0,0x000000079c180000)
  to   space 14336K, 0% used [0x000000079f500000,0x000000079f500000,0x00000007a0300000)
 ParOldGen       total 69632K, used 23932K [0x0000000740000000, 0x0000000744400000, 0x0000000795580000)
  object space 69632K, 34% used [0x0000000740000000,0x000000074175f260,0x0000000744400000)
 Metaspace       used 28197K, capacity 28529K, committed 28800K, reserved 1075200K
  class space    used 2224K, capacity 2310K, committed 2432K, reserved 1048576K
Event: 24.055 GC heap after
Heap after GC invocations=9 (full 1):
 PSYoungGen      total 157696K, used 12320K [0x0000000795580000, 0x00000007a0180000, 0x00000007c0000000)
  eden space 144896K, 0% used [0x0000000795580000,0x0000000795580000,0x000000079e300000)
  from space 12800K, 96% used [0x000000079f500000,0x00000007a01082b0,0x00000007a0180000)
  to   space 15360K, 0% used [0x000000079e380000,0x000000079e380000,0x000000079f280000)
 ParOldGen       total 69632K, used 26835K [0x0000000740000000, 0x0000000744400000, 0x0000000795580000)
  object space 69632K, 38% used [0x0000000740000000,0x0000000741a34e60,0x0000000744400000)
 Metaspace       used 28197K, capacity 28529K, committed 28800K, reserved 1075200K
  class space    used 2224K, capacity 2310K, committed 2432K, reserved 1048576K
}

