# JRE version: Java(TM) SE Runtime Environment (8.0_131-b11) (build 1.8.0_131-b11)
# Java VM: Java HotSpot(TM) 64-Bit Server VM (25.131-b11 mixed mode bsd-amd64 compressed oops)
Heap:
 PSYoungGen      total 290304K, used 132730K [0x000000076ab00000, 0x000000077f180000, 0x00000007c0000000)
  eden space 289792K, 45% used [0x000000076ab00000,0x0000000772c7ea90,0x000000077c600000)
  from space 512K, 25% used [0x000000077d180000,0x000000077d1a0000,0x000000077d200000)
  to   space 19456K, 0% used [0x000000077de80000,0x000000077de80000,0x000000077f180000)
 ParOldGen       total 98304K, used 24902K [0x00000006c0000000, 0x00000006c6000000, 0x000000076ab00000)
  object space 98304K, 25% used [0x00000006c0000000,0x00000006c18519d0,0x00000006c6000000)
 Metaspace       used 27055K, capacity 27389K, committed 27648K, reserved 1075200K
  class space    used 2168K, capacity 2276K, committed 2304K, reserved 1048576K
GC Heap History (10 events):
Event: 75.150 GC heap before
{Heap before GC invocations=6 (full 1):
 PSYoungGen      total 124928K, used 124891K [0x000000076ab00000, 0x0000000773280000, 0x00000007c0000000)
  eden space 117248K, 100% used [0x000000076ab00000,0x0000000771d80000,0x0000000771d80000)
  from space 7680K, 99% used [0x0000000772b00000,0x0000000773276c18,0x0000000773280000)
  to   space 10752K, 0% used [0x0000000771d80000,0x0000000771d80000,0x0000000772800000)
 ParOldGen       total 98304K, used 17236K [0x00000006c0000000, 0x00000006c6000000, 0x000000076ab00000)
  object space 98304K, 17% used [0x00000006c0000000,0x00000006c10d5068,0x00000006c6000000)
 Metaspace       used 27024K, capacity 27389K, committed 27648K, reserved 1075200K
  class space    used 2161K, capacity 2276K, committed 2304K, reserved 1048576K
Event: 75.157 GC heap after
Heap after GC invocations=6 (full 1):
 PSYoungGen      total 128000K, used 7579K [0x000000076ab00000, 0x0000000779780000, 0x00000007c0000000)
  eden space 117248K, 0% used [0x000000076ab00000,0x000000076ab00000,0x0000000771d80000)
  from space 10752K, 70% used [0x0000000771d80000,0x00000007724e6c18,0x0000000772800000)
  to   space 19456K, 0% used [0x0000000778480000,0x0000000778480000,0x0000000779780000)
 ParOldGen       total 98304K, used 17244K [0x00000006c0000000, 0x00000006c6000000, 0x000000076ab00000)
  object space 98304K, 17% used [0x00000006c0000000,0x00000006c10d7068,0x00000006c6000000)
 Metaspace       used 27024K, capacity 27389K, committed 27648K, reserved 1075200K
  class space    used 2161K, capacity 2276K, committed 2304K, reserved 1048576K
}
Event: 113.603 GC heap before
{Heap before GC invocations=7 (full 1):
 PSYoungGen      total 128000K, used 124827K [0x000000076ab00000, 0x0000000779780000, 0x00000007c0000000)
  eden space 117248K, 100% used [0x000000076ab00000,0x0000000771d80000,0x0000000771d80000)
  from space 10752K, 70% used [0x0000000771d80000,0x00000007724e6c18,0x0000000772800000)
  to   space 19456K, 0% used [0x0000000778480000,0x0000000778480000,0x0000000779780000)
 ParOldGen       total 98304K, used 17244K [0x00000006c0000000, 0x00000006c6000000, 0x000000076ab00000)
  object space 98304K, 17% used [0x00000006c0000000,0x00000006c10d7068,0x00000006c6000000)
 Metaspace       used 27025K, capacity 27389K, committed 27648K, reserved 1075200K
  class space    used 2161K, capacity 2276K, committed 2304K, reserved 1048576K
Event: 113.609 GC heap after
Heap after GC invocations=7 (full 1):
 PSYoungGen      total 207360K, used 7675K [0x000000076ab00000, 0x0000000778f80000, 0x00000007c0000000)
  eden space 196096K, 0% used [0x000000076ab00000,0x000000076ab00000,0x0000000776a80000)
  from space 11264K, 68% used [0x0000000778480000,0x0000000778bfec18,0x0000000778f80000)
  to   space 18944K, 0% used [0x0000000776a80000,0x0000000776a80000,0x0000000777d00000)
 ParOldGen       total 98304K, used 17252K [0x00000006c0000000, 0x00000006c6000000, 0x000000076ab00000)
  object space 98304K, 17% used [0x00000006c0000000,0x00000006c10d9068,0x00000006c6000000)
 Metaspace       used 27025K, capacity 27389K, committed 27648K, reserved 1075200K
  class space    used 2161K, capacity 2276K, committed 2304K, reserved 1048576K
}
Event: 178.593 GC heap before
{Heap before GC invocations=8 (full 1):
 PSYoungGen      total 207360K, used 203771K [0x000000076ab00000, 0x0000000778f80000, 0x00000007c0000000)
  eden space 196096K, 100% used [0x000000076ab00000,0x0000000776a80000,0x0000000776a80000)
  from space 11264K, 68% used [0x0000000778480000,0x0000000778bfec18,0x0000000778f80000)
  to   space 18944K, 0% used [0x0000000776a80000,0x0000000776a80000,0x0000000777d00000)
 ParOldGen       total 98304K, used 17252K [0x00000006c0000000, 0x00000006c6000000, 0x000000076ab00000)
  object space 98304K, 17% used [0x00000006c0000000,0x00000006c10d9068,0x00000006c6000000)
 Metaspace       used 27025K, capacity 27389K, committed 27648K, reserved 1075200K
  class space    used 2161K, capacity 2276K, committed 2304K, reserved 1048576K
Event: 178.604 GC heap after
Heap after GC invocations=8 (full 1):
 PSYoungGen      total 215040K, used 7658K [0x000000076ab00000, 0x0000000780300000, 0x00000007c0000000)
  eden space 196096K, 0% used [0x000000076ab00000,0x000000076ab00000,0x0000000776a80000)
  from space 18944K, 40% used [0x0000000776a80000,0x00000007771faaa8,0x0000000777d00000)
  to   space 18432K, 0% used [0x000000077f100000,0x000000077f100000,0x0000000780300000)
 ParOldGen       total 98304K, used 17260K [0x00000006c0000000, 0x00000006c6000000, 0x000000076ab00000)
  object space 98304K, 17% used [0x00000006c0000000,0x00000006c10db068,0x00000006c6000000)
 Metaspace       used 27025K, capacity 27389K, committed 27648K, reserved 1075200K
  class space    used 2161K, capacity 2276K, committed 2304K, reserved 1048576K
}
Event: 243.666 GC heap before
{Heap before GC invocations=9 (full 1):
 PSYoungGen      total 215040K, used 203754K [0x000000076ab00000, 0x0000000780300000, 0x00000007c0000000)
  eden space 196096K, 100% used [0x000000076ab00000,0x0000000776a80000,0x0000000776a80000)
  from space 18944K, 40% used [0x0000000776a80000,0x00000007771faaa8,0x0000000777d00000)
  to   space 18432K, 0% used [0x000000077f100000,0x000000077f100000,0x0000000780300000)
 ParOldGen       total 98304K, used 17260K [0x00000006c0000000, 0x00000006c6000000, 0x000000076ab00000)
  object space 98304K, 17% used [0x00000006c0000000,0x00000006c10db068,0x00000006c6000000)
 Metaspace       used 27025K, capacity 27389K, committed 27648K, reserved 1075200K
  class space    used 2161K, capacity 2276K, committed 2304K, reserved 1048576K
Event: 243.677 GC heap after
Heap after GC invocations=9 (full 1):
 PSYoungGen      total 307200K, used 256K [0x000000076ab00000, 0x000000077f680000, 0x00000007c0000000)
  eden space 301568K, 0% used [0x000000076ab00000,0x000000076ab00000,0x000000077d180000)
  from space 5632K, 4% used [0x000000077f100000,0x000000077f140000,0x000000077f680000)
  to   space 18944K, 0% used [0x000000077d180000,0x000000077d180000,0x000000077e400000)
 ParOldGen       total 98304K, used 24838K [0x00000006c0000000, 0x00000006c6000000, 0x000000076ab00000)
  object space 98304K, 25% used [0x00000006c0000000,0x00000006c18419d0,0x00000006c6000000)
 Metaspace       used 27025K, capacity 27389K, committed 27648K, reserved 1075200K
  class space    used 2161K, capacity 2276K, committed 2304K, reserved 1048576K
}
Event: 346.018 GC heap before
{Heap before GC invocations=10 (full 1):
 PSYoungGen      total 307200K, used 301824K [0x000000076ab00000, 0x000000077f680000, 0x00000007c0000000)
  eden space 301568K, 100% used [0x000000076ab00000,0x000000077d180000,0x000000077d180000)
  from space 5632K, 4% used [0x000000077f100000,0x000000077f140000,0x000000077f680000)
  to   space 18944K, 0% used [0x000000077d180000,0x000000077d180000,0x000000077e400000)
 ParOldGen       total 98304K, used 24838K [0x00000006c0000000, 0x00000006c6000000, 0x000000076ab00000)
  object space 98304K, 25% used [0x00000006c0000000,0x00000006c18419d0,0x00000006c6000000)
 Metaspace       used 27025K, capacity 27389K, committed 27648K, reserved 1075200K
  class space    used 2161K, capacity 2276K, committed 2304K, reserved 1048576K
Event: 346.021 GC heap after
Heap after GC invocations=10 (full 1):
 PSYoungGen      total 290304K, used 128K [0x000000076ab00000, 0x000000077f180000, 0x00000007c0000000)
  eden space 289792K, 0% used [0x000000076ab00000,0x000000076ab00000,0x000000077c600000)
  from space 512K, 25% used [0x000000077d180000,0x000000077d1a0000,0x000000077d200000)
  to   space 19456K, 0% used [0x000000077de80000,0x000000077de80000,0x000000077f180000)
 ParOldGen       total 98304K, used 24902K [0x00000006c0000000, 0x00000006c6000000, 0x000000076ab00000)
  object space 98304K, 25% used [0x00000006c0000000,0x00000006c18519d0,0x00000006c6000000)
 Metaspace       used 27025K, capacity 27389K, committed 27648K, reserved 1075200K
  class space    used 2161K, capacity 2276K, committed 2304K, reserved 1048576K
}

