# JRE version: Java(TM) SE Runtime Environment (8.0_131-b11) (build 1.8.0_131-b11)
# Java VM: Java HotSpot(TM) 64-Bit Server VM (25.131-b11 mixed mode bsd-amd64 compressed oops)
Heap:
 PSYoungGen      total 148992K, used 117923K [0x0000000795580000, 0x00000007a0080000, 0x00000007c0000000)
  eden space 129536K, 76% used [0x0000000795580000,0x000000079b5c0b30,0x000000079d400000)
  from space 19456K, 99% used [0x000000079e980000,0x000000079fc68450,0x000000079fc80000)
  to   space 22016K, 0% used [0x000000079d400000,0x000000079d400000,0x000000079e980000)
 ParOldGen       total 73728K, used 51529K [0x0000000740000000, 0x0000000744800000, 0x0000000795580000)
  object space 73728K, 69% used [0x0000000740000000,0x0000000743252448,0x0000000744800000)
 Metaspace       used 28528K, capacity 28881K, committed 29056K, reserved 1077248K
  class space    used 2236K, capacity 2342K, committed 2432K, reserved 1048576K
GC Heap History (10 events):
Event: 6.261 GC heap before
{Heap before GC invocations=5 (full 1):
 PSYoungGen      total 38400K, used 33280K [0x0000000795580000, 0x000000079a080000, 0x00000007c0000000)
  eden space 33280K, 100% used [0x0000000795580000,0x0000000797600000,0x0000000797600000)
  from space 5120K, 0% used [0x0000000797600000,0x0000000797600000,0x0000000797b00000)
  to   space 5120K, 0% used [0x0000000799b80000,0x0000000799b80000,0x000000079a080000)
 ParOldGen       total 73728K, used 17509K [0x0000000740000000, 0x0000000744800000, 0x0000000795580000)
  object space 73728K, 23% used [0x0000000740000000,0x0000000741119628,0x0000000744800000)
 Metaspace       used 26889K, capacity 27208K, committed 27520K, reserved 1075200K
  class space    used 2224K, capacity 2310K, committed 2432K, reserved 1048576K
Event: 6.272 GC heap after
Heap after GC invocations=5 (full 1):
 PSYoungGen      total 59392K, used 5112K [0x0000000795580000, 0x000000079a080000, 0x00000007c0000000)
  eden space 54272K, 0% used [0x0000000795580000,0x0000000795580000,0x0000000798a80000)
  from space 5120K, 99% used [0x0000000799b80000,0x000000079a07e278,0x000000079a080000)
  to   space 5120K, 0% used [0x0000000799680000,0x0000000799680000,0x0000000799b80000)
 ParOldGen       total 73728K, used 19911K [0x0000000740000000, 0x0000000744800000, 0x0000000795580000)
  object space 73728K, 27% used [0x0000000740000000,0x0000000741371cb8,0x0000000744800000)
 Metaspace       used 26889K, capacity 27208K, committed 27520K, reserved 1075200K
  class space    used 2224K, capacity 2310K, committed 2432K, reserved 1048576K
}
Event: 8.701 GC heap before
{Heap before GC invocations=6 (full 1):
 PSYoungGen      total 59392K, used 59231K [0x0000000795580000, 0x000000079a080000, 0x00000007c0000000)
  eden space 54272K, 99% used [0x0000000795580000,0x0000000798a59cb8,0x0000000798a80000)
  from space 5120K, 99% used [0x0000000799b80000,0x000000079a07e278,0x000000079a080000)
  to   space 5120K, 0% used [0x0000000799680000,0x0000000799680000,0x0000000799b80000)
 ParOldGen       total 73728K, used 19911K [0x0000000740000000, 0x0000000744800000, 0x0000000795580000)
  object space 73728K, 27% used [0x0000000740000000,0x0000000741371cb8,0x0000000744800000)
 Metaspace       used 27462K, capacity 27825K, committed 28032K, reserved 1075200K
  class space    used 2227K, capacity 2310K, committed 2432K, reserved 1048576K
Event: 8.709 GC heap after
Heap after GC invocations=6 (full 1):
 PSYoungGen      total 71680K, used 5099K [0x0000000795580000, 0x000000079c600000, 0x00000007c0000000)
  eden space 66560K, 0% used [0x0000000795580000,0x0000000795580000,0x0000000799680000)
  from space 5120K, 99% used [0x0000000799680000,0x0000000799b7ae30,0x0000000799b80000)
  to   space 14848K, 0% used [0x000000079b780000,0x000000079b780000,0x000000079c600000)
 ParOldGen       total 73728K, used 24421K [0x0000000740000000, 0x0000000744800000, 0x0000000795580000)
  object space 73728K, 33% used [0x0000000740000000,0x00000007417d9608,0x0000000744800000)
 Metaspace       used 27462K, capacity 27825K, committed 28032K, reserved 1075200K
  class space    used 2227K, capacity 2310K, committed 2432K, reserved 1048576K
}
Event: 11.237 GC heap before
{Heap before GC invocations=7 (full 1):
 PSYoungGen      total 71680K, used 71659K [0x0000000795580000, 0x000000079c600000, 0x00000007c0000000)
  eden space 66560K, 100% used [0x0000000795580000,0x0000000799680000,0x0000000799680000)
  from space 5120K, 99% used [0x0000000799680000,0x0000000799b7ae30,0x0000000799b80000)
  to   space 14848K, 0% used [0x000000079b780000,0x000000079b780000,0x000000079c600000)
 ParOldGen       total 73728K, used 24421K [0x0000000740000000, 0x0000000744800000, 0x0000000795580000)
  object space 73728K, 33% used [0x0000000740000000,0x00000007417d9608,0x0000000744800000)
 Metaspace       used 27989K, capacity 28337K, committed 28544K, reserved 1075200K
  class space    used 2227K, capacity 2310K, committed 2432K, reserved 1048576K
Event: 11.264 GC heap after
Heap after GC invocations=7 (full 1):
 PSYoungGen      total 98304K, used 14636K [0x0000000795580000, 0x000000079dc00000, 0x00000007c0000000)
  eden space 83456K, 0% used [0x0000000795580000,0x0000000795580000,0x000000079a700000)
  from space 14848K, 98% used [0x000000079b780000,0x000000079c5cb070,0x000000079c600000)
  to   space 16896K, 0% used [0x000000079a700000,0x000000079a700000,0x000000079b780000)
 ParOldGen       total 73728K, used 29037K [0x0000000740000000, 0x0000000744800000, 0x0000000795580000)
  object space 73728K, 39% used [0x0000000740000000,0x0000000741c5b728,0x0000000744800000)
 Metaspace       used 27989K, capacity 28337K, committed 28544K, reserved 1075200K
  class space    used 2227K, capacity 2310K, committed 2432K, reserved 1048576K
}
Event: 13.892 GC heap before
{Heap before GC invocations=8 (full 1):
 PSYoungGen      total 98304K, used 97962K [0x0000000795580000, 0x000000079dc00000, 0x00000007c0000000)
  eden space 83456K, 99% used [0x0000000795580000,0x000000079a6dfad0,0x000000079a700000)
  from space 14848K, 98% used [0x000000079b780000,0x000000079c5cb070,0x000000079c600000)
  to   space 16896K, 0% used [0x000000079a700000,0x000000079a700000,0x000000079b780000)
 ParOldGen       total 73728K, used 29037K [0x0000000740000000, 0x0000000744800000, 0x0000000795580000)
  object space 73728K, 39% used [0x0000000740000000,0x0000000741c5b728,0x0000000744800000)
 Metaspace       used 28274K, capacity 28593K, committed 28800K, reserved 1075200K
  class space    used 2227K, capacity 2310K, committed 2432K, reserved 1048576K
Event: 13.944 GC heap after
Heap after GC invocations=8 (full 1):
 PSYoungGen      total 100352K, used 16684K [0x0000000795580000, 0x000000079fc80000, 0x00000007c0000000)
  eden space 83456K, 0% used [0x0000000795580000,0x0000000795580000,0x000000079a700000)
  from space 16896K, 98% used [0x000000079a700000,0x000000079b74b3a8,0x000000079b780000)
  to   space 19456K, 0% used [0x000000079e980000,0x000000079e980000,0x000000079fc80000)
 ParOldGen       total 73728K, used 42870K [0x0000000740000000, 0x0000000744800000, 0x0000000795580000)
  object space 73728K, 58% used [0x0000000740000000,0x00000007429dda88,0x0000000744800000)
 Metaspace       used 28274K, capacity 28593K, committed 28800K, reserved 1075200K
  class space    used 2227K, capacity 2310K, committed 2432K, reserved 1048576K
}
Event: 15.749 GC heap before
{Heap before GC invocations=9 (full 1):
 PSYoungGen      total 100352K, used 100140K [0x0000000795580000, 0x000000079fc80000, 0x00000007c0000000)
  eden space 83456K, 100% used [0x0000000795580000,0x000000079a700000,0x000000079a700000)
  from space 16896K, 98% used [0x000000079a700000,0x000000079b74b3a8,0x000000079b780000)
  to   space 19456K, 0% used [0x000000079e980000,0x000000079e980000,0x000000079fc80000)
 ParOldGen       total 73728K, used 42870K [0x0000000740000000, 0x0000000744800000, 0x0000000795580000)
  object space 73728K, 58% used [0x0000000740000000,0x00000007429dda88,0x0000000744800000)
 Metaspace       used 28361K, capacity 28657K, committed 29056K, reserved 1077248K
  class space    used 2227K, capacity 2310K, committed 2432K, reserved 1048576K
Event: 15.771 GC heap after
Heap after GC invocations=9 (full 1):
 PSYoungGen      total 148992K, used 19361K [0x0000000795580000, 0x00000007a0080000, 0x00000007c0000000)
  eden space 129536K, 0% used [0x0000000795580000,0x0000000795580000,0x000000079d400000)
  from space 19456K, 99% used [0x000000079e980000,0x000000079fc68450,0x000000079fc80000)
  to   space 22016K, 0% used [0x000000079d400000,0x000000079d400000,0x000000079e980000)
 ParOldGen       total 73728K, used 51529K [0x0000000740000000, 0x0000000744800000, 0x0000000795580000)
  object space 73728K, 69% used [0x0000000740000000,0x0000000743252448,0x0000000744800000)
 Metaspace       used 28361K, capacity 28657K, committed 29056K, reserved 1077248K
  class space    used 2227K, capacity 2310K, committed 2432K, reserved 1048576K
}

