# JRE version: Java(TM) SE Runtime Environment (8.0_131-b11) (build 1.8.0_131-b11)
# Java VM: Java HotSpot(TM) 64-Bit Server VM (25.131-b11 mixed mode bsd-amd64 compressed oops)
Heap:
 PSYoungGen      total 104448K, used 77992K [0x000000076ab00000, 0x0000000771f80000, 0x00000007c0000000)
  eden space 93696K, 71% used [0x000000076ab00000,0x000000076ecab568,0x0000000770680000)
  from space 10752K, 99% used [0x0000000771500000,0x0000000771f7ecc8,0x0000000771f80000)
  to   space 10752K, 0% used [0x0000000770a80000,0x0000000770a80000,0x0000000771500000)
 ParOldGen       total 120832K, used 18008K [0x00000006c0000000, 0x00000006c7600000, 0x000000076ab00000)
  object space 120832K, 14% used [0x00000006c0000000,0x00000006c1196060,0x00000006c7600000)
 Metaspace       used 27820K, capacity 28237K, committed 28544K, reserved 1075200K
  class space    used 2221K, capacity 2342K, committed 2432K, reserved 1048576K
GC Heap History (10 events):
Event: 2.595 GC heap before
{Heap before GC invocations=1 (full 0):
 PSYoungGen      total 76288K, used 65536K [0x000000076ab00000, 0x0000000770000000, 0x00000007c0000000)
  eden space 65536K, 100% used [0x000000076ab00000,0x000000076eb00000,0x000000076eb00000)
  from space 10752K, 0% used [0x000000076f580000,0x000000076f580000,0x0000000770000000)
  to   space 10752K, 0% used [0x000000076eb00000,0x000000076eb00000,0x000000076f580000)
 ParOldGen       total 175104K, used 0K [0x00000006c0000000, 0x00000006cab00000, 0x000000076ab00000)
  object space 175104K, 0% used [0x00000006c0000000,0x00000006c0000000,0x00000006cab00000)
 Metaspace       used 19145K, capacity 19487K, committed 19584K, reserved 1067008K
  class space    used 1968K, capacity 2084K, committed 2176K, reserved 1048576K
Event: 2.603 GC heap after
Heap after GC invocations=1 (full 0):
 PSYoungGen      total 76288K, used 10284K [0x000000076ab00000, 0x0000000770000000, 0x00000007c0000000)
  eden space 65536K, 0% used [0x000000076ab00000,0x000000076ab00000,0x000000076eb00000)
  from space 10752K, 95% used [0x000000076eb00000,0x000000076f50b020,0x000000076f580000)
  to   space 10752K, 0% used [0x000000076f580000,0x000000076f580000,0x0000000770000000)
 ParOldGen       total 175104K, used 80K [0x00000006c0000000, 0x00000006cab00000, 0x000000076ab00000)
  object space 175104K, 0% used [0x00000006c0000000,0x00000006c0014010,0x00000006cab00000)
 Metaspace       used 19145K, capacity 19487K, committed 19584K, reserved 1067008K
  class space    used 1968K, capacity 2084K, committed 2176K, reserved 1048576K
}
Event: 2.784 GC heap before
{Heap before GC invocations=2 (full 0):
 PSYoungGen      total 76288K, used 40434K [0x000000076ab00000, 0x0000000770000000, 0x00000007c0000000)
  eden space 65536K, 46% used [0x000000076ab00000,0x000000076c871bd8,0x000000076eb00000)
  from space 10752K, 95% used [0x000000076eb00000,0x000000076f50b020,0x000000076f580000)
  to   space 10752K, 0% used [0x000000076f580000,0x000000076f580000,0x0000000770000000)
 ParOldGen       total 175104K, used 80K [0x00000006c0000000, 0x00000006cab00000, 0x000000076ab00000)
  object space 175104K, 0% used [0x00000006c0000000,0x00000006c0014010,0x00000006cab00000)
 Metaspace       used 20911K, capacity 21236K, committed 21296K, reserved 1069056K
  class space    used 2044K, capacity 2148K, committed 2176K, reserved 1048576K
Event: 2.792 GC heap after
Heap after GC invocations=2 (full 0):
 PSYoungGen      total 76288K, used 10733K [0x000000076ab00000, 0x0000000774000000, 0x00000007c0000000)
  eden space 65536K, 0% used [0x000000076ab00000,0x000000076ab00000,0x000000076eb00000)
  from space 10752K, 99% used [0x000000076f580000,0x000000076fffb4b0,0x0000000770000000)
  to   space 10752K, 0% used [0x000000076eb00000,0x000000076eb00000,0x000000076f580000)
 ParOldGen       total 175104K, used 6959K [0x00000006c0000000, 0x00000006cab00000, 0x000000076ab00000)
  object space 175104K, 3% used [0x00000006c0000000,0x00000006c06cbc30,0x00000006cab00000)
 Metaspace       used 20911K, capacity 21236K, committed 21296K, reserved 1069056K
  class space    used 2044K, capacity 2148K, committed 2176K, reserved 1048576K
}
Event: 2.792 GC heap before
{Heap before GC invocations=3 (full 1):
 PSYoungGen      total 76288K, used 10733K [0x000000076ab00000, 0x0000000774000000, 0x00000007c0000000)
  eden space 65536K, 0% used [0x000000076ab00000,0x000000076ab00000,0x000000076eb00000)
  from space 10752K, 99% used [0x000000076f580000,0x000000076fffb4b0,0x0000000770000000)
  to   space 10752K, 0% used [0x000000076eb00000,0x000000076eb00000,0x000000076f580000)
 ParOldGen       total 175104K, used 6959K [0x00000006c0000000, 0x00000006cab00000, 0x000000076ab00000)
  object space 175104K, 3% used [0x00000006c0000000,0x00000006c06cbc30,0x00000006cab00000)
 Metaspace       used 20911K, capacity 21236K, committed 21296K, reserved 1069056K
  class space    used 2044K, capacity 2148K, committed 2176K, reserved 1048576K
Event: 2.843 GC heap after
Heap after GC invocations=3 (full 1):
 PSYoungGen      total 76288K, used 0K [0x000000076ab00000, 0x0000000774000000, 0x00000007c0000000)
  eden space 65536K, 0% used [0x000000076ab00000,0x000000076ab00000,0x000000076eb00000)
  from space 10752K, 0% used [0x000000076f580000,0x000000076f580000,0x0000000770000000)
  to   space 10752K, 0% used [0x000000076eb00000,0x000000076eb00000,0x000000076f580000)
 ParOldGen       total 120832K, used 17599K [0x00000006c0000000, 0x00000006c7600000, 0x000000076ab00000)
  object space 120832K, 14% used [0x00000006c0000000,0x00000006c112fce8,0x00000006c7600000)
 Metaspace       used 20911K, capacity 21236K, committed 21296K, reserved 1069056K
  class space    used 2044K, capacity 2148K, committed 2176K, reserved 1048576K
}
Event: 4.820 GC heap before
{Heap before GC invocations=4 (full 1):
 PSYoungGen      total 76288K, used 65536K [0x000000076ab00000, 0x0000000774000000, 0x00000007c0000000)
  eden space 65536K, 100% used [0x000000076ab00000,0x000000076eb00000,0x000000076eb00000)
  from space 10752K, 0% used [0x000000076f580000,0x000000076f580000,0x0000000770000000)
  to   space 10752K, 0% used [0x000000076eb00000,0x000000076eb00000,0x000000076f580000)
 ParOldGen       total 120832K, used 17599K [0x00000006c0000000, 0x00000006c7600000, 0x000000076ab00000)
  object space 120832K, 14% used [0x00000006c0000000,0x00000006c112fce8,0x00000006c7600000)
 Metaspace       used 27172K, capacity 27501K, committed 27776K, reserved 1075200K
  class space    used 2198K, capacity 2310K, committed 2432K, reserved 1048576K
Event: 4.830 GC heap after
Heap after GC invocations=4 (full 1):
 PSYoungGen      total 76288K, used 10735K [0x000000076ab00000, 0x0000000771f80000, 0x00000007c0000000)
  eden space 65536K, 0% used [0x000000076ab00000,0x000000076ab00000,0x000000076eb00000)
  from space 10752K, 99% used [0x000000076eb00000,0x000000076f57bde8,0x000000076f580000)
  to   space 10752K, 0% used [0x0000000771500000,0x0000000771500000,0x0000000771f80000)
 ParOldGen       total 120832K, used 17647K [0x00000006c0000000, 0x00000006c7600000, 0x000000076ab00000)
  object space 120832K, 14% used [0x00000006c0000000,0x00000006c113bf50,0x00000006c7600000)
 Metaspace       used 27172K, capacity 27501K, committed 27776K, reserved 1075200K
  class space    used 2198K, capacity 2310K, committed 2432K, reserved 1048576K
}
Event: 12.764 GC heap before
{Heap before GC invocations=5 (full 1):
 PSYoungGen      total 76288K, used 76271K [0x000000076ab00000, 0x0000000771f80000, 0x00000007c0000000)
  eden space 65536K, 100% used [0x000000076ab00000,0x000000076eb00000,0x000000076eb00000)
  from space 10752K, 99% used [0x000000076eb00000,0x000000076f57bde8,0x000000076f580000)
  to   space 10752K, 0% used [0x0000000771500000,0x0000000771500000,0x0000000771f80000)
 ParOldGen       total 120832K, used 17647K [0x00000006c0000000, 0x00000006c7600000, 0x000000076ab00000)
  object space 120832K, 14% used [0x00000006c0000000,0x00000006c113bf50,0x00000006c7600000)
 Metaspace       used 27743K, capacity 28109K, committed 28288K, reserved 1075200K
  class space    used 2215K, capacity 2342K, committed 2432K, reserved 1048576K
Event: 12.774 GC heap after
Heap after GC invocations=5 (full 1):
 PSYoungGen      total 104448K, used 10747K [0x000000076ab00000, 0x0000000771f80000, 0x00000007c0000000)
  eden space 93696K, 0% used [0x000000076ab00000,0x000000076ab00000,0x0000000770680000)
  from space 10752K, 99% used [0x0000000771500000,0x0000000771f7ecc8,0x0000000771f80000)
  to   space 10752K, 0% used [0x0000000770a80000,0x0000000770a80000,0x0000000771500000)
 ParOldGen       total 120832K, used 18008K [0x00000006c0000000, 0x00000006c7600000, 0x000000076ab00000)
  object space 120832K, 14% used [0x00000006c0000000,0x00000006c1196060,0x00000006c7600000)
 Metaspace       used 27743K, capacity 28109K, committed 28288K, reserved 1075200K
  class space    used 2215K, capacity 2342K, committed 2432K, reserved 1048576K
}

