# JRE version: Java(TM) SE Runtime Environment (8.0_131-b11) (build 1.8.0_131-b11)
# Java VM: Java HotSpot(TM) 64-Bit Server VM (25.131-b11 mixed mode bsd-amd64 compressed oops)
Heap:
 PSYoungGen      total 111616K, used 101854K [0x000000076ab00000, 0x0000000775080000, 0x00000007c0000000)
  eden space 100864K, 90% used [0x000000076ab00000,0x00000007703f9420,0x0000000770d80000)
  from space 10752K, 99% used [0x0000000770d80000,0x00000007717fe590,0x0000000771800000)
  to   space 16896K, 0% used [0x0000000774000000,0x0000000774000000,0x0000000775080000)
 ParOldGen       total 117248K, used 17869K [0x00000006c0000000, 0x00000006c7280000, 0x000000076ab00000)
  object space 117248K, 15% used [0x00000006c0000000,0x00000006c1173550,0x00000006c7280000)
 Metaspace       used 27626K, capacity 27981K, committed 28288K, reserved 1075200K
  class space    used 2211K, capacity 2342K, committed 2432K, reserved 1048576K
GC Heap History (10 events):
Event: 3.225 GC heap before
{Heap before GC invocations=2 (full 0):
 PSYoungGen      total 76288K, used 38191K [0x000000076ab00000, 0x0000000770000000, 0x00000007c0000000)
  eden space 65536K, 44% used [0x000000076ab00000,0x000000076c78ed00,0x000000076eb00000)
  from space 10752K, 83% used [0x000000076eb00000,0x000000076f3bd138,0x000000076f580000)
  to   space 10752K, 0% used [0x000000076f580000,0x000000076f580000,0x0000000770000000)
 ParOldGen       total 175104K, used 80K [0x00000006c0000000, 0x00000006cab00000, 0x000000076ab00000)
  object space 175104K, 0% used [0x00000006c0000000,0x00000006c0014010,0x00000006cab00000)
 Metaspace       used 20957K, capacity 21236K, committed 21296K, reserved 1069056K
  class space    used 2048K, capacity 2148K, committed 2176K, reserved 1048576K
Event: 3.242 GC heap after
Heap after GC invocations=2 (full 0):
 PSYoungGen      total 76288K, used 10749K [0x000000076ab00000, 0x0000000774000000, 0x00000007c0000000)
  eden space 65536K, 0% used [0x000000076ab00000,0x000000076ab00000,0x000000076eb00000)
  from space 10752K, 99% used [0x000000076f580000,0x000000076ffff4f0,0x0000000770000000)
  to   space 10752K, 0% used [0x000000076eb00000,0x000000076eb00000,0x000000076f580000)
 ParOldGen       total 175104K, used 6944K [0x00000006c0000000, 0x00000006cab00000, 0x000000076ab00000)
  object space 175104K, 3% used [0x00000006c0000000,0x00000006c06c82c8,0x00000006cab00000)
 Metaspace       used 20957K, capacity 21236K, committed 21296K, reserved 1069056K
  class space    used 2048K, capacity 2148K, committed 2176K, reserved 1048576K
}
Event: 3.242 GC heap before
{Heap before GC invocations=3 (full 1):
 PSYoungGen      total 76288K, used 10749K [0x000000076ab00000, 0x0000000774000000, 0x00000007c0000000)
  eden space 65536K, 0% used [0x000000076ab00000,0x000000076ab00000,0x000000076eb00000)
  from space 10752K, 99% used [0x000000076f580000,0x000000076ffff4f0,0x0000000770000000)
  to   space 10752K, 0% used [0x000000076eb00000,0x000000076eb00000,0x000000076f580000)
 ParOldGen       total 175104K, used 6944K [0x00000006c0000000, 0x00000006cab00000, 0x000000076ab00000)
  object space 175104K, 3% used [0x00000006c0000000,0x00000006c06c82c8,0x00000006cab00000)
 Metaspace       used 20957K, capacity 21236K, committed 21296K, reserved 1069056K
  class space    used 2048K, capacity 2148K, committed 2176K, reserved 1048576K
Event: 3.314 GC heap after
Heap after GC invocations=3 (full 1):
 PSYoungGen      total 76288K, used 0K [0x000000076ab00000, 0x0000000774000000, 0x00000007c0000000)
  eden space 65536K, 0% used [0x000000076ab00000,0x000000076ab00000,0x000000076eb00000)
  from space 10752K, 0% used [0x000000076f580000,0x000000076f580000,0x0000000770000000)
  to   space 10752K, 0% used [0x000000076eb00000,0x000000076eb00000,0x000000076f580000)
 ParOldGen       total 117248K, used 17592K [0x00000006c0000000, 0x00000006c7280000, 0x000000076ab00000)
  object space 117248K, 15% used [0x00000006c0000000,0x00000006c112e180,0x00000006c7280000)
 Metaspace       used 20957K, capacity 21236K, committed 21296K, reserved 1069056K
  class space    used 2048K, capacity 2148K, committed 2176K, reserved 1048576K
}
Event: 6.349 GC heap before
{Heap before GC invocations=4 (full 1):
 PSYoungGen      total 76288K, used 65536K [0x000000076ab00000, 0x0000000774000000, 0x00000007c0000000)
  eden space 65536K, 100% used [0x000000076ab00000,0x000000076eb00000,0x000000076eb00000)
  from space 10752K, 0% used [0x000000076f580000,0x000000076f580000,0x0000000770000000)
  to   space 10752K, 0% used [0x000000076eb00000,0x000000076eb00000,0x000000076f580000)
 ParOldGen       total 117248K, used 17592K [0x00000006c0000000, 0x00000006c7280000, 0x000000076ab00000)
  object space 117248K, 15% used [0x00000006c0000000,0x00000006c112e180,0x00000006c7280000)
 Metaspace       used 27199K, capacity 27565K, committed 27776K, reserved 1075200K
  class space    used 2203K, capacity 2310K, committed 2432K, reserved 1048576K
Event: 6.360 GC heap after
Heap after GC invocations=4 (full 1):
 PSYoungGen      total 76288K, used 9046K [0x000000076ab00000, 0x0000000772280000, 0x00000007c0000000)
  eden space 65536K, 0% used [0x000000076ab00000,0x000000076ab00000,0x000000076eb00000)
  from space 10752K, 84% used [0x000000076eb00000,0x000000076f3d5868,0x000000076f580000)
  to   space 10752K, 0% used [0x0000000771800000,0x0000000771800000,0x0000000772280000)
 ParOldGen       total 117248K, used 17600K [0x00000006c0000000, 0x00000006c7280000, 0x000000076ab00000)
  object space 117248K, 15% used [0x00000006c0000000,0x00000006c1130180,0x00000006c7280000)
 Metaspace       used 27199K, capacity 27565K, committed 27776K, reserved 1075200K
  class space    used 2203K, capacity 2310K, committed 2432K, reserved 1048576K
}
Event: 12.395 GC heap before
{Heap before GC invocations=5 (full 1):
 PSYoungGen      total 76288K, used 74582K [0x000000076ab00000, 0x0000000772280000, 0x00000007c0000000)
  eden space 65536K, 100% used [0x000000076ab00000,0x000000076eb00000,0x000000076eb00000)
  from space 10752K, 84% used [0x000000076eb00000,0x000000076f3d5868,0x000000076f580000)
  to   space 10752K, 0% used [0x0000000771800000,0x0000000771800000,0x0000000772280000)
 ParOldGen       total 117248K, used 17600K [0x00000006c0000000, 0x00000006c7280000, 0x000000076ab00000)
  object space 117248K, 15% used [0x00000006c0000000,0x00000006c1130180,0x00000006c7280000)
 Metaspace       used 27585K, capacity 27949K, committed 28288K, reserved 1075200K
  class space    used 2204K, capacity 2310K, committed 2432K, reserved 1048576K
Event: 12.404 GC heap after
Heap after GC invocations=5 (full 1):
 PSYoungGen      total 107520K, used 10730K [0x000000076ab00000, 0x0000000772280000, 0x00000007c0000000)
  eden space 96768K, 0% used [0x000000076ab00000,0x000000076ab00000,0x0000000770980000)
  from space 10752K, 99% used [0x0000000771800000,0x000000077227ab68,0x0000000772280000)
  to   space 10752K, 0% used [0x0000000770d80000,0x0000000770d80000,0x0000000771800000)
 ParOldGen       total 117248K, used 17801K [0x00000006c0000000, 0x00000006c7280000, 0x000000076ab00000)
  object space 117248K, 15% used [0x00000006c0000000,0x00000006c1162460,0x00000006c7280000)
 Metaspace       used 27585K, capacity 27949K, committed 28288K, reserved 1075200K
  class space    used 2204K, capacity 2310K, committed 2432K, reserved 1048576K
}
Event: 25.029 GC heap before
{Heap before GC invocations=6 (full 1):
 PSYoungGen      total 107520K, used 107498K [0x000000076ab00000, 0x0000000772280000, 0x00000007c0000000)
  eden space 96768K, 100% used [0x000000076ab00000,0x0000000770980000,0x0000000770980000)
  from space 10752K, 99% used [0x0000000771800000,0x000000077227ab68,0x0000000772280000)
  to   space 10752K, 0% used [0x0000000770d80000,0x0000000770d80000,0x0000000771800000)
 ParOldGen       total 117248K, used 17801K [0x00000006c0000000, 0x00000006c7280000, 0x000000076ab00000)
  object space 117248K, 15% used [0x00000006c0000000,0x00000006c1162460,0x00000006c7280000)
 Metaspace       used 27591K, capacity 27949K, committed 28288K, reserved 1075200K
  class space    used 2204K, capacity 2310K, committed 2432K, reserved 1048576K
Event: 25.038 GC heap after
Heap after GC invocations=6 (full 1):
 PSYoungGen      total 111616K, used 10745K [0x000000076ab00000, 0x0000000775080000, 0x00000007c0000000)
  eden space 100864K, 0% used [0x000000076ab00000,0x000000076ab00000,0x0000000770d80000)
  from space 10752K, 99% used [0x0000000770d80000,0x00000007717fe590,0x0000000771800000)
  to   space 16896K, 0% used [0x0000000774000000,0x0000000774000000,0x0000000775080000)
 ParOldGen       total 117248K, used 17869K [0x00000006c0000000, 0x00000006c7280000, 0x000000076ab00000)
  object space 117248K, 15% used [0x00000006c0000000,0x00000006c1173550,0x00000006c7280000)
 Metaspace       used 27591K, capacity 27949K, committed 28288K, reserved 1075200K
  class space    used 2204K, capacity 2310K, committed 2432K, reserved 1048576K
}

