# JRE version: Java(TM) SE Runtime Environment (8.0_131-b11) (build 1.8.0_131-b11)
# Java VM: Java HotSpot(TM) 64-Bit Server VM (25.131-b11 mixed mode bsd-amd64 compressed oops)
Heap:
 PSYoungGen      total 76288K, used 16665K [0x000000076ab00000, 0x0000000770900000, 0x00000007c0000000)
  eden space 65536K, 9% used [0x000000076ab00000,0x000000076b0cba50,0x000000076eb00000)
  from space 10752K, 99% used [0x000000076eb00000,0x000000076f57ab68,0x000000076f580000)
  to   space 10752K, 0% used [0x000000076fe80000,0x000000076fe80000,0x0000000770900000)
 ParOldGen       total 139776K, used 15732K [0x00000006c0000000, 0x00000006c8880000, 0x000000076ab00000)
  object space 139776K, 11% used [0x00000006c0000000,0x00000006c0f5d1c8,0x00000006c8880000)
 Metaspace       used 26962K, capacity 27325K, committed 27648K, reserved 1075200K
  class space    used 2171K, capacity 2276K, committed 2304K, reserved 1048576K
GC Heap History (8 events):
Event: 2.470 GC heap before
{Heap before GC invocations=1 (full 0):
 PSYoungGen      total 76288K, used 65536K [0x000000076ab00000, 0x0000000770000000, 0x00000007c0000000)
  eden space 65536K, 100% used [0x000000076ab00000,0x000000076eb00000,0x000000076eb00000)
  from space 10752K, 0% used [0x000000076f580000,0x000000076f580000,0x0000000770000000)
  to   space 10752K, 0% used [0x000000076eb00000,0x000000076eb00000,0x000000076f580000)
 ParOldGen       total 175104K, used 0K [0x00000006c0000000, 0x00000006cab00000, 0x000000076ab00000)
  object space 175104K, 0% used [0x00000006c0000000,0x00000006c0000000,0x00000006cab00000)
 Metaspace       used 19382K, capacity 19691K, committed 19840K, reserved 1067008K
  class space    used 1996K, capacity 2114K, committed 2176K, reserved 1048576K
Event: 2.483 GC heap after
Heap after GC invocations=1 (full 0):
 PSYoungGen      total 76288K, used 10725K [0x000000076ab00000, 0x0000000770000000, 0x00000007c0000000)
  eden space 65536K, 0% used [0x000000076ab00000,0x000000076ab00000,0x000000076eb00000)
  from space 10752K, 99% used [0x000000076eb00000,0x000000076f579560,0x000000076f580000)
  to   space 10752K, 0% used [0x000000076f580000,0x000000076f580000,0x0000000770000000)
 ParOldGen       total 175104K, used 2894K [0x00000006c0000000, 0x00000006cab00000, 0x000000076ab00000)
  object space 175104K, 1% used [0x00000006c0000000,0x00000006c02d3a18,0x00000006cab00000)
 Metaspace       used 19382K, capacity 19691K, committed 19840K, reserved 1067008K
  class space    used 1996K, capacity 2114K, committed 2176K, reserved 1048576K
}
Event: 2.947 GC heap before
{Heap before GC invocations=2 (full 0):
 PSYoungGen      total 76288K, used 32916K [0x000000076ab00000, 0x0000000770000000, 0x00000007c0000000)
  eden space 65536K, 33% used [0x000000076ab00000,0x000000076c0abc10,0x000000076eb00000)
  from space 10752K, 99% used [0x000000076eb00000,0x000000076f579560,0x000000076f580000)
  to   space 10752K, 0% used [0x000000076f580000,0x000000076f580000,0x0000000770000000)
 ParOldGen       total 175104K, used 2894K [0x00000006c0000000, 0x00000006cab00000, 0x000000076ab00000)
  object space 175104K, 1% used [0x00000006c0000000,0x00000006c02d3a18,0x00000006cab00000)
 Metaspace       used 20884K, capacity 21190K, committed 21296K, reserved 1069056K
  class space    used 2025K, capacity 2115K, committed 2176K, reserved 1048576K
Event: 2.962 GC heap after
Heap after GC invocations=2 (full 0):
 PSYoungGen      total 76288K, used 10738K [0x000000076ab00000, 0x0000000774000000, 0x00000007c0000000)
  eden space 65536K, 0% used [0x000000076ab00000,0x000000076ab00000,0x000000076eb00000)
  from space 10752K, 99% used [0x000000076f580000,0x000000076fffcb20,0x0000000770000000)
  to   space 10752K, 0% used [0x000000076eb00000,0x000000076eb00000,0x000000076f580000)
 ParOldGen       total 175104K, used 7542K [0x00000006c0000000, 0x00000006cab00000, 0x000000076ab00000)
  object space 175104K, 4% used [0x00000006c0000000,0x00000006c075daa0,0x00000006cab00000)
 Metaspace       used 20884K, capacity 21190K, committed 21296K, reserved 1069056K
  class space    used 2025K, capacity 2115K, committed 2176K, reserved 1048576K
}
Event: 2.962 GC heap before
{Heap before GC invocations=3 (full 1):
 PSYoungGen      total 76288K, used 10738K [0x000000076ab00000, 0x0000000774000000, 0x00000007c0000000)
  eden space 65536K, 0% used [0x000000076ab00000,0x000000076ab00000,0x000000076eb00000)
  from space 10752K, 99% used [0x000000076f580000,0x000000076fffcb20,0x0000000770000000)
  to   space 10752K, 0% used [0x000000076eb00000,0x000000076eb00000,0x000000076f580000)
 ParOldGen       total 175104K, used 7542K [0x00000006c0000000, 0x00000006cab00000, 0x000000076ab00000)
  object space 175104K, 4% used [0x00000006c0000000,0x00000006c075daa0,0x00000006cab00000)
 Metaspace       used 20884K, capacity 21190K, committed 21296K, reserved 1069056K
  class space    used 2025K, capacity 2115K, committed 2176K, reserved 1048576K
Event: 3.206 GC heap after
Heap after GC invocations=3 (full 1):
 PSYoungGen      total 76288K, used 0K [0x000000076ab00000, 0x0000000774000000, 0x00000007c0000000)
  eden space 65536K, 0% used [0x000000076ab00000,0x000000076ab00000,0x000000076eb00000)
  from space 10752K, 0% used [0x000000076f580000,0x000000076f580000,0x0000000770000000)
  to   space 10752K, 0% used [0x000000076eb00000,0x000000076eb00000,0x000000076f580000)
 ParOldGen       total 139776K, used 15444K [0x00000006c0000000, 0x00000006c8880000, 0x000000076ab00000)
  object space 139776K, 11% used [0x00000006c0000000,0x00000006c0f153d0,0x00000006c8880000)
 Metaspace       used 20884K, capacity 21190K, committed 21296K, reserved 1069056K
  class space    used 2025K, capacity 2115K, committed 2176K, reserved 1048576K
}
Event: 8.079 GC heap before
{Heap before GC invocations=4 (full 1):
 PSYoungGen      total 76288K, used 65536K [0x000000076ab00000, 0x0000000774000000, 0x00000007c0000000)
  eden space 65536K, 100% used [0x000000076ab00000,0x000000076eb00000,0x000000076eb00000)
  from space 10752K, 0% used [0x000000076f580000,0x000000076f580000,0x0000000770000000)
  to   space 10752K, 0% used [0x000000076eb00000,0x000000076eb00000,0x000000076f580000)
 ParOldGen       total 139776K, used 15444K [0x00000006c0000000, 0x00000006c8880000, 0x000000076ab00000)
  object space 139776K, 11% used [0x00000006c0000000,0x00000006c0f153d0,0x00000006c8880000)
 Metaspace       used 26924K, capacity 27325K, committed 27648K, reserved 1075200K
  class space    used 2163K, capacity 2276K, committed 2304K, reserved 1048576K
Event: 8.083 GC heap after
Heap after GC invocations=4 (full 1):
 PSYoungGen      total 76288K, used 10730K [0x000000076ab00000, 0x0000000770900000, 0x00000007c0000000)
  eden space 65536K, 0% used [0x000000076ab00000,0x000000076ab00000,0x000000076eb00000)
  from space 10752K, 99% used [0x000000076eb00000,0x000000076f57ab68,0x000000076f580000)
  to   space 10752K, 0% used [0x000000076fe80000,0x000000076fe80000,0x0000000770900000)
 ParOldGen       total 139776K, used 15732K [0x00000006c0000000, 0x00000006c8880000, 0x000000076ab00000)
  object space 139776K, 11% used [0x00000006c0000000,0x00000006c0f5d1c8,0x00000006c8880000)
 Metaspace       used 26924K, capacity 27325K, committed 27648K, reserved 1075200K
  class space    used 2163K, capacity 2276K, committed 2304K, reserved 1048576K
}

